<?xml version="1.0" encoding="UTF-8"?>
<!-- Generated by org.testng.reporters.JUnitXMLReporter -->
<testsuite ignored="1" hostname="DESKTOP-TTB3E54" failures="0" tests="1" name="Default test" time="15.885" errors="0" timestamp="2021-07-27T02:11:05 EDT">
  <testcase classname="Testcases.New_ContactTest" name="verifyincompletedetails" time="4.195"/>
  <testcase classname="Testcases.New_ContactTest" name="fillalldetails" time="0.0">
    <ignored/>
  </testcase> <!-- fillalldetails -->
</testsuite> <!-- Default test -->
