<?xml version="1.0" encoding="UTF-8"?>
<!-- Generated by org.testng.reporters.JUnitXMLReporter -->
<testsuite ignored="0" hostname="DESKTOP-TTB3E54" failures="6" tests="13" name="Test" time="1731.816" errors="0" timestamp="2021-10-19T10:36:53 EDT">
  <testcase classname="Testcases.NewTest" name="@BeforeMethod beforeMethod" time="106.951">
    <failure type="java.lang.StackOverflowError">
      <![CDATA[java.lang.StackOverflowError
at java.base/java.security.AccessController.doPrivileged(Native Method)
at java.base/java.util.ResourceBundle.getLoader(ResourceBundle.java:584)
at java.base/java.util.ResourceBundle.getBundleImpl(ResourceBundle.java:1581)
at java.base/java.util.ResourceBundle.getBundleImpl(ResourceBundle.java:1556)
at java.base/java.util.ResourceBundle.getBundle(ResourceBundle.java:932)
at java.xml/jdk.xml.internal.SecuritySupport.lambda$getResourceBundle$5(SecuritySupport.java:269)
at java.base/java.security.AccessController.doPrivileged(Native Method)
at java.xml/jdk.xml.internal.SecuritySupport.getResourceBundle(SecuritySupport.java:267)
at java.xml/com.sun.org.apache.xerces.internal.util.SAXMessageFormatter.formatMessage(SAXMessageFormatter.java:59)
at java.xml/com.sun.org.apache.xerces.internal.parsers.AbstractSAXParser.getProperty(AbstractSAXParser.java:2068)
at java.xml/com.sun.org.apache.xerces.internal.jaxp.SAXParserImpl$JAXPSAXParser.setProperty(SAXParserImpl.java:571)
at org.dom4j.io.SAXHelper.setParserProperty(SAXHelper.java:35)
at org.dom4j.io.SAXReader.configureReader(SAXReader.java:621)
at org.dom4j.io.SAXReader.read(SAXReader.java:321)
at org.dom4j.io.SAXReader.read(SAXReader.java:246)
at org.apache.poi.openxml4j.opc.PackageRelationshipCollection.parseRelationshipsPart(PackageRelationshipCollection.java:305)
at org.apache.poi.openxml4j.opc.PackageRelationshipCollection.<init>(PackageRelationshipCollection.java:156)
at org.apache.poi.openxml4j.opc.PackageRelationshipCollection.<init>(PackageRelationshipCollection.java:124)
at org.apache.poi.openxml4j.opc.PackagePart.loadRelationships(PackagePart.java:527)
at org.apache.poi.openxml4j.opc.PackagePart.<init>(PackagePart.java:112)
at org.apache.poi.openxml4j.opc.PackagePart.<init>(PackagePart.java:83)
at org.apache.poi.openxml4j.opc.PackagePart.<init>(PackagePart.java:128)
at org.apache.poi.openxml4j.opc.ZipPackagePart.<init>(ZipPackagePart.java:78)
at org.apache.poi.openxml4j.opc.ZipPackage.getPartsImpl(ZipPackage.java:187)
at org.apache.poi.openxml4j.opc.OPCPackage.getParts(OPCPackage.java:585)
at org.apache.poi.openxml4j.opc.OPCPackage.open(OPCPackage.java:201)
at org.apache.poi.openxml4j.opc.OPCPackage.open(OPCPackage.java:178)
at org.apache.poi.util.PackageHelper.open(PackageHelper.java:53)
at org.apache.poi.xssf.usermodel.XSSFWorkbook.<init>(XSSFWorkbook.java:176)
at Utilities.Xls_Reader.<init>(Xls_Reader.java:32)
at Base.TestBase.<init>(TestBase.java:32)
at Pages.ContactPage.<init>(ContactPage.java:37)
at Pages.ContactPage.<init>(ContactPage.java:14)
at Pages.ContactPage.<init>(ContactPage.java:14)
at Pages.ContactPage.<init>(ContactPage.java:14)
at Pages.ContactPage.<init>(ContactPage.java:14)
at Pages.ContactPage.<init>(ContactPage.java:14)
at Pages.ContactPage.<init>(ContactPage.java:14)
at Pages.ContactPage.<init>(ContactPage.java:14)
at Pages.ContactPage.<init>(ContactPage.java:14)
at Pages.ContactPage.<init>(ContactPage.java:14)
at Pages.ContactPage.<init>(ContactPage.java:14)
at Pages.ContactPage.<init>(ContactPage.java:14)
at Pages.ContactPage.<init>(ContactPage.java:14)
at Pages.ContactPage.<init>(ContactPage.java:14)
at Pages.ContactPage.<init>(ContactPage.java:14)
at Pages.ContactPage.<init>(ContactPage.java:14)
at Pages.ContactPage.<init>(ContactPage.java:14)
at Pages.ContactPage.<init>(ContactPage.java:14)
at Pages.ContactPage.<init>(ContactPage.java:14)
at Pages.ContactPage.<init>(ContactPage.java:14)
at Pages.ContactPage.<init>(ContactPage.java:14)
at Pages.ContactPage.<init>(ContactPage.java:14)
at Pages.ContactPage.<init>(ContactPage.java:14)
at Pages.ContactPage.<init>(ContactPage.java:14)
at Pages.ContactPage.<init>(ContactPage.java:14)
at Pages.ContactPage.<init>(ContactPage.java:14)
at Pages.ContactPage.<init>(ContactPage.java:14)
at Pages.ContactPage.<init>(ContactPage.java:14)
at Pages.ContactPage.<init>(ContactPage.java:14)
at Pages.ContactPage.<init>(ContactPage.java:14)
at Pages.ContactPage.<init>(ContactPage.java:14)
at Pages.ContactPage.<init>(ContactPage.java:14)
at Pages.ContactPage.<init>(ContactPage.java:14)
at Pages.ContactPage.<init>(ContactPage.java:14)
at Pages.ContactPage.<init>(ContactPage.java:14)
at Pages.ContactPage.<init>(ContactPage.java:14)
at Pages.ContactPage.<init>(ContactPage.java:14)
at Pages.ContactPage.<init>(ContactPage.java:14)
at Pages.ContactPage.<init>(ContactPage.java:14)
at Pages.ContactPage.<init>(ContactPage.java:14)
at Pages.ContactPage.<init>(ContactPage.java:14)
at Pages.ContactPage.<init>(ContactPage.java:14)
at Pages.ContactPage.<init>(ContactPage.java:14)
at Pages.ContactPage.<init>(ContactPage.java:14)
at Pages.ContactPage.<init>(ContactPage.java:14)
at Pages.ContactPage.<init>(ContactPage.java:14)
at Pages.ContactPage.<init>(ContactPage.java:14)
at Pages.ContactPage.<init>(ContactPage.java:14)
at Pages.ContactPage.<init>(ContactPage.java:14)
at Pages.ContactPage.<init>(ContactPage.java:14)
at Pages.ContactPage.<init>(ContactPage.java:14)
at Pages.ContactPage.<init>(ContactPage.java:14)
at Pages.ContactPage.<init>(ContactPage.java:14)
at Pages.ContactPage.<init>(ContactPage.java:14)
at Pages.ContactPage.<init>(ContactPage.java:14)
at Pages.ContactPage.<init>(ContactPage.java:14)
at Pages.ContactPage.<init>(ContactPage.java:14)
at Pages.ContactPage.<init>(ContactPage.java:14)
at Pages.ContactPage.<init>(ContactPage.java:14)
at Pages.ContactPage.<init>(ContactPage.java:14)
at Pages.ContactPage.<init>(ContactPage.java:14)
at Pages.ContactPage.<init>(ContactPage.java:14)
at Pages.ContactPage.<init>(ContactPage.java:14)
at Pages.ContactPage.<init>(ContactPage.java:14)
at Pages.ContactPage.<init>(ContactPage.java:14)
at Pages.ContactPage.<init>(ContactPage.java:14)
at Pages.ContactPage.<init>(ContactPage.java:14)
at Pages.ContactPage.<init>(ContactPage.java:14)
at Pages.ContactPage.<init>(ContactPage.java:14)
at Pages.ContactPage.<init>(ContactPage.java:14)
at Pages.ContactPage.<init>(ContactPage.java:14)
at Pages.ContactPage.<init>(ContactPage.java:14)
at Pages.ContactPage.<init>(ContactPage.java:14)
at Pages.ContactPage.<init>(ContactPage.java:14)
at Pages.ContactPage.<init>(ContactPage.java:14)
at Pages.ContactPage.<init>(ContactPage.java:14)
at Pages.ContactPage.<init>(ContactPage.java:14)
at Pages.ContactPage.<init>(ContactPage.java:14)
at Pages.ContactPage.<init>(ContactPage.java:14)
at Pages.ContactPage.<init>(ContactPage.java:14)
at Pages.ContactPage.<init>(ContactPage.java:14)
at Pages.ContactPage.<init>(ContactPage.java:14)
at Pages.ContactPage.<init>(ContactPage.java:14)
at Pages.ContactPage.<init>(ContactPage.java:14)
at Pages.ContactPage.<init>(ContactPage.java:14)
at Pages.ContactPage.<init>(ContactPage.java:14)
at Pages.ContactPage.<init>(ContactPage.java:14)
at Pages.ContactPage.<init>(ContactPage.java:14)
at Pages.ContactPage.<init>(ContactPage.java:14)
at Pages.ContactPage.<init>(ContactPage.java:14)
at Pages.ContactPage.<init>(ContactPage.java:14)
at Pages.ContactPage.<init>(ContactPage.java:14)
at Pages.ContactPage.<init>(ContactPage.java:14)
at Pages.ContactPage.<init>(ContactPage.java:14)
at Pages.ContactPage.<init>(ContactPage.java:14)
at Pages.ContactPage.<init>(ContactPage.java:14)
at Pages.ContactPage.<init>(ContactPage.java:14)
at Pages.ContactPage.<init>(ContactPage.java:14)
at Pages.ContactPage.<init>(ContactPage.java:14)
at Pages.ContactPage.<init>(ContactPage.java:14)
at Pages.ContactPage.<init>(ContactPage.java:14)
at Pages.ContactPage.<init>(ContactPage.java:14)
at Pages.ContactPage.<init>(ContactPage.java:14)
at Pages.ContactPage.<init>(ContactPage.java:14)
at Pages.ContactPage.<init>(ContactPage.java:14)
at Pages.ContactPage.<init>(ContactPage.java:14)
at Pages.ContactPage.<init>(ContactPage.java:14)
at Pages.ContactPage.<init>(ContactPage.java:14)
at Pages.ContactPage.<init>(ContactPage.java:14)
at Pages.ContactPage.<init>(ContactPage.java:14)
at Pages.ContactPage.<init>(ContactPage.java:14)
at Pages.ContactPage.<init>(ContactPage.java:14)
at Pages.ContactPage.<init>(ContactPage.java:14)
at Pages.ContactPage.<init>(ContactPage.java:14)
at Pages.ContactPage.<init>(ContactPage.java:14)
at Pages.ContactPage.<init>(ContactPage.java:14)
at Pages.ContactPage.<init>(ContactPage.java:14)
at Pages.ContactPage.<init>(ContactPage.java:14)
at Pages.ContactPage.<init>(ContactPage.java:14)
at Pages.ContactPage.<init>(ContactPage.java:14)
at Pages.ContactPage.<init>(ContactPage.java:14)
at Pages.ContactPage.<init>(ContactPage.java:14)
at Pages.ContactPage.<init>(ContactPage.java:14)
at Pages.ContactPage.<init>(ContactPage.java:14)
at Pages.ContactPage.<init>(ContactPage.java:14)
at Pages.ContactPage.<init>(ContactPage.java:14)
at Pages.ContactPage.<init>(ContactPage.java:14)
at Pages.ContactPage.<init>(ContactPage.java:14)
at Pages.ContactPage.<init>(ContactPage.java:14)
at Pages.ContactPage.<init>(ContactPage.java:14)
at Pages.ContactPage.<init>(ContactPage.java:14)
at Pages.ContactPage.<init>(ContactPage.java:14)
at Pages.ContactPage.<init>(ContactPage.java:14)
at Pages.ContactPage.<init>(ContactPage.java:14)
at Pages.ContactPage.<init>(ContactPage.java:14)
at Pages.ContactPage.<init>(ContactPage.java:14)
at Pages.ContactPage.<init>(ContactPage.java:14)
at Pages.ContactPage.<init>(ContactPage.java:14)
at Pages.ContactPage.<init>(ContactPage.java:14)
at Pages.ContactPage.<init>(ContactPage.java:14)
at Pages.ContactPage.<init>(ContactPage.java:14)
at Pages.ContactPage.<init>(ContactPage.java:14)
at Pages.ContactPage.<init>(ContactPage.java:14)
at Pages.ContactPage.<init>(ContactPage.java:14)
at Pages.ContactPage.<init>(ContactPage.java:14)
at Pages.ContactPage.<init>(ContactPage.java:14)
at Pages.ContactPage.<init>(ContactPage.java:14)
at Pages.ContactPage.<init>(ContactPage.java:14)
at Pages.ContactPage.<init>(ContactPage.java:14)
at Pages.ContactPage.<init>(ContactPage.java:14)
at Pages.ContactPage.<init>(ContactPage.java:14)
at Pages.ContactPage.<init>(ContactPage.java:14)
at Pages.ContactPage.<init>(ContactPage.java:14)
at Pages.ContactPage.<init>(ContactPage.java:14)
at Pages.ContactPage.<init>(ContactPage.java:14)
at Pages.ContactPage.<init>(ContactPage.java:14)
at Pages.ContactPage.<init>(ContactPage.java:14)
at Pages.ContactPage.<init>(ContactPage.java:14)
at Pages.ContactPage.<init>(ContactPage.java:14)
at Pages.ContactPage.<init>(ContactPage.java:14)
at Pages.ContactPage.<init>(ContactPage.java:14)
at Pages.ContactPage.<init>(ContactPage.java:14)
at Pages.ContactPage.<init>(ContactPage.java:14)
at Pages.ContactPage.<init>(ContactPage.java:14)
at Pages.ContactPage.<init>(ContactPage.java:14)
at Pages.ContactPage.<init>(ContactPage.java:14)
at Pages.ContactPage.<init>(ContactPage.java:14)
at Pages.ContactPage.<init>(ContactPage.java:14)
at Pages.ContactPage.<init>(ContactPage.java:14)
at Pages.ContactPage.<init>(ContactPage.java:14)
at Pages.ContactPage.<init>(ContactPage.java:14)
at Pages.ContactPage.<init>(ContactPage.java:14)
at Pages.ContactPage.<init>(ContactPage.java:14)
at Pages.ContactPage.<init>(ContactPage.java:14)
at Pages.ContactPage.<init>(ContactPage.java:14)
at Pages.ContactPage.<init>(ContactPage.java:14)
at Pages.ContactPage.<init>(ContactPage.java:14)
at Pages.ContactPage.<init>(ContactPage.java:14)
at Pages.ContactPage.<init>(ContactPage.java:14)
at Pages.ContactPage.<init>(ContactPage.java:14)
at Pages.ContactPage.<init>(ContactPage.java:14)
at Pages.ContactPage.<init>(ContactPage.java:14)
at Pages.ContactPage.<init>(ContactPage.java:14)
at Pages.ContactPage.<init>(ContactPage.java:14)
at Pages.ContactPage.<init>(ContactPage.java:14)
at Pages.ContactPage.<init>(ContactPage.java:14)
at Pages.ContactPage.<init>(ContactPage.java:14)
at Pages.ContactPage.<init>(ContactPage.java:14)
at Pages.ContactPage.<init>(ContactPage.java:14)
at Pages.ContactPage.<init>(ContactPage.java:14)
at Pages.ContactPage.<init>(ContactPage.java:14)
at Pages.ContactPage.<init>(ContactPage.java:14)
at Pages.ContactPage.<init>(ContactPage.java:14)
at Pages.ContactPage.<init>(ContactPage.java:14)
at Pages.ContactPage.<init>(ContactPage.java:14)
at Pages.ContactPage.<init>(ContactPage.java:14)
at Pages.ContactPage.<init>(ContactPage.java:14)
at Pages.ContactPage.<init>(ContactPage.java:14)
at Pages.ContactPage.<init>(ContactPage.java:14)
at Pages.ContactPage.<init>(ContactPage.java:14)
at Pages.ContactPage.<init>(ContactPage.java:14)
at Pages.ContactPage.<init>(ContactPage.java:14)
at Pages.ContactPage.<init>(ContactPage.java:14)
at Pages.ContactPage.<init>(ContactPage.java:14)
at Pages.ContactPage.<init>(ContactPage.java:14)
at Pages.ContactPage.<init>(ContactPage.java:14)
at Pages.ContactPage.<init>(ContactPage.java:14)
at Pages.ContactPage.<init>(ContactPage.java:14)
at Pages.ContactPage.<init>(ContactPage.java:14)
at Pages.ContactPage.<init>(ContactPage.java:14)
at Pages.ContactPage.<init>(ContactPage.java:14)
at Pages.ContactPage.<init>(ContactPage.java:14)
at Pages.ContactPage.<init>(ContactPage.java:14)
at Pages.ContactPage.<init>(ContactPage.java:14)
at Pages.ContactPage.<init>(ContactPage.java:14)
at Pages.ContactPage.<init>(ContactPage.java:14)
at Pages.ContactPage.<init>(ContactPage.java:14)
at Pages.ContactPage.<init>(ContactPage.java:14)
at Pages.ContactPage.<init>(ContactPage.java:14)
at Pages.ContactPage.<init>(ContactPage.java:14)
at Pages.ContactPage.<init>(ContactPage.java:14)
at Pages.ContactPage.<init>(ContactPage.java:14)
at Pages.ContactPage.<init>(ContactPage.java:14)
at Pages.ContactPage.<init>(ContactPage.java:14)
at Pages.ContactPage.<init>(ContactPage.java:14)
at Pages.ContactPage.<init>(ContactPage.java:14)
at Pages.ContactPage.<init>(ContactPage.java:14)
at Pages.ContactPage.<init>(ContactPage.java:14)
at Pages.ContactPage.<init>(ContactPage.java:14)
at Pages.ContactPage.<init>(ContactPage.java:14)
at Pages.ContactPage.<init>(ContactPage.java:14)
at Pages.ContactPage.<init>(ContactPage.java:14)
at Pages.ContactPage.<init>(ContactPage.java:14)
at Pages.ContactPage.<init>(ContactPage.java:14)
at Pages.ContactPage.<init>(ContactPage.java:14)
at Pages.ContactPage.<init>(ContactPage.java:14)
at Pages.ContactPage.<init>(ContactPage.java:14)
at Pages.ContactPage.<init>(ContactPage.java:14)
at Pages.ContactPage.<init>(ContactPage.java:14)
at Pages.ContactPage.<init>(ContactPage.java:14)
at Pages.ContactPage.<init>(ContactPage.java:14)
at Pages.ContactPage.<init>(ContactPage.java:14)
at Pages.ContactPage.<init>(ContactPage.java:14)
at Pages.ContactPage.<init>(ContactPage.java:14)
at Pages.ContactPage.<init>(ContactPage.java:14)
at Pages.ContactPage.<init>(ContactPage.java:14)
at Pages.ContactPage.<init>(ContactPage.java:14)
at Pages.ContactPage.<init>(ContactPage.java:14)
at Pages.ContactPage.<init>(ContactPage.java:14)
at Pages.ContactPage.<init>(ContactPage.java:14)
at Pages.ContactPage.<init>(ContactPage.java:14)
at Pages.ContactPage.<init>(ContactPage.java:14)
at Pages.ContactPage.<init>(ContactPage.java:14)
at Pages.ContactPage.<init>(ContactPage.java:14)
at Pages.ContactPage.<init>(ContactPage.java:14)
at Pages.ContactPage.<init>(ContactPage.java:14)
at Pages.ContactPage.<init>(ContactPage.java:14)
at Pages.ContactPage.<init>(ContactPage.java:14)
at Pages.ContactPage.<init>(ContactPage.java:14)
at Pages.ContactPage.<init>(ContactPage.java:14)
at Pages.ContactPage.<init>(ContactPage.java:14)
at Pages.ContactPage.<init>(ContactPage.java:14)
at Pages.ContactPage.<init>(ContactPage.java:14)
at Pages.ContactPage.<init>(ContactPage.java:14)
at Pages.ContactPage.<init>(ContactPage.java:14)
at Pages.ContactPage.<init>(ContactPage.java:14)
at Pages.ContactPage.<init>(ContactPage.java:14)
at Pages.ContactPage.<init>(ContactPage.java:14)
at Pages.ContactPage.<init>(ContactPage.java:14)
at Pages.ContactPage.<init>(ContactPage.java:14)
at Pages.ContactPage.<init>(ContactPage.java:14)
at Pages.ContactPage.<init>(ContactPage.java:14)
at Pages.ContactPage.<init>(ContactPage.java:14)
at Pages.ContactPage.<init>(ContactPage.java:14)
at Pages.ContactPage.<init>(ContactPage.java:14)
at Pages.ContactPage.<init>(ContactPage.java:14)
at Pages.ContactPage.<init>(ContactPage.java:14)
at Pages.ContactPage.<init>(ContactPage.java:14)
at Pages.ContactPage.<init>(ContactPage.java:14)
at Pages.ContactPage.<init>(ContactPage.java:14)
at Pages.ContactPage.<init>(ContactPage.java:14)
at Pages.ContactPage.<init>(ContactPage.java:14)
at Pages.ContactPage.<init>(ContactPage.java:14)
at Pages.ContactPage.<init>(ContactPage.java:14)
at Pages.ContactPage.<init>(ContactPage.java:14)
at Pages.ContactPage.<init>(ContactPage.java:14)
at Pages.ContactPage.<init>(ContactPage.java:14)
at Pages.ContactPage.<init>(ContactPage.java:14)
at Pages.ContactPage.<init>(ContactPage.java:14)
at Pages.ContactPage.<init>(ContactPage.java:14)
at Pages.ContactPage.<init>(ContactPage.java:14)
at Pages.ContactPage.<init>(ContactPage.java:14)
at Pages.ContactPage.<init>(ContactPage.java:14)
at Pages.ContactPage.<init>(ContactPage.java:14)
at Pages.ContactPage.<init>(ContactPage.java:14)
at Pages.ContactPage.<init>(ContactPage.java:14)
at Pages.ContactPage.<init>(ContactPage.java:14)
at Pages.ContactPage.<init>(ContactPage.java:14)
at Pages.ContactPage.<init>(ContactPage.java:14)
at Pages.ContactPage.<init>(ContactPage.java:14)
at Pages.ContactPage.<init>(ContactPage.java:14)
at Pages.ContactPage.<init>(ContactPage.java:14)
at Pages.ContactPage.<init>(ContactPage.java:14)
at Pages.ContactPage.<init>(ContactPage.java:14)
at Pages.ContactPage.<init>(ContactPage.java:14)
at Pages.ContactPage.<init>(ContactPage.java:14)
at Pages.ContactPage.<init>(ContactPage.java:14)
at Pages.ContactPage.<init>(ContactPage.java:14)
at Pages.ContactPage.<init>(ContactPage.java:14)
at Pages.ContactPage.<init>(ContactPage.java:14)
at Pages.ContactPage.<init>(ContactPage.java:14)
at Pages.ContactPage.<init>(ContactPage.java:14)
at Pages.ContactPage.<init>(ContactPage.java:14)
at Pages.ContactPage.<init>(ContactPage.java:14)
at Pages.ContactPage.<init>(ContactPage.java:14)
at Pages.ContactPage.<init>(ContactPage.java:14)
at Pages.ContactPage.<init>(ContactPage.java:14)
at Pages.ContactPage.<init>(ContactPage.java:14)
at Pages.ContactPage.<init>(ContactPage.java:14)
at Pages.ContactPage.<init>(ContactPage.java:14)
at Pages.ContactPage.<init>(ContactPage.java:14)
at Pages.ContactPage.<init>(ContactPage.java:14)
at Pages.ContactPage.<init>(ContactPage.java:14)
at Pages.ContactPage.<init>(ContactPage.java:14)
at Pages.ContactPage.<init>(ContactPage.java:14)
at Pages.ContactPage.<init>(ContactPage.java:14)
at Pages.ContactPage.<init>(ContactPage.java:14)
at Pages.ContactPage.<init>(ContactPage.java:14)
at Pages.ContactPage.<init>(ContactPage.java:14)
at Pages.ContactPage.<init>(ContactPage.java:14)
at Pages.ContactPage.<init>(ContactPage.java:14)
at Pages.ContactPage.<init>(ContactPage.java:14)
at Pages.ContactPage.<init>(ContactPage.java:14)
at Pages.ContactPage.<init>(ContactPage.java:14)
at Pages.ContactPage.<init>(ContactPage.java:14)
at Pages.ContactPage.<init>(ContactPage.java:14)
at Pages.ContactPage.<init>(ContactPage.java:14)
at Pages.ContactPage.<init>(ContactPage.java:14)
at Pages.ContactPage.<init>(ContactPage.java:14)
at Pages.ContactPage.<init>(ContactPage.java:14)
at Pages.ContactPage.<init>(ContactPage.java:14)
at Pages.ContactPage.<init>(ContactPage.java:14)
at Pages.ContactPage.<init>(ContactPage.java:14)
at Pages.ContactPage.<init>(ContactPage.java:14)
at Pages.ContactPage.<init>(ContactPage.java:14)
at Pages.ContactPage.<init>(ContactPage.java:14)
at Pages.ContactPage.<init>(ContactPage.java:14)
at Pages.ContactPage.<init>(ContactPage.java:14)
at Pages.ContactPage.<init>(ContactPage.java:14)
at Pages.ContactPage.<init>(ContactPage.java:14)
at Pages.ContactPage.<init>(ContactPage.java:14)
at Pages.ContactPage.<init>(ContactPage.java:14)
at Pages.ContactPage.<init>(ContactPage.java:14)
at Pages.ContactPage.<init>(ContactPage.java:14)
at Pages.ContactPage.<init>(ContactPage.java:14)
at Pages.ContactPage.<init>(ContactPage.java:14)
at Pages.ContactPage.<init>(ContactPage.java:14)
at Pages.ContactPage.<init>(ContactPage.java:14)
at Pages.ContactPage.<init>(ContactPage.java:14)
at Pages.ContactPage.<init>(ContactPage.java:14)
at Pages.ContactPage.<init>(ContactPage.java:14)
at Pages.ContactPage.<init>(ContactPage.java:14)
at Pages.ContactPage.<init>(ContactPage.java:14)
at Pages.ContactPage.<init>(ContactPage.java:14)
at Pages.ContactPage.<init>(ContactPage.java:14)
at Pages.ContactPage.<init>(ContactPage.java:14)
at Pages.ContactPage.<init>(ContactPage.java:14)
at Pages.ContactPage.<init>(ContactPage.java:14)
at Pages.ContactPage.<init>(ContactPage.java:14)
at Pages.ContactPage.<init>(ContactPage.java:14)
at Pages.ContactPage.<init>(ContactPage.java:14)
at Pages.ContactPage.<init>(ContactPage.java:14)
at Pages.ContactPage.<init>(ContactPage.java:14)
at Pages.ContactPage.<init>(ContactPage.java:14)
at Pages.ContactPage.<init>(ContactPage.java:14)
at Pages.ContactPage.<init>(ContactPage.java:14)
at Pages.ContactPage.<init>(ContactPage.java:14)
at Pages.ContactPage.<init>(ContactPage.java:14)
at Pages.ContactPage.<init>(ContactPage.java:14)
at Pages.ContactPage.<init>(ContactPage.java:14)
at Pages.ContactPage.<init>(ContactPage.java:14)
at Pages.ContactPage.<init>(ContactPage.java:14)
at Pages.ContactPage.<init>(ContactPage.java:14)
at Pages.ContactPage.<init>(ContactPage.java:14)
at Pages.ContactPage.<init>(ContactPage.java:14)
at Pages.ContactPage.<init>(ContactPage.java:14)
at Pages.ContactPage.<init>(ContactPage.java:14)
at Pages.ContactPage.<init>(ContactPage.java:14)
at Pages.ContactPage.<init>(ContactPage.java:14)
at Pages.ContactPage.<init>(ContactPage.java:14)
at Pages.ContactPage.<init>(ContactPage.java:14)
at Pages.ContactPage.<init>(ContactPage.java:14)
at Pages.ContactPage.<init>(ContactPage.java:14)
at Pages.ContactPage.<init>(ContactPage.java:14)
at Pages.ContactPage.<init>(ContactPage.java:14)
at Pages.ContactPage.<init>(ContactPage.java:14)
at Pages.ContactPage.<init>(ContactPage.java:14)
at Pages.ContactPage.<init>(ContactPage.java:14)
at Pages.ContactPage.<init>(ContactPage.java:14)
at Pages.ContactPage.<init>(ContactPage.java:14)
at Pages.ContactPage.<init>(ContactPage.java:14)
at Pages.ContactPage.<init>(ContactPage.java:14)
at Pages.ContactPage.<init>(ContactPage.java:14)
at Pages.ContactPage.<init>(ContactPage.java:14)
at Pages.ContactPage.<init>(ContactPage.java:14)
at Pages.ContactPage.<init>(ContactPage.java:14)
at Pages.ContactPage.<init>(ContactPage.java:14)
at Pages.ContactPage.<init>(ContactPage.java:14)
at Pages.ContactPage.<init>(ContactPage.java:14)
at Pages.ContactPage.<init>(ContactPage.java:14)
at Pages.ContactPage.<init>(ContactPage.java:14)
at Pages.ContactPage.<init>(ContactPage.java:14)
at Pages.ContactPage.<init>(ContactPage.java:14)
at Pages.ContactPage.<init>(ContactPage.java:14)
at Pages.ContactPage.<init>(ContactPage.java:14)
at Pages.ContactPage.<init>(ContactPage.java:14)
at Pages.ContactPage.<init>(ContactPage.java:14)
at Pages.ContactPage.<init>(ContactPage.java:14)
at Pages.ContactPage.<init>(ContactPage.java:14)
at Pages.ContactPage.<init>(ContactPage.java:14)
at Pages.ContactPage.<init>(ContactPage.java:14)
at Pages.ContactPage.<init>(ContactPage.java:14)
at Pages.ContactPage.<init>(ContactPage.java:14)
at Pages.ContactPage.<init>(ContactPage.java:14)
at Pages.ContactPage.<init>(ContactPage.java:14)
at Pages.ContactPage.<init>(ContactPage.java:14)
at Pages.ContactPage.<init>(ContactPage.java:14)
at Pages.ContactPage.<init>(ContactPage.java:14)
at Pages.ContactPage.<init>(ContactPage.java:14)
at Pages.ContactPage.<init>(ContactPage.java:14)
at Pages.ContactPage.<init>(ContactPage.java:14)
at Pages.ContactPage.<init>(ContactPage.java:14)
at Pages.ContactPage.<init>(ContactPage.java:14)
at Pages.ContactPage.<init>(ContactPage.java:14)
at Pages.ContactPage.<init>(ContactPage.java:14)
at Pages.ContactPage.<init>(ContactPage.java:14)
at Pages.ContactPage.<init>(ContactPage.java:14)
at Pages.ContactPage.<init>(ContactPage.java:14)
at Pages.ContactPage.<init>(ContactPage.java:14)
at Pages.ContactPage.<init>(ContactPage.java:14)
at Pages.ContactPage.<init>(ContactPage.java:14)
at Pages.ContactPage.<init>(ContactPage.java:14)
at Pages.ContactPage.<init>(ContactPage.java:14)
at Pages.ContactPage.<init>(ContactPage.java:14)
at Pages.ContactPage.<init>(ContactPage.java:14)
at Pages.ContactPage.<init>(ContactPage.java:14)
at Pages.ContactPage.<init>(ContactPage.java:14)
at Pages.ContactPage.<init>(ContactPage.java:14)
at Pages.ContactPage.<init>(ContactPage.java:14)
at Pages.ContactPage.<init>(ContactPage.java:14)
at Pages.ContactPage.<init>(ContactPage.java:14)
at Pages.ContactPage.<init>(ContactPage.java:14)
at Pages.ContactPage.<init>(ContactPage.java:14)
at Pages.ContactPage.<init>(ContactPage.java:14)
at Pages.ContactPage.<init>(ContactPage.java:14)
at Pages.ContactPage.<init>(ContactPage.java:14)
at Pages.ContactPage.<init>(ContactPage.java:14)
at Pages.ContactPage.<init>(ContactPage.java:14)
at Pages.ContactPage.<init>(ContactPage.java:14)
at Pages.ContactPage.<init>(ContactPage.java:14)
at Pages.ContactPage.<init>(ContactPage.java:14)
at Pages.ContactPage.<init>(ContactPage.java:14)
at Pages.ContactPage.<init>(ContactPage.java:14)
at Pages.ContactPage.<init>(ContactPage.java:14)
at Pages.ContactPage.<init>(ContactPage.java:14)
at Pages.ContactPage.<init>(ContactPage.java:14)
at Pages.ContactPage.<init>(ContactPage.java:14)
at Pages.ContactPage.<init>(ContactPage.java:14)
at Pages.ContactPage.<init>(ContactPage.java:14)
at Pages.ContactPage.<init>(ContactPage.java:14)
at Pages.ContactPage.<init>(ContactPage.java:14)
at Pages.ContactPage.<init>(ContactPage.java:14)
at Pages.ContactPage.<init>(ContactPage.java:14)
at Pages.ContactPage.<init>(ContactPage.java:14)
at Pages.ContactPage.<init>(ContactPage.java:14)
at Pages.ContactPage.<init>(ContactPage.java:14)
at Pages.ContactPage.<init>(ContactPage.java:14)
at Pages.ContactPage.<init>(ContactPage.java:14)
at Pages.ContactPage.<init>(ContactPage.java:14)
at Pages.ContactPage.<init>(ContactPage.java:14)
at Pages.ContactPage.<init>(ContactPage.java:14)
at Pages.ContactPage.<init>(ContactPage.java:14)
at Pages.ContactPage.<init>(ContactPage.java:14)
at Pages.ContactPage.<init>(ContactPage.java:14)
at Pages.ContactPage.<init>(ContactPage.java:14)
at Pages.ContactPage.<init>(ContactPage.java:14)
at Pages.ContactPage.<init>(ContactPage.java:14)
at Pages.ContactPage.<init>(ContactPage.java:14)
at Pages.ContactPage.<init>(ContactPage.java:14)
at Pages.ContactPage.<init>(ContactPage.java:14)
at Pages.ContactPage.<init>(ContactPage.java:14)
at Pages.ContactPage.<init>(ContactPage.java:14)
at Pages.ContactPage.<init>(ContactPage.java:14)
at Pages.ContactPage.<init>(ContactPage.java:14)
at Pages.ContactPage.<init>(ContactPage.java:14)
at Pages.ContactPage.<init>(ContactPage.java:14)
at Pages.ContactPage.<init>(ContactPage.java:14)
at Pages.ContactPage.<init>(ContactPage.java:14)
at Pages.ContactPage.<init>(ContactPage.java:14)
at Pages.ContactPage.<init>(ContactPage.java:14)
at Pages.ContactPage.<init>(ContactPage.java:14)
at Pages.ContactPage.<init>(ContactPage.java:14)
at Pages.ContactPage.<init>(ContactPage.java:14)
at Pages.ContactPage.<init>(ContactPage.java:14)
at Pages.ContactPage.<init>(ContactPage.java:14)
at Pages.ContactPage.<init>(ContactPage.java:14)
at Pages.ContactPage.<init>(ContactPage.java:14)
at Pages.ContactPage.<init>(ContactPage.java:14)
at Pages.ContactPage.<init>(ContactPage.java:14)
at Pages.ContactPage.<init>(ContactPage.java:14)
at Pages.ContactPage.<init>(ContactPage.java:14)
at Pages.ContactPage.<init>(ContactPage.java:14)
at Pages.ContactPage.<init>(ContactPage.java:14)
at Pages.ContactPage.<init>(ContactPage.java:14)
at Pages.ContactPage.<init>(ContactPage.java:14)
at Pages.ContactPage.<init>(ContactPage.java:14)
at Pages.ContactPage.<init>(ContactPage.java:14)
at Pages.ContactPage.<init>(ContactPage.java:14)
at Pages.ContactPage.<init>(ContactPage.java:14)
at Pages.ContactPage.<init>(ContactPage.java:14)
at Pages.ContactPage.<init>(ContactPage.java:14)
at Pages.ContactPage.<init>(ContactPage.java:14)
at Pages.ContactPage.<init>(ContactPage.java:14)
at Pages.ContactPage.<init>(ContactPage.java:14)
at Pages.ContactPage.<init>(ContactPage.java:14)
at Pages.ContactPage.<init>(ContactPage.java:14)
at Pages.ContactPage.<init>(ContactPage.java:14)
at Pages.ContactPage.<init>(ContactPage.java:14)
at Pages.ContactPage.<init>(ContactPage.java:14)
at Pages.ContactPage.<init>(ContactPage.java:14)
at Pages.ContactPage.<init>(ContactPage.java:14)
at Pages.ContactPage.<init>(ContactPage.java:14)
at Pages.ContactPage.<init>(ContactPage.java:14)
at Pages.ContactPage.<init>(ContactPage.java:14)
at Pages.ContactPage.<init>(ContactPage.java:14)
at Pages.ContactPage.<init>(ContactPage.java:14)
at Pages.ContactPage.<init>(ContactPage.java:14)
at Pages.ContactPage.<init>(ContactPage.java:14)
at Pages.ContactPage.<init>(ContactPage.java:14)
at Pages.ContactPage.<init>(ContactPage.java:14)
at Pages.ContactPage.<init>(ContactPage.java:14)
at Pages.ContactPage.<init>(ContactPage.java:14)
at Pages.ContactPage.<init>(ContactPage.java:14)
at Pages.ContactPage.<init>(ContactPage.java:14)
at Pages.ContactPage.<init>(ContactPage.java:14)
at Pages.ContactPage.<init>(ContactPage.java:14)
at Pages.ContactPage.<init>(ContactPage.java:14)
at Pages.ContactPage.<init>(ContactPage.java:14)
at Pages.ContactPage.<init>(ContactPage.java:14)
at Pages.ContactPage.<init>(ContactPage.java:14)
at Pages.ContactPage.<init>(ContactPage.java:14)
at Pages.ContactPage.<init>(ContactPage.java:14)
at Pages.ContactPage.<init>(ContactPage.java:14)
at Pages.ContactPage.<init>(ContactPage.java:14)
at Pages.ContactPage.<init>(ContactPage.java:14)
at Pages.ContactPage.<init>(ContactPage.java:14)
at Pages.ContactPage.<init>(ContactPage.java:14)
at Pages.ContactPage.<init>(ContactPage.java:14)
at Pages.ContactPage.<init>(ContactPage.java:14)
at Pages.ContactPage.<init>(ContactPage.java:14)
at Pages.ContactPage.<init>(ContactPage.java:14)
at Pages.ContactPage.<init>(ContactPage.java:14)
at Pages.ContactPage.<init>(ContactPage.java:14)
at Pages.ContactPage.<init>(ContactPage.java:14)
at Pages.ContactPage.<init>(ContactPage.java:14)
at Pages.ContactPage.<init>(ContactPage.java:14)
at Pages.ContactPage.<init>(ContactPage.java:14)
at Pages.ContactPage.<init>(ContactPage.java:14)
at Pages.ContactPage.<init>(ContactPage.java:14)
at Pages.ContactPage.<init>(ContactPage.java:14)
at Pages.ContactPage.<init>(ContactPage.java:14)
at Pages.ContactPage.<init>(ContactPage.java:14)
at Pages.ContactPage.<init>(ContactPage.java:14)
at Pages.ContactPage.<init>(ContactPage.java:14)
at Pages.ContactPage.<init>(ContactPage.java:14)
at Pages.ContactPage.<init>(ContactPage.java:14)
at Pages.ContactPage.<init>(ContactPage.java:14)
at Pages.ContactPage.<init>(ContactPage.java:14)
at Pages.ContactPage.<init>(ContactPage.java:14)
at Pages.ContactPage.<init>(ContactPage.java:14)
at Pages.ContactPage.<init>(ContactPage.java:14)
at Pages.ContactPage.<init>(ContactPage.java:14)
at Pages.ContactPage.<init>(ContactPage.java:14)
at Pages.ContactPage.<init>(ContactPage.java:14)
at Pages.ContactPage.<init>(ContactPage.java:14)
at Pages.ContactPage.<init>(ContactPage.java:14)
at Pages.ContactPage.<init>(ContactPage.java:14)
at Pages.ContactPage.<init>(ContactPage.java:14)
at Pages.ContactPage.<init>(ContactPage.java:14)
at Pages.ContactPage.<init>(ContactPage.java:14)
at Pages.ContactPage.<init>(ContactPage.java:14)
at Pages.ContactPage.<init>(ContactPage.java:14)
at Pages.ContactPage.<init>(ContactPage.java:14)
at Pages.ContactPage.<init>(ContactPage.java:14)
at Pages.ContactPage.<init>(ContactPage.java:14)
at Pages.ContactPage.<init>(ContactPage.java:14)
at Pages.ContactPage.<init>(ContactPage.java:14)
at Pages.ContactPage.<init>(ContactPage.java:14)
at Pages.ContactPage.<init>(ContactPage.java:14)
at Pages.ContactPage.<init>(ContactPage.java:14)
at Pages.ContactPage.<init>(ContactPage.java:14)
at Pages.ContactPage.<init>(ContactPage.java:14)
at Pages.ContactPage.<init>(ContactPage.java:14)
at Pages.ContactPage.<init>(ContactPage.java:14)
at Pages.ContactPage.<init>(ContactPage.java:14)
at Pages.ContactPage.<init>(ContactPage.java:14)
at Pages.ContactPage.<init>(ContactPage.java:14)
at Pages.ContactPage.<init>(ContactPage.java:14)
at Pages.ContactPage.<init>(ContactPage.java:14)
at Pages.ContactPage.<init>(ContactPage.java:14)
at Pages.ContactPage.<init>(ContactPage.java:14)
at Pages.ContactPage.<init>(ContactPage.java:14)
at Pages.ContactPage.<init>(ContactPage.java:14)
at Pages.ContactPage.<init>(ContactPage.java:14)
at Pages.ContactPage.<init>(ContactPage.java:14)
at Pages.ContactPage.<init>(ContactPage.java:14)
at Pages.ContactPage.<init>(ContactPage.java:14)
at Pages.ContactPage.<init>(ContactPage.java:14)
at Pages.ContactPage.<init>(ContactPage.java:14)
at Pages.ContactPage.<init>(ContactPage.java:14)
at Pages.ContactPage.<init>(ContactPage.java:14)
at Pages.ContactPage.<init>(ContactPage.java:14)
at Pages.ContactPage.<init>(ContactPage.java:14)
at Pages.ContactPage.<init>(ContactPage.java:14)
at Pages.ContactPage.<init>(ContactPage.java:14)
at Pages.ContactPage.<init>(ContactPage.java:14)
at Pages.ContactPage.<init>(ContactPage.java:14)
at Pages.ContactPage.<init>(ContactPage.java:14)
at Pages.ContactPage.<init>(ContactPage.java:14)
at Pages.ContactPage.<init>(ContactPage.java:14)
at Pages.ContactPage.<init>(ContactPage.java:14)
at Pages.ContactPage.<init>(ContactPage.java:14)
at Pages.ContactPage.<init>(ContactPage.java:14)
at Pages.ContactPage.<init>(ContactPage.java:14)
at Pages.ContactPage.<init>(ContactPage.java:14)
at Pages.ContactPage.<init>(ContactPage.java:14)
at Pages.ContactPage.<init>(ContactPage.java:14)
at Pages.ContactPage.<init>(ContactPage.java:14)
at Pages.ContactPage.<init>(ContactPage.java:14)
at Pages.ContactPage.<init>(ContactPage.java:14)
at Pages.ContactPage.<init>(ContactPage.java:14)
at Pages.ContactPage.<init>(ContactPage.java:14)
at Pages.ContactPage.<init>(ContactPage.java:14)
at Pages.ContactPage.<init>(ContactPage.java:14)
at Pages.ContactPage.<init>(ContactPage.java:14)
at Pages.ContactPage.<init>(ContactPage.java:14)
at Pages.ContactPage.<init>(ContactPage.java:14)
at Pages.ContactPage.<init>(ContactPage.java:14)
at Pages.ContactPage.<init>(ContactPage.java:14)
at Pages.ContactPage.<init>(ContactPage.java:14)
at Pages.ContactPage.<init>(ContactPage.java:14)
at Pages.ContactPage.<init>(ContactPage.java:14)
at Pages.ContactPage.<init>(ContactPage.java:14)
at Pages.ContactPage.<init>(ContactPage.java:14)
at Pages.ContactPage.<init>(ContactPage.java:14)
at Pages.ContactPage.<init>(ContactPage.java:14)
at Pages.ContactPage.<init>(ContactPage.java:14)
at Pages.ContactPage.<init>(ContactPage.java:14)
at Pages.ContactPage.<init>(ContactPage.java:14)
at Pages.ContactPage.<init>(ContactPage.java:14)
at Pages.ContactPage.<init>(ContactPage.java:14)
at Pages.ContactPage.<init>(ContactPage.java:14)
at Pages.ContactPage.<init>(ContactPage.java:14)
at Pages.ContactPage.<init>(ContactPage.java:14)
at Pages.ContactPage.<init>(ContactPage.java:14)
at Pages.ContactPage.<init>(ContactPage.java:14)
at Pages.ContactPage.<init>(ContactPage.java:14)
at Pages.ContactPage.<init>(ContactPage.java:14)
at Pages.ContactPage.<init>(ContactPage.java:14)
at Pages.ContactPage.<init>(ContactPage.java:14)
at Pages.ContactPage.<init>(ContactPage.java:14)
at Pages.ContactPage.<init>(ContactPage.java:14)
at Pages.ContactPage.<init>(ContactPage.java:14)
at Pages.ContactPage.<init>(ContactPage.java:14)
at Pages.ContactPage.<init>(ContactPage.java:14)
at Pages.ContactPage.<init>(ContactPage.java:14)
at Pages.ContactPage.<init>(ContactPage.java:14)
at Pages.ContactPage.<init>(ContactPage.java:14)
at Pages.ContactPage.<init>(ContactPage.java:14)
at Pages.ContactPage.<init>(ContactPage.java:14)
at Pages.ContactPage.<init>(ContactPage.java:14)
at Pages.ContactPage.<init>(ContactPage.java:14)
at Pages.ContactPage.<init>(ContactPage.java:14)
at Pages.ContactPage.<init>(ContactPage.java:14)
at Pages.ContactPage.<init>(ContactPage.java:14)
at Pages.ContactPage.<init>(ContactPage.java:14)
at Pages.ContactPage.<init>(ContactPage.java:14)
at Pages.ContactPage.<init>(ContactPage.java:14)
at Pages.ContactPage.<init>(ContactPage.java:14)
at Pages.ContactPage.<init>(ContactPage.java:14)
at Pages.ContactPage.<init>(ContactPage.java:14)
at Pages.ContactPage.<init>(ContactPage.java:14)
at Pages.ContactPage.<init>(ContactPage.java:14)
at Pages.ContactPage.<init>(ContactPage.java:14)
at Pages.ContactPage.<init>(ContactPage.java:14)
at Pages.ContactPage.<init>(ContactPage.java:14)
at Pages.ContactPage.<init>(ContactPage.java:14)
at Pages.ContactPage.<init>(ContactPage.java:14)
at Pages.ContactPage.<init>(ContactPage.java:14)
at Pages.ContactPage.<init>(ContactPage.java:14)
at Pages.ContactPage.<init>(ContactPage.java:14)
at Pages.ContactPage.<init>(ContactPage.java:14)
at Pages.ContactPage.<init>(ContactPage.java:14)
at Pages.ContactPage.<init>(ContactPage.java:14)
at Pages.ContactPage.<init>(ContactPage.java:14)
at Pages.ContactPage.<init>(ContactPage.java:14)
at Pages.ContactPage.<init>(ContactPage.java:14)
at Pages.ContactPage.<init>(ContactPage.java:14)
at Pages.ContactPage.<init>(ContactPage.java:14)
at Pages.ContactPage.<init>(ContactPage.java:14)
at Pages.ContactPage.<init>(ContactPage.java:14)
at Pages.ContactPage.<init>(ContactPage.java:14)
at Pages.ContactPage.<init>(ContactPage.java:14)
at Pages.ContactPage.<init>(ContactPage.java:14)
at Pages.ContactPage.<init>(ContactPage.java:14)
at Pages.ContactPage.<init>(ContactPage.java:14)
at Pages.ContactPage.<init>(ContactPage.java:14)
at Pages.ContactPage.<init>(ContactPage.java:14)
at Pages.ContactPage.<init>(ContactPage.java:14)
at Pages.ContactPage.<init>(ContactPage.java:14)
at Pages.ContactPage.<init>(ContactPage.java:14)
at Pages.ContactPage.<init>(ContactPage.java:14)
at Pages.ContactPage.<init>(ContactPage.java:14)
at Pages.ContactPage.<init>(ContactPage.java:14)
at Pages.ContactPage.<init>(ContactPage.java:14)
at Pages.ContactPage.<init>(ContactPage.java:14)
at Pages.ContactPage.<init>(ContactPage.java:14)
at Pages.ContactPage.<init>(ContactPage.java:14)
at Pages.ContactPage.<init>(ContactPage.java:14)
at Pages.ContactPage.<init>(ContactPage.java:14)
at Pages.ContactPage.<init>(ContactPage.java:14)
at Pages.ContactPage.<init>(ContactPage.java:14)
at Pages.ContactPage.<init>(ContactPage.java:14)
at Pages.ContactPage.<init>(ContactPage.java:14)
at Pages.ContactPage.<init>(ContactPage.java:14)
at Pages.ContactPage.<init>(ContactPage.java:14)
at Pages.ContactPage.<init>(ContactPage.java:14)
at Pages.ContactPage.<init>(ContactPage.java:14)
at Pages.ContactPage.<init>(ContactPage.java:14)
at Pages.ContactPage.<init>(ContactPage.java:14)
at Pages.ContactPage.<init>(ContactPage.java:14)
at Pages.ContactPage.<init>(ContactPage.java:14)
at Pages.ContactPage.<init>(ContactPage.java:14)
at Pages.ContactPage.<init>(ContactPage.java:14)
at Pages.ContactPage.<init>(ContactPage.java:14)
at Pages.ContactPage.<init>(ContactPage.java:14)
at Pages.ContactPage.<init>(ContactPage.java:14)
at Pages.ContactPage.<init>(ContactPage.java:14)
at Pages.ContactPage.<init>(ContactPage.java:14)
at Pages.ContactPage.<init>(ContactPage.java:14)
at Pages.ContactPage.<init>(ContactPage.java:14)
at Pages.ContactPage.<init>(ContactPage.java:14)
at Pages.ContactPage.<init>(ContactPage.java:14)
at Pages.ContactPage.<init>(ContactPage.java:14)
at Pages.ContactPage.<init>(ContactPage.java:14)
at Pages.ContactPage.<init>(ContactPage.java:14)
at Pages.ContactPage.<init>(ContactPage.java:14)
at Pages.ContactPage.<init>(ContactPage.java:14)
at Pages.ContactPage.<init>(ContactPage.java:14)
at Pages.ContactPage.<init>(ContactPage.java:14)
at Pages.ContactPage.<init>(ContactPage.java:14)
at Pages.ContactPage.<init>(ContactPage.java:14)
at Pages.ContactPage.<init>(ContactPage.java:14)
at Pages.ContactPage.<init>(ContactPage.java:14)
at Pages.ContactPage.<init>(ContactPage.java:14)
at Pages.ContactPage.<init>(ContactPage.java:14)
at Pages.ContactPage.<init>(ContactPage.java:14)
at Pages.ContactPage.<init>(ContactPage.java:14)
at Pages.ContactPage.<init>(ContactPage.java:14)
at Pages.ContactPage.<init>(ContactPage.java:14)
at Pages.ContactPage.<init>(ContactPage.java:14)
at Pages.ContactPage.<init>(ContactPage.java:14)
at Pages.ContactPage.<init>(ContactPage.java:14)
at Pages.ContactPage.<init>(ContactPage.java:14)
at Pages.ContactPage.<init>(ContactPage.java:14)
at Pages.ContactPage.<init>(ContactPage.java:14)
at Pages.ContactPage.<init>(ContactPage.java:14)
at Pages.ContactPage.<init>(ContactPage.java:14)
at Pages.ContactPage.<init>(ContactPage.java:14)
at Pages.ContactPage.<init>(ContactPage.java:14)
at Pages.ContactPage.<init>(ContactPage.java:14)
at Pages.ContactPage.<init>(ContactPage.java:14)
at Pages.ContactPage.<init>(ContactPage.java:14)
at Pages.ContactPage.<init>(ContactPage.java:14)
at Pages.ContactPage.<init>(ContactPage.java:14)
at Pages.ContactPage.<init>(ContactPage.java:14)
at Pages.ContactPage.<init>(ContactPage.java:14)
at Pages.ContactPage.<init>(ContactPage.java:14)
at Pages.ContactPage.<init>(ContactPage.java:14)
at Pages.ContactPage.<init>(ContactPage.java:14)
at Pages.ContactPage.<init>(ContactPage.java:14)
at Pages.ContactPage.<init>(ContactPage.java:14)
at Pages.ContactPage.<init>(ContactPage.java:14)
at Pages.ContactPage.<init>(ContactPage.java:14)
at Pages.ContactPage.<init>(ContactPage.java:14)
at Pages.ContactPage.<init>(ContactPage.java:14)
at Pages.ContactPage.<init>(ContactPage.java:14)
at Pages.ContactPage.<init>(ContactPage.java:14)
at Pages.ContactPage.<init>(ContactPage.java:14)
at Pages.ContactPage.<init>(ContactPage.java:14)
at Pages.ContactPage.<init>(ContactPage.java:14)
at Pages.ContactPage.<init>(ContactPage.java:14)
at Pages.ContactPage.<init>(ContactPage.java:14)
at Pages.ContactPage.<init>(ContactPage.java:14)
at Pages.ContactPage.<init>(ContactPage.java:14)
at Pages.ContactPage.<init>(ContactPage.java:14)
at Pages.ContactPage.<init>(ContactPage.java:14)
at Pages.ContactPage.<init>(ContactPage.java:14)
at Pages.ContactPage.<init>(ContactPage.java:14)
at Pages.ContactPage.<init>(ContactPage.java:14)
at Pages.ContactPage.<init>(ContactPage.java:14)
at Pages.ContactPage.<init>(ContactPage.java:14)
at Pages.ContactPage.<init>(ContactPage.java:14)
at Pages.ContactPage.<init>(ContactPage.java:14)
at Pages.ContactPage.<init>(ContactPage.java:14)
at Pages.ContactPage.<init>(ContactPage.java:14)
at Pages.ContactPage.<init>(ContactPage.java:14)
at Pages.ContactPage.<init>(ContactPage.java:14)
at Pages.ContactPage.<init>(ContactPage.java:14)
at Pages.ContactPage.<init>(ContactPage.java:14)
at Pages.ContactPage.<init>(ContactPage.java:14)
at Pages.ContactPage.<init>(ContactPage.java:14)
at Pages.ContactPage.<init>(ContactPage.java:14)
at Pages.ContactPage.<init>(ContactPage.java:14)
at Pages.ContactPage.<init>(ContactPage.java:14)
at Pages.ContactPage.<init>(ContactPage.java:14)
at Pages.ContactPage.<init>(ContactPage.java:14)
at Pages.ContactPage.<init>(ContactPage.java:14)
at Pages.ContactPage.<init>(ContactPage.java:14)
at Pages.ContactPage.<init>(ContactPage.java:14)
at Pages.ContactPage.<init>(ContactPage.java:14)
at Pages.ContactPage.<init>(ContactPage.java:14)
at Pages.ContactPage.<init>(ContactPage.java:14)
at Pages.ContactPage.<init>(ContactPage.java:14)
at Pages.ContactPage.<init>(ContactPage.java:14)
at Pages.ContactPage.<init>(ContactPage.java:14)
at Pages.ContactPage.<init>(ContactPage.java:14)
at Pages.ContactPage.<init>(ContactPage.java:14)
at Pages.ContactPage.<init>(ContactPage.java:14)
at Pages.ContactPage.<init>(ContactPage.java:14)
at Pages.ContactPage.<init>(ContactPage.java:14)
at Pages.ContactPage.<init>(ContactPage.java:14)
at Pages.ContactPage.<init>(ContactPage.java:14)
at Pages.ContactPage.<init>(ContactPage.java:14)
at Pages.ContactPage.<init>(ContactPage.java:14)
at Pages.ContactPage.<init>(ContactPage.java:14)
at Pages.ContactPage.<init>(ContactPage.java:14)
at Pages.ContactPage.<init>(ContactPage.java:14)
at Pages.ContactPage.<init>(ContactPage.java:14)
at Pages.ContactPage.<init>(ContactPage.java:14)
at Pages.ContactPage.<init>(ContactPage.java:14)
at Pages.ContactPage.<init>(ContactPage.java:14)
at Pages.ContactPage.<init>(ContactPage.java:14)
at Pages.ContactPage.<init>(ContactPage.java:14)
at Pages.ContactPage.<init>(ContactPage.java:14)
at Pages.ContactPage.<init>(ContactPage.java:14)
at Pages.ContactPage.<init>(ContactPage.java:14)
at Pages.ContactPage.<init>(ContactPage.java:14)
at Pages.ContactPage.<init>(ContactPage.java:14)
at Pages.ContactPage.<init>(ContactPage.java:14)
at Pages.ContactPage.<init>(ContactPage.java:14)
at Pages.ContactPage.<init>(ContactPage.java:14)
at Pages.ContactPage.<init>(ContactPage.java:14)
at Pages.ContactPage.<init>(ContactPage.java:14)
at Pages.ContactPage.<init>(ContactPage.java:14)
at Pages.ContactPage.<init>(ContactPage.java:14)
at Pages.ContactPage.<init>(ContactPage.java:14)
at Pages.ContactPage.<init>(ContactPage.java:14)
at Pages.ContactPage.<init>(ContactPage.java:14)
at Pages.ContactPage.<init>(ContactPage.java:14)
at Pages.ContactPage.<init>(ContactPage.java:14)
at Pages.ContactPage.<init>(ContactPage.java:14)
at Pages.ContactPage.<init>(ContactPage.java:14)
at Pages.ContactPage.<init>(ContactPage.java:14)
at Pages.ContactPage.<init>(ContactPage.java:14)
at Pages.ContactPage.<init>(ContactPage.java:14)
at Pages.ContactPage.<init>(ContactPage.java:14)
at Pages.ContactPage.<init>(ContactPage.java:14)
at Pages.ContactPage.<init>(ContactPage.java:14)
at Pages.ContactPage.<init>(ContactPage.java:14)
at Pages.ContactPage.<init>(ContactPage.java:14)
at Pages.ContactPage.<init>(ContactPage.java:14)
at Pages.ContactPage.<init>(ContactPage.java:14)
at Pages.ContactPage.<init>(ContactPage.java:14)
at Pages.ContactPage.<init>(ContactPage.java:14)
at Pages.ContactPage.<init>(ContactPage.java:14)
at Pages.ContactPage.<init>(ContactPage.java:14)
at Pages.ContactPage.<init>(ContactPage.java:14)
at Pages.ContactPage.<init>(ContactPage.java:14)
at Pages.ContactPage.<init>(ContactPage.java:14)
at Pages.ContactPage.<init>(ContactPage.java:14)
at Pages.ContactPage.<init>(ContactPage.java:14)
at Pages.ContactPage.<init>(ContactPage.java:14)
at Pages.ContactPage.<init>(ContactPage.java:14)
at Pages.ContactPage.<init>(ContactPage.java:14)
at Pages.ContactPage.<init>(ContactPage.java:14)
at Pages.ContactPage.<init>(ContactPage.java:14)
at Pages.ContactPage.<init>(ContactPage.java:14)
at Pages.ContactPage.<init>(ContactPage.java:14)
at Pages.ContactPage.<init>(ContactPage.java:14)
at Pages.ContactPage.<init>(ContactPage.java:14)
at Pages.ContactPage.<init>(ContactPage.java:14)
at Pages.ContactPage.<init>(ContactPage.java:14)
at Pages.ContactPage.<init>(ContactPage.java:14)
at Pages.ContactPage.<init>(ContactPage.java:14)
at Pages.ContactPage.<init>(ContactPage.java:14)
at Pages.ContactPage.<init>(ContactPage.java:14)
at Pages.ContactPage.<init>(ContactPage.java:14)
at Pages.ContactPage.<init>(ContactPage.java:14)
at Pages.ContactPage.<init>(ContactPage.java:14)
at Pages.ContactPage.<init>(ContactPage.java:14)
at Pages.ContactPage.<init>(ContactPage.java:14)
at Pages.ContactPage.<init>(ContactPage.java:14)
at Pages.ContactPage.<init>(ContactPage.java:14)
at Pages.ContactPage.<init>(ContactPage.java:14)
at Pages.ContactPage.<init>(ContactPage.java:14)
at Pages.ContactPage.<init>(ContactPage.java:14)
at Pages.ContactPage.<init>(ContactPage.java:14)
at Pages.ContactPage.<init>(ContactPage.java:14)
at Pages.ContactPage.<init>(ContactPage.java:14)
at Pages.ContactPage.<init>(ContactPage.java:14)
at Pages.ContactPage.<init>(ContactPage.java:14)
at Pages.ContactPage.<init>(ContactPage.java:14)
at Pages.ContactPage.<init>(ContactPage.java:14)
at Pages.ContactPage.<init>(ContactPage.java:14)
at Pages.ContactPage.<init>(ContactPage.java:14)
at Pages.ContactPage.<init>(ContactPage.java:14)
at Pages.ContactPage.<init>(ContactPage.java:14)
at Pages.ContactPage.<init>(ContactPage.java:14)
at Pages.ContactPage.<init>(ContactPage.java:14)
at Pages.ContactPage.<init>(ContactPage.java:14)
at Pages.ContactPage.<init>(ContactPage.java:14)
at Pages.ContactPage.<init>(ContactPage.java:14)
at Pages.ContactPage.<init>(ContactPage.java:14)
at Pages.ContactPage.<init>(ContactPage.java:14)
at Pages.ContactPage.<init>(ContactPage.java:14)
at Pages.ContactPage.<init>(ContactPage.java:14)
at Pages.ContactPage.<init>(ContactPage.java:14)
at Pages.ContactPage.<init>(ContactPage.java:14)
at Pages.ContactPage.<init>(ContactPage.java:14)
at Pages.ContactPage.<init>(ContactPage.java:14)
at Pages.ContactPage.<init>(ContactPage.java:14)
at Pages.ContactPage.<init>(ContactPage.java:14)
at Pages.ContactPage.<init>(ContactPage.java:14)
at Pages.ContactPage.<init>(ContactPage.java:14)
at Pages.ContactPage.<init>(ContactPage.java:14)
at Pages.ContactPage.<init>(ContactPage.java:14)
at Pages.ContactPage.<init>(ContactPage.java:14)
at Pages.ContactPage.<init>(ContactPage.java:14)
at Pages.ContactPage.<init>(ContactPage.java:14)
at Pages.ContactPage.<init>(ContactPage.java:14)
at Pages.ContactPage.<init>(ContactPage.java:14)
at Pages.ContactPage.<init>(ContactPage.java:14)
at Pages.ContactPage.<init>(ContactPage.java:14)
at Pages.ContactPage.<init>(ContactPage.java:14)
at Pages.ContactPage.<init>(ContactPage.java:14)
at Pages.ContactPage.<init>(ContactPage.java:14)
at Pages.ContactPage.<init>(ContactPage.java:14)
at Pages.ContactPage.<init>(ContactPage.java:14)
at Pages.ContactPage.<init>(ContactPage.java:14)
at Pages.ContactPage.<init>(ContactPage.java:14)
at Pages.ContactPage.<init>(ContactPage.java:14)
at Pages.ContactPage.<init>(ContactPage.java:14)
at Pages.ContactPage.<init>(ContactPage.java:14)
at Pages.ContactPage.<init>(ContactPage.java:14)
at Pages.ContactPage.<init>(ContactPage.java:14)
at Pages.ContactPage.<init>(ContactPage.java:14)
at Pages.ContactPage.<init>(ContactPage.java:14)
at Pages.ContactPage.<init>(ContactPage.java:14)
at Pages.ContactPage.<init>(ContactPage.java:14)
at Pages.ContactPage.<init>(ContactPage.java:14)
at Pages.ContactPage.<init>(ContactPage.java:14)
at Pages.ContactPage.<init>(ContactPage.java:14)
at Pages.ContactPage.<init>(ContactPage.java:14)
at Pages.ContactPage.<init>(ContactPage.java:14)
at Pages.ContactPage.<init>(ContactPage.java:14)
at Pages.ContactPage.<init>(ContactPage.java:14)
at Pages.ContactPage.<init>(ContactPage.java:14)
at Pages.ContactPage.<init>(ContactPage.java:14)
at Pages.ContactPage.<init>(ContactPage.java:14)
at Pages.ContactPage.<init>(ContactPage.java:14)
at Pages.ContactPage.<init>(ContactPage.java:14)
at Pages.ContactPage.<init>(ContactPage.java:14)
at Pages.ContactPage.<init>(ContactPage.java:14)
at Pages.ContactPage.<init>(ContactPage.java:14)
at Pages.ContactPage.<init>(ContactPage.java:14)
at Pages.ContactPage.<init>(ContactPage.java:14)
at Pages.ContactPage.<init>(ContactPage.java:14)
at Pages.ContactPage.<init>(ContactPage.java:14)
at Pages.ContactPage.<init>(ContactPage.java:14)
at Pages.ContactPage.<init>(ContactPage.java:14)
at Pages.ContactPage.<init>(ContactPage.java:14)
at Pages.ContactPage.<init>(ContactPage.java:14)
]]>
    </failure>
  </testcase> <!-- @BeforeMethod beforeMethod -->
  <testcase classname="Testcases.NewTest" name="@AfterMethod afterMethod" time="-1.634652716986E9">
    <skipped/>
  </testcase> <!-- @AfterMethod afterMethod -->
  <testcase classname="Testcases.NewTest" name="@BeforeMethod beforeMethod" time="-1.634652716991E9">
    <skipped/>
  </testcase> <!-- @BeforeMethod beforeMethod -->
  <testcase classname="Testcases.NewTest" name="@AfterMethod afterMethod" time="-1.634652717026E9">
    <skipped/>
  </testcase> <!-- @AfterMethod afterMethod -->
  <testcase classname="Testcases.New_ContactTest" name="@BeforeMethod beforemethod" time="42.24">
    <failure type="org.openqa.selenium.TimeoutException" message="TimedPromise timed out after 20000 ms
Build info: version: &amp;apos;3.141.59&amp;apos;, revision: &amp;apos;e82be7d358&amp;apos;, time: &amp;apos;2018-11-14T08:17:03&amp;apos;
System info: host: &amp;apos;DESKTOP-TTB3E54&amp;apos;, ip: &amp;apos;192.168.186.1&amp;apos;, os.name: &amp;apos;Windows 10&amp;apos;, os.arch: &amp;apos;amd64&amp;apos;, os.version: &amp;apos;10.0&amp;apos;, java.version: &amp;apos;11.0.12&amp;apos;
Driver info: org.openqa.selenium.firefox.FirefoxDriver
Capabilities {acceptInsecureCerts: true, browserName: firefox, browserVersion: 93.0, javascriptEnabled: true, moz:accessibilityChecks: false, moz:buildID: 20210927210923, moz:geckodriverVersion: 0.29.1, moz:headless: false, moz:processID: 1300, moz:profile: C:\Users\SHIV\AppData\Local..., moz:shutdownTimeout: 60000, moz:useNonSpecCompliantPointerOrigin: false, moz:webdriverClick: true, pageLoadStrategy: normal, platform: WINDOWS, platformName: WINDOWS, platformVersion: 10.0, proxy: Proxy(), setWindowRect: true, strictFileInteractability: false, timeouts: {implicit: 0, pageLoad: 300000, script: 30000}, unhandledPromptBehavior: dismiss and notify}
Session ID: 55022b38-6963-4c56-9040-e7e63039d199">
      <![CDATA[org.openqa.selenium.TimeoutException: TimedPromise timed out after 20000 ms
Build info: version: '3.141.59', revision: 'e82be7d358', time: '2018-11-14T08:17:03'
System info: host: 'DESKTOP-TTB3E54', ip: '192.168.186.1', os.name: 'Windows 10', os.arch: 'amd64', os.version: '10.0', java.version: '11.0.12'
Driver info: org.openqa.selenium.firefox.FirefoxDriver
Capabilities {acceptInsecureCerts: true, browserName: firefox, browserVersion: 93.0, javascriptEnabled: true, moz:accessibilityChecks: false, moz:buildID: 20210927210923, moz:geckodriverVersion: 0.29.1, moz:headless: false, moz:processID: 1300, moz:profile: C:\Users\SHIV\AppData\Local..., moz:shutdownTimeout: 60000, moz:useNonSpecCompliantPointerOrigin: false, moz:webdriverClick: true, pageLoadStrategy: normal, platform: WINDOWS, platformName: WINDOWS, platformVersion: 10.0, proxy: Proxy(), setWindowRect: true, strictFileInteractability: false, timeouts: {implicit: 0, pageLoad: 300000, script: 30000}, unhandledPromptBehavior: dismiss and notify}
Session ID: 55022b38-6963-4c56-9040-e7e63039d199
at org.openqa.selenium.remote.http.W3CHttpResponseCodec.createException(W3CHttpResponseCodec.java:187)
at org.openqa.selenium.remote.http.W3CHttpResponseCodec.decode(W3CHttpResponseCodec.java:122)
at org.openqa.selenium.remote.http.W3CHttpResponseCodec.decode(W3CHttpResponseCodec.java:49)
at org.openqa.selenium.remote.HttpCommandExecutor.execute(HttpCommandExecutor.java:158)
at org.openqa.selenium.remote.service.DriverCommandExecutor.execute(DriverCommandExecutor.java:83)
at org.openqa.selenium.remote.RemoteWebDriver.execute(RemoteWebDriver.java:552)
at org.openqa.selenium.remote.RemoteWebDriver.get(RemoteWebDriver.java:277)
at Base.TestBase.browserinitialize(TestBase.java:62)
at Testcases.New_ContactTest.beforemethod(New_ContactTest.java:54)
at java.base/java.util.ArrayList.forEach(ArrayList.java:1541)
... Removed 35 stack frames]]>
    </failure>
  </testcase> <!-- @BeforeMethod beforemethod -->
  <testcase classname="Testcases.New_ContactTest" name="@AfterMethod aftermethod" time="-1.634654211486E9">
    <skipped/>
  </testcase> <!-- @AfterMethod aftermethod -->
  <testcase classname="Testcases.New_ContactTest" name="@BeforeMethod beforemethod" time="-1.634654211488E9">
    <skipped/>
  </testcase> <!-- @BeforeMethod beforemethod -->
  <testcase classname="Testcases.New_ContactTest" name="@AfterMethod aftermethod" time="-1.634654211492E9">
    <skipped/>
  </testcase> <!-- @AfterMethod aftermethod -->
  <testcase classname="Testcases.HomePageTest" name="ValidatedressesLink" time="0.182"/>
  <testcase classname="Testcases.HomePageTest" name="Validatewomenlink" time="0.087"/>
  <testcase classname="Testcases.HomePageTest" name="Validate_tshirtsLink" time="0.626"/>
  <testcase classname="Testcases.NewTest" name="Validate_wrongemail" time="0.0">
    <skipped/>
  </testcase> <!-- Validate_wrongemail -->
  <testcase classname="Testcases.NewTest" name="login" time="0.0">
    <skipped/>
  </testcase> <!-- login -->
  <testcase classname="Testcases.New_ContactTest" name="fillalldetails" time="189.986">
    <failure type="java.lang.StackOverflowError">
      <![CDATA[java.lang.StackOverflowError
at java.base/java.security.AccessController.doPrivileged(Native Method)
at java.base/java.util.ResourceBundle.getLoader(ResourceBundle.java:584)
at java.base/java.util.ResourceBundle.getBundleImpl(ResourceBundle.java:1581)
at java.base/java.util.ResourceBundle.getBundleImpl(ResourceBundle.java:1556)
at java.base/java.util.ResourceBundle.getBundle(ResourceBundle.java:932)
at java.xml/jdk.xml.internal.SecuritySupport.lambda$getResourceBundle$5(SecuritySupport.java:269)
at java.base/java.security.AccessController.doPrivileged(Native Method)
at java.xml/jdk.xml.internal.SecuritySupport.getResourceBundle(SecuritySupport.java:267)
at java.xml/com.sun.org.apache.xerces.internal.util.SAXMessageFormatter.formatMessage(SAXMessageFormatter.java:59)
at java.xml/com.sun.org.apache.xerces.internal.parsers.AbstractSAXParser.getProperty(AbstractSAXParser.java:2068)
at java.xml/com.sun.org.apache.xerces.internal.jaxp.SAXParserImpl$JAXPSAXParser.setProperty(SAXParserImpl.java:571)
at org.dom4j.io.SAXHelper.setParserProperty(SAXHelper.java:35)
at org.dom4j.io.SAXReader.configureReader(SAXReader.java:621)
at org.dom4j.io.SAXReader.read(SAXReader.java:321)
at org.dom4j.io.SAXReader.read(SAXReader.java:246)
at org.apache.poi.openxml4j.opc.PackageRelationshipCollection.parseRelationshipsPart(PackageRelationshipCollection.java:305)
at org.apache.poi.openxml4j.opc.PackageRelationshipCollection.<init>(PackageRelationshipCollection.java:156)
at org.apache.poi.openxml4j.opc.PackageRelationshipCollection.<init>(PackageRelationshipCollection.java:124)
at org.apache.poi.openxml4j.opc.PackagePart.loadRelationships(PackagePart.java:527)
at org.apache.poi.openxml4j.opc.PackagePart.<init>(PackagePart.java:112)
at org.apache.poi.openxml4j.opc.PackagePart.<init>(PackagePart.java:83)
at org.apache.poi.openxml4j.opc.PackagePart.<init>(PackagePart.java:128)
at org.apache.poi.openxml4j.opc.ZipPackagePart.<init>(ZipPackagePart.java:78)
at org.apache.poi.openxml4j.opc.ZipPackage.getPartsImpl(ZipPackage.java:187)
at org.apache.poi.openxml4j.opc.OPCPackage.getParts(OPCPackage.java:585)
at org.apache.poi.openxml4j.opc.OPCPackage.open(OPCPackage.java:201)
at org.apache.poi.openxml4j.opc.OPCPackage.open(OPCPackage.java:178)
at org.apache.poi.util.PackageHelper.open(PackageHelper.java:53)
at org.apache.poi.xssf.usermodel.XSSFWorkbook.<init>(XSSFWorkbook.java:176)
at Utilities.Xls_Reader.<init>(Xls_Reader.java:32)
at Base.TestBase.<init>(TestBase.java:32)
at Pages.ContactPage.<init>(ContactPage.java:37)
at Pages.ContactPage.<init>(ContactPage.java:14)
at Pages.ContactPage.<init>(ContactPage.java:14)
at Pages.ContactPage.<init>(ContactPage.java:14)
at Pages.ContactPage.<init>(ContactPage.java:14)
at Pages.ContactPage.<init>(ContactPage.java:14)
at Pages.ContactPage.<init>(ContactPage.java:14)
at Pages.ContactPage.<init>(ContactPage.java:14)
at Pages.ContactPage.<init>(ContactPage.java:14)
at Pages.ContactPage.<init>(ContactPage.java:14)
at Pages.ContactPage.<init>(ContactPage.java:14)
at Pages.ContactPage.<init>(ContactPage.java:14)
at Pages.ContactPage.<init>(ContactPage.java:14)
at Pages.ContactPage.<init>(ContactPage.java:14)
at Pages.ContactPage.<init>(ContactPage.java:14)
at Pages.ContactPage.<init>(ContactPage.java:14)
at Pages.ContactPage.<init>(ContactPage.java:14)
at Pages.ContactPage.<init>(ContactPage.java:14)
at Pages.ContactPage.<init>(ContactPage.java:14)
at Pages.ContactPage.<init>(ContactPage.java:14)
at Pages.ContactPage.<init>(ContactPage.java:14)
at Pages.ContactPage.<init>(ContactPage.java:14)
at Pages.ContactPage.<init>(ContactPage.java:14)
at Pages.ContactPage.<init>(ContactPage.java:14)
at Pages.ContactPage.<init>(ContactPage.java:14)
at Pages.ContactPage.<init>(ContactPage.java:14)
at Pages.ContactPage.<init>(ContactPage.java:14)
at Pages.ContactPage.<init>(ContactPage.java:14)
at Pages.ContactPage.<init>(ContactPage.java:14)
at Pages.ContactPage.<init>(ContactPage.java:14)
at Pages.ContactPage.<init>(ContactPage.java:14)
at Pages.ContactPage.<init>(ContactPage.java:14)
at Pages.ContactPage.<init>(ContactPage.java:14)
at Pages.ContactPage.<init>(ContactPage.java:14)
at Pages.ContactPage.<init>(ContactPage.java:14)
at Pages.ContactPage.<init>(ContactPage.java:14)
at Pages.ContactPage.<init>(ContactPage.java:14)
at Pages.ContactPage.<init>(ContactPage.java:14)
at Pages.ContactPage.<init>(ContactPage.java:14)
at Pages.ContactPage.<init>(ContactPage.java:14)
at Pages.ContactPage.<init>(ContactPage.java:14)
at Pages.ContactPage.<init>(ContactPage.java:14)
at Pages.ContactPage.<init>(ContactPage.java:14)
at Pages.ContactPage.<init>(ContactPage.java:14)
at Pages.ContactPage.<init>(ContactPage.java:14)
at Pages.ContactPage.<init>(ContactPage.java:14)
at Pages.ContactPage.<init>(ContactPage.java:14)
at Pages.ContactPage.<init>(ContactPage.java:14)
at Pages.ContactPage.<init>(ContactPage.java:14)
at Pages.ContactPage.<init>(ContactPage.java:14)
at Pages.ContactPage.<init>(ContactPage.java:14)
at Pages.ContactPage.<init>(ContactPage.java:14)
at Pages.ContactPage.<init>(ContactPage.java:14)
at Pages.ContactPage.<init>(ContactPage.java:14)
at Pages.ContactPage.<init>(ContactPage.java:14)
at Pages.ContactPage.<init>(ContactPage.java:14)
at Pages.ContactPage.<init>(ContactPage.java:14)
at Pages.ContactPage.<init>(ContactPage.java:14)
at Pages.ContactPage.<init>(ContactPage.java:14)
at Pages.ContactPage.<init>(ContactPage.java:14)
at Pages.ContactPage.<init>(ContactPage.java:14)
at Pages.ContactPage.<init>(ContactPage.java:14)
at Pages.ContactPage.<init>(ContactPage.java:14)
at Pages.ContactPage.<init>(ContactPage.java:14)
at Pages.ContactPage.<init>(ContactPage.java:14)
at Pages.ContactPage.<init>(ContactPage.java:14)
at Pages.ContactPage.<init>(ContactPage.java:14)
at Pages.ContactPage.<init>(ContactPage.java:14)
at Pages.ContactPage.<init>(ContactPage.java:14)
at Pages.ContactPage.<init>(ContactPage.java:14)
at Pages.ContactPage.<init>(ContactPage.java:14)
at Pages.ContactPage.<init>(ContactPage.java:14)
at Pages.ContactPage.<init>(ContactPage.java:14)
at Pages.ContactPage.<init>(ContactPage.java:14)
at Pages.ContactPage.<init>(ContactPage.java:14)
at Pages.ContactPage.<init>(ContactPage.java:14)
at Pages.ContactPage.<init>(ContactPage.java:14)
at Pages.ContactPage.<init>(ContactPage.java:14)
at Pages.ContactPage.<init>(ContactPage.java:14)
at Pages.ContactPage.<init>(ContactPage.java:14)
at Pages.ContactPage.<init>(ContactPage.java:14)
at Pages.ContactPage.<init>(ContactPage.java:14)
at Pages.ContactPage.<init>(ContactPage.java:14)
at Pages.ContactPage.<init>(ContactPage.java:14)
at Pages.ContactPage.<init>(ContactPage.java:14)
at Pages.ContactPage.<init>(ContactPage.java:14)
at Pages.ContactPage.<init>(ContactPage.java:14)
at Pages.ContactPage.<init>(ContactPage.java:14)
at Pages.ContactPage.<init>(ContactPage.java:14)
at Pages.ContactPage.<init>(ContactPage.java:14)
at Pages.ContactPage.<init>(ContactPage.java:14)
at Pages.ContactPage.<init>(ContactPage.java:14)
at Pages.ContactPage.<init>(ContactPage.java:14)
at Pages.ContactPage.<init>(ContactPage.java:14)
at Pages.ContactPage.<init>(ContactPage.java:14)
at Pages.ContactPage.<init>(ContactPage.java:14)
at Pages.ContactPage.<init>(ContactPage.java:14)
at Pages.ContactPage.<init>(ContactPage.java:14)
at Pages.ContactPage.<init>(ContactPage.java:14)
at Pages.ContactPage.<init>(ContactPage.java:14)
at Pages.ContactPage.<init>(ContactPage.java:14)
at Pages.ContactPage.<init>(ContactPage.java:14)
at Pages.ContactPage.<init>(ContactPage.java:14)
at Pages.ContactPage.<init>(ContactPage.java:14)
at Pages.ContactPage.<init>(ContactPage.java:14)
at Pages.ContactPage.<init>(ContactPage.java:14)
at Pages.ContactPage.<init>(ContactPage.java:14)
at Pages.ContactPage.<init>(ContactPage.java:14)
at Pages.ContactPage.<init>(ContactPage.java:14)
at Pages.ContactPage.<init>(ContactPage.java:14)
at Pages.ContactPage.<init>(ContactPage.java:14)
at Pages.ContactPage.<init>(ContactPage.java:14)
at Pages.ContactPage.<init>(ContactPage.java:14)
at Pages.ContactPage.<init>(ContactPage.java:14)
at Pages.ContactPage.<init>(ContactPage.java:14)
at Pages.ContactPage.<init>(ContactPage.java:14)
at Pages.ContactPage.<init>(ContactPage.java:14)
at Pages.ContactPage.<init>(ContactPage.java:14)
at Pages.ContactPage.<init>(ContactPage.java:14)
at Pages.ContactPage.<init>(ContactPage.java:14)
at Pages.ContactPage.<init>(ContactPage.java:14)
at Pages.ContactPage.<init>(ContactPage.java:14)
at Pages.ContactPage.<init>(ContactPage.java:14)
at Pages.ContactPage.<init>(ContactPage.java:14)
at Pages.ContactPage.<init>(ContactPage.java:14)
at Pages.ContactPage.<init>(ContactPage.java:14)
at Pages.ContactPage.<init>(ContactPage.java:14)
at Pages.ContactPage.<init>(ContactPage.java:14)
at Pages.ContactPage.<init>(ContactPage.java:14)
at Pages.ContactPage.<init>(ContactPage.java:14)
at Pages.ContactPage.<init>(ContactPage.java:14)
at Pages.ContactPage.<init>(ContactPage.java:14)
at Pages.ContactPage.<init>(ContactPage.java:14)
at Pages.ContactPage.<init>(ContactPage.java:14)
at Pages.ContactPage.<init>(ContactPage.java:14)
at Pages.ContactPage.<init>(ContactPage.java:14)
at Pages.ContactPage.<init>(ContactPage.java:14)
at Pages.ContactPage.<init>(ContactPage.java:14)
at Pages.ContactPage.<init>(ContactPage.java:14)
at Pages.ContactPage.<init>(ContactPage.java:14)
at Pages.ContactPage.<init>(ContactPage.java:14)
at Pages.ContactPage.<init>(ContactPage.java:14)
at Pages.ContactPage.<init>(ContactPage.java:14)
at Pages.ContactPage.<init>(ContactPage.java:14)
at Pages.ContactPage.<init>(ContactPage.java:14)
at Pages.ContactPage.<init>(ContactPage.java:14)
at Pages.ContactPage.<init>(ContactPage.java:14)
at Pages.ContactPage.<init>(ContactPage.java:14)
at Pages.ContactPage.<init>(ContactPage.java:14)
at Pages.ContactPage.<init>(ContactPage.java:14)
at Pages.ContactPage.<init>(ContactPage.java:14)
at Pages.ContactPage.<init>(ContactPage.java:14)
at Pages.ContactPage.<init>(ContactPage.java:14)
at Pages.ContactPage.<init>(ContactPage.java:14)
at Pages.ContactPage.<init>(ContactPage.java:14)
at Pages.ContactPage.<init>(ContactPage.java:14)
at Pages.ContactPage.<init>(ContactPage.java:14)
at Pages.ContactPage.<init>(ContactPage.java:14)
at Pages.ContactPage.<init>(ContactPage.java:14)
at Pages.ContactPage.<init>(ContactPage.java:14)
at Pages.ContactPage.<init>(ContactPage.java:14)
at Pages.ContactPage.<init>(ContactPage.java:14)
at Pages.ContactPage.<init>(ContactPage.java:14)
at Pages.ContactPage.<init>(ContactPage.java:14)
at Pages.ContactPage.<init>(ContactPage.java:14)
at Pages.ContactPage.<init>(ContactPage.java:14)
at Pages.ContactPage.<init>(ContactPage.java:14)
at Pages.ContactPage.<init>(ContactPage.java:14)
at Pages.ContactPage.<init>(ContactPage.java:14)
at Pages.ContactPage.<init>(ContactPage.java:14)
at Pages.ContactPage.<init>(ContactPage.java:14)
at Pages.ContactPage.<init>(ContactPage.java:14)
at Pages.ContactPage.<init>(ContactPage.java:14)
at Pages.ContactPage.<init>(ContactPage.java:14)
at Pages.ContactPage.<init>(ContactPage.java:14)
at Pages.ContactPage.<init>(ContactPage.java:14)
at Pages.ContactPage.<init>(ContactPage.java:14)
at Pages.ContactPage.<init>(ContactPage.java:14)
at Pages.ContactPage.<init>(ContactPage.java:14)
at Pages.ContactPage.<init>(ContactPage.java:14)
at Pages.ContactPage.<init>(ContactPage.java:14)
at Pages.ContactPage.<init>(ContactPage.java:14)
at Pages.ContactPage.<init>(ContactPage.java:14)
at Pages.ContactPage.<init>(ContactPage.java:14)
at Pages.ContactPage.<init>(ContactPage.java:14)
at Pages.ContactPage.<init>(ContactPage.java:14)
at Pages.ContactPage.<init>(ContactPage.java:14)
at Pages.ContactPage.<init>(ContactPage.java:14)
at Pages.ContactPage.<init>(ContactPage.java:14)
at Pages.ContactPage.<init>(ContactPage.java:14)
at Pages.ContactPage.<init>(ContactPage.java:14)
at Pages.ContactPage.<init>(ContactPage.java:14)
at Pages.ContactPage.<init>(ContactPage.java:14)
at Pages.ContactPage.<init>(ContactPage.java:14)
at Pages.ContactPage.<init>(ContactPage.java:14)
at Pages.ContactPage.<init>(ContactPage.java:14)
at Pages.ContactPage.<init>(ContactPage.java:14)
at Pages.ContactPage.<init>(ContactPage.java:14)
at Pages.ContactPage.<init>(ContactPage.java:14)
at Pages.ContactPage.<init>(ContactPage.java:14)
at Pages.ContactPage.<init>(ContactPage.java:14)
at Pages.ContactPage.<init>(ContactPage.java:14)
at Pages.ContactPage.<init>(ContactPage.java:14)
at Pages.ContactPage.<init>(ContactPage.java:14)
at Pages.ContactPage.<init>(ContactPage.java:14)
at Pages.ContactPage.<init>(ContactPage.java:14)
at Pages.ContactPage.<init>(ContactPage.java:14)
at Pages.ContactPage.<init>(ContactPage.java:14)
at Pages.ContactPage.<init>(ContactPage.java:14)
at Pages.ContactPage.<init>(ContactPage.java:14)
at Pages.ContactPage.<init>(ContactPage.java:14)
at Pages.ContactPage.<init>(ContactPage.java:14)
at Pages.ContactPage.<init>(ContactPage.java:14)
at Pages.ContactPage.<init>(ContactPage.java:14)
at Pages.ContactPage.<init>(ContactPage.java:14)
at Pages.ContactPage.<init>(ContactPage.java:14)
at Pages.ContactPage.<init>(ContactPage.java:14)
at Pages.ContactPage.<init>(ContactPage.java:14)
at Pages.ContactPage.<init>(ContactPage.java:14)
at Pages.ContactPage.<init>(ContactPage.java:14)
at Pages.ContactPage.<init>(ContactPage.java:14)
at Pages.ContactPage.<init>(ContactPage.java:14)
at Pages.ContactPage.<init>(ContactPage.java:14)
at Pages.ContactPage.<init>(ContactPage.java:14)
at Pages.ContactPage.<init>(ContactPage.java:14)
at Pages.ContactPage.<init>(ContactPage.java:14)
at Pages.ContactPage.<init>(ContactPage.java:14)
at Pages.ContactPage.<init>(ContactPage.java:14)
at Pages.ContactPage.<init>(ContactPage.java:14)
at Pages.ContactPage.<init>(ContactPage.java:14)
at Pages.ContactPage.<init>(ContactPage.java:14)
at Pages.ContactPage.<init>(ContactPage.java:14)
at Pages.ContactPage.<init>(ContactPage.java:14)
at Pages.ContactPage.<init>(ContactPage.java:14)
at Pages.ContactPage.<init>(ContactPage.java:14)
at Pages.ContactPage.<init>(ContactPage.java:14)
at Pages.ContactPage.<init>(ContactPage.java:14)
at Pages.ContactPage.<init>(ContactPage.java:14)
at Pages.ContactPage.<init>(ContactPage.java:14)
at Pages.ContactPage.<init>(ContactPage.java:14)
at Pages.ContactPage.<init>(ContactPage.java:14)
at Pages.ContactPage.<init>(ContactPage.java:14)
at Pages.ContactPage.<init>(ContactPage.java:14)
at Pages.ContactPage.<init>(ContactPage.java:14)
at Pages.ContactPage.<init>(ContactPage.java:14)
at Pages.ContactPage.<init>(ContactPage.java:14)
at Pages.ContactPage.<init>(ContactPage.java:14)
at Pages.ContactPage.<init>(ContactPage.java:14)
at Pages.ContactPage.<init>(ContactPage.java:14)
at Pages.ContactPage.<init>(ContactPage.java:14)
at Pages.ContactPage.<init>(ContactPage.java:14)
at Pages.ContactPage.<init>(ContactPage.java:14)
at Pages.ContactPage.<init>(ContactPage.java:14)
at Pages.ContactPage.<init>(ContactPage.java:14)
at Pages.ContactPage.<init>(ContactPage.java:14)
at Pages.ContactPage.<init>(ContactPage.java:14)
at Pages.ContactPage.<init>(ContactPage.java:14)
at Pages.ContactPage.<init>(ContactPage.java:14)
at Pages.ContactPage.<init>(ContactPage.java:14)
at Pages.ContactPage.<init>(ContactPage.java:14)
at Pages.ContactPage.<init>(ContactPage.java:14)
at Pages.ContactPage.<init>(ContactPage.java:14)
at Pages.ContactPage.<init>(ContactPage.java:14)
at Pages.ContactPage.<init>(ContactPage.java:14)
at Pages.ContactPage.<init>(ContactPage.java:14)
at Pages.ContactPage.<init>(ContactPage.java:14)
at Pages.ContactPage.<init>(ContactPage.java:14)
at Pages.ContactPage.<init>(ContactPage.java:14)
at Pages.ContactPage.<init>(ContactPage.java:14)
at Pages.ContactPage.<init>(ContactPage.java:14)
at Pages.ContactPage.<init>(ContactPage.java:14)
at Pages.ContactPage.<init>(ContactPage.java:14)
at Pages.ContactPage.<init>(ContactPage.java:14)
at Pages.ContactPage.<init>(ContactPage.java:14)
at Pages.ContactPage.<init>(ContactPage.java:14)
at Pages.ContactPage.<init>(ContactPage.java:14)
at Pages.ContactPage.<init>(ContactPage.java:14)
at Pages.ContactPage.<init>(ContactPage.java:14)
at Pages.ContactPage.<init>(ContactPage.java:14)
at Pages.ContactPage.<init>(ContactPage.java:14)
at Pages.ContactPage.<init>(ContactPage.java:14)
at Pages.ContactPage.<init>(ContactPage.java:14)
at Pages.ContactPage.<init>(ContactPage.java:14)
at Pages.ContactPage.<init>(ContactPage.java:14)
at Pages.ContactPage.<init>(ContactPage.java:14)
at Pages.ContactPage.<init>(ContactPage.java:14)
at Pages.ContactPage.<init>(ContactPage.java:14)
at Pages.ContactPage.<init>(ContactPage.java:14)
at Pages.ContactPage.<init>(ContactPage.java:14)
at Pages.ContactPage.<init>(ContactPage.java:14)
at Pages.ContactPage.<init>(ContactPage.java:14)
at Pages.ContactPage.<init>(ContactPage.java:14)
at Pages.ContactPage.<init>(ContactPage.java:14)
at Pages.ContactPage.<init>(ContactPage.java:14)
at Pages.ContactPage.<init>(ContactPage.java:14)
at Pages.ContactPage.<init>(ContactPage.java:14)
at Pages.ContactPage.<init>(ContactPage.java:14)
at Pages.ContactPage.<init>(ContactPage.java:14)
at Pages.ContactPage.<init>(ContactPage.java:14)
at Pages.ContactPage.<init>(ContactPage.java:14)
at Pages.ContactPage.<init>(ContactPage.java:14)
at Pages.ContactPage.<init>(ContactPage.java:14)
at Pages.ContactPage.<init>(ContactPage.java:14)
at Pages.ContactPage.<init>(ContactPage.java:14)
at Pages.ContactPage.<init>(ContactPage.java:14)
at Pages.ContactPage.<init>(ContactPage.java:14)
at Pages.ContactPage.<init>(ContactPage.java:14)
at Pages.ContactPage.<init>(ContactPage.java:14)
at Pages.ContactPage.<init>(ContactPage.java:14)
at Pages.ContactPage.<init>(ContactPage.java:14)
at Pages.ContactPage.<init>(ContactPage.java:14)
at Pages.ContactPage.<init>(ContactPage.java:14)
at Pages.ContactPage.<init>(ContactPage.java:14)
at Pages.ContactPage.<init>(ContactPage.java:14)
at Pages.ContactPage.<init>(ContactPage.java:14)
at Pages.ContactPage.<init>(ContactPage.java:14)
at Pages.ContactPage.<init>(ContactPage.java:14)
at Pages.ContactPage.<init>(ContactPage.java:14)
at Pages.ContactPage.<init>(ContactPage.java:14)
at Pages.ContactPage.<init>(ContactPage.java:14)
at Pages.ContactPage.<init>(ContactPage.java:14)
at Pages.ContactPage.<init>(ContactPage.java:14)
at Pages.ContactPage.<init>(ContactPage.java:14)
at Pages.ContactPage.<init>(ContactPage.java:14)
at Pages.ContactPage.<init>(ContactPage.java:14)
at Pages.ContactPage.<init>(ContactPage.java:14)
at Pages.ContactPage.<init>(ContactPage.java:14)
at Pages.ContactPage.<init>(ContactPage.java:14)
at Pages.ContactPage.<init>(ContactPage.java:14)
at Pages.ContactPage.<init>(ContactPage.java:14)
at Pages.ContactPage.<init>(ContactPage.java:14)
at Pages.ContactPage.<init>(ContactPage.java:14)
at Pages.ContactPage.<init>(ContactPage.java:14)
at Pages.ContactPage.<init>(ContactPage.java:14)
at Pages.ContactPage.<init>(ContactPage.java:14)
at Pages.ContactPage.<init>(ContactPage.java:14)
at Pages.ContactPage.<init>(ContactPage.java:14)
at Pages.ContactPage.<init>(ContactPage.java:14)
at Pages.ContactPage.<init>(ContactPage.java:14)
at Pages.ContactPage.<init>(ContactPage.java:14)
at Pages.ContactPage.<init>(ContactPage.java:14)
at Pages.ContactPage.<init>(ContactPage.java:14)
at Pages.ContactPage.<init>(ContactPage.java:14)
at Pages.ContactPage.<init>(ContactPage.java:14)
at Pages.ContactPage.<init>(ContactPage.java:14)
at Pages.ContactPage.<init>(ContactPage.java:14)
at Pages.ContactPage.<init>(ContactPage.java:14)
at Pages.ContactPage.<init>(ContactPage.java:14)
at Pages.ContactPage.<init>(ContactPage.java:14)
at Pages.ContactPage.<init>(ContactPage.java:14)
at Pages.ContactPage.<init>(ContactPage.java:14)
at Pages.ContactPage.<init>(ContactPage.java:14)
at Pages.ContactPage.<init>(ContactPage.java:14)
at Pages.ContactPage.<init>(ContactPage.java:14)
at Pages.ContactPage.<init>(ContactPage.java:14)
at Pages.ContactPage.<init>(ContactPage.java:14)
at Pages.ContactPage.<init>(ContactPage.java:14)
at Pages.ContactPage.<init>(ContactPage.java:14)
at Pages.ContactPage.<init>(ContactPage.java:14)
at Pages.ContactPage.<init>(ContactPage.java:14)
at Pages.ContactPage.<init>(ContactPage.java:14)
at Pages.ContactPage.<init>(ContactPage.java:14)
at Pages.ContactPage.<init>(ContactPage.java:14)
at Pages.ContactPage.<init>(ContactPage.java:14)
at Pages.ContactPage.<init>(ContactPage.java:14)
at Pages.ContactPage.<init>(ContactPage.java:14)
at Pages.ContactPage.<init>(ContactPage.java:14)
at Pages.ContactPage.<init>(ContactPage.java:14)
at Pages.ContactPage.<init>(ContactPage.java:14)
at Pages.ContactPage.<init>(ContactPage.java:14)
at Pages.ContactPage.<init>(ContactPage.java:14)
at Pages.ContactPage.<init>(ContactPage.java:14)
at Pages.ContactPage.<init>(ContactPage.java:14)
at Pages.ContactPage.<init>(ContactPage.java:14)
at Pages.ContactPage.<init>(ContactPage.java:14)
at Pages.ContactPage.<init>(ContactPage.java:14)
at Pages.ContactPage.<init>(ContactPage.java:14)
at Pages.ContactPage.<init>(ContactPage.java:14)
at Pages.ContactPage.<init>(ContactPage.java:14)
at Pages.ContactPage.<init>(ContactPage.java:14)
at Pages.ContactPage.<init>(ContactPage.java:14)
at Pages.ContactPage.<init>(ContactPage.java:14)
at Pages.ContactPage.<init>(ContactPage.java:14)
at Pages.ContactPage.<init>(ContactPage.java:14)
at Pages.ContactPage.<init>(ContactPage.java:14)
at Pages.ContactPage.<init>(ContactPage.java:14)
at Pages.ContactPage.<init>(ContactPage.java:14)
at Pages.ContactPage.<init>(ContactPage.java:14)
at Pages.ContactPage.<init>(ContactPage.java:14)
at Pages.ContactPage.<init>(ContactPage.java:14)
at Pages.ContactPage.<init>(ContactPage.java:14)
at Pages.ContactPage.<init>(ContactPage.java:14)
at Pages.ContactPage.<init>(ContactPage.java:14)
at Pages.ContactPage.<init>(ContactPage.java:14)
at Pages.ContactPage.<init>(ContactPage.java:14)
at Pages.ContactPage.<init>(ContactPage.java:14)
at Pages.ContactPage.<init>(ContactPage.java:14)
at Pages.ContactPage.<init>(ContactPage.java:14)
at Pages.ContactPage.<init>(ContactPage.java:14)
at Pages.ContactPage.<init>(ContactPage.java:14)
at Pages.ContactPage.<init>(ContactPage.java:14)
at Pages.ContactPage.<init>(ContactPage.java:14)
at Pages.ContactPage.<init>(ContactPage.java:14)
at Pages.ContactPage.<init>(ContactPage.java:14)
at Pages.ContactPage.<init>(ContactPage.java:14)
at Pages.ContactPage.<init>(ContactPage.java:14)
at Pages.ContactPage.<init>(ContactPage.java:14)
at Pages.ContactPage.<init>(ContactPage.java:14)
at Pages.ContactPage.<init>(ContactPage.java:14)
at Pages.ContactPage.<init>(ContactPage.java:14)
at Pages.ContactPage.<init>(ContactPage.java:14)
at Pages.ContactPage.<init>(ContactPage.java:14)
at Pages.ContactPage.<init>(ContactPage.java:14)
at Pages.ContactPage.<init>(ContactPage.java:14)
at Pages.ContactPage.<init>(ContactPage.java:14)
at Pages.ContactPage.<init>(ContactPage.java:14)
at Pages.ContactPage.<init>(ContactPage.java:14)
at Pages.ContactPage.<init>(ContactPage.java:14)
at Pages.ContactPage.<init>(ContactPage.java:14)
at Pages.ContactPage.<init>(ContactPage.java:14)
at Pages.ContactPage.<init>(ContactPage.java:14)
at Pages.ContactPage.<init>(ContactPage.java:14)
at Pages.ContactPage.<init>(ContactPage.java:14)
at Pages.ContactPage.<init>(ContactPage.java:14)
at Pages.ContactPage.<init>(ContactPage.java:14)
at Pages.ContactPage.<init>(ContactPage.java:14)
[...]
at Pages.ContactPage.<init>(ContactPage.java:14)
at Pages.ContactPage.<init>(ContactPage.java:14)
at Pages.ContactPage.<init>(ContactPage.java:14)
at Pages.ContactPage.<init>(ContactPage.java:14)
at Pages.ContactPage.<init>(ContactPage.java:14)
at Pages.ContactPage.<init>(ContactPage.java:14)
at Pages.ContactPage.<init>(ContactPage.java:14)
at Pages.ContactPage.<init>(ContactPage.java:14)
at Pages.ContactPage.<init>(ContactPage.java:14)
at Pages.ContactPage.<init>(ContactPage.java:14)
at Pages.ContactPage.<init>(ContactPage.java:14)
at Pages.ContactPage.<init>(ContactPage.java:14)
at Pages.ContactPage.<init>(ContactPage.java:14)
at Pages.ContactPage.<init>(ContactPage.java:14)
at Pages.ContactPage.<init>(ContactPage.java:14)
at Pages.ContactPage.<init>(ContactPage.java:14)
at Pages.ContactPage.<init>(ContactPage.java:14)
at Pages.ContactPage.<init>(ContactPage.java:14)
at Pages.ContactPage.<init>(ContactPage.java:14)
at Pages.ContactPage.<init>(ContactPage.java:14)
at Pages.ContactPage.<init>(ContactPage.java:14)
at Pages.ContactPage.<init>(ContactPage.java:14)
at Pages.ContactPage.<init>(ContactPage.java:14)
at Pages.ContactPage.<init>(ContactPage.java:14)
at Pages.ContactPage.<init>(ContactPage.java:14)
at Pages.ContactPage.<init>(ContactPage.java:14)
at Pages.ContactPage.<init>(ContactPage.java:14)
at Pages.ContactPage.<init>(ContactPage.java:14)
at Pages.ContactPage.<init>(ContactPage.java:14)
at Pages.ContactPage.<init>(ContactPage.java:14)
at Pages.ContactPage.<init>(ContactPage.java:14)
at Pages.ContactPage.<init>(ContactPage.java:14)
at Pages.ContactPage.<init>(ContactPage.java:14)
at Pages.ContactPage.<init>(ContactPage.java:14)
at Pages.ContactPage.<init>(ContactPage.java:14)
at Pages.ContactPage.<init>(ContactPage.java:14)
at Pages.ContactPage.<init>(ContactPage.java:14)
at Pages.ContactPage.<init>(ContactPage.java:14)
at Pages.ContactPage.<init>(ContactPage.java:14)
at Pages.ContactPage.<init>(ContactPage.java:14)
at Pages.ContactPage.<init>(ContactPage.java:14)
at Pages.ContactPage.<init>(ContactPage.java:14)
at Pages.ContactPage.<init>(ContactPage.java:14)
at Pages.ContactPage.<init>(ContactPage.java:14)
at Pages.ContactPage.<init>(ContactPage.java:14)
at Pages.ContactPage.<init>(ContactPage.java:14)
at Pages.ContactPage.<init>(ContactPage.java:14)
at Pages.ContactPage.<init>(ContactPage.java:14)
at Pages.ContactPage.<init>(ContactPage.java:14)
at Pages.ContactPage.<init>(ContactPage.java:14)
at Pages.ContactPage.<init>(ContactPage.java:14)
at Pages.ContactPage.<init>(ContactPage.java:14)
at Pages.ContactPage.<init>(ContactPage.java:14)
at Pages.ContactPage.<init>(ContactPage.java:14)
at Pages.ContactPage.<init>(ContactPage.java:14)
at Pages.ContactPage.<init>(ContactPage.java:14)
at Pages.ContactPage.<init>(ContactPage.java:14)
at Pages.ContactPage.<init>(ContactPage.java:14)
at Pages.ContactPage.<init>(ContactPage.java:14)
at Pages.ContactPage.<init>(ContactPage.java:14)
at Pages.ContactPage.<init>(ContactPage.java:14)
at Pages.ContactPage.<init>(ContactPage.java:14)
at Pages.ContactPage.<init>(ContactPage.java:14)
at Pages.ContactPage.<init>(ContactPage.java:14)
at Pages.ContactPage.<init>(ContactPage.java:14)
at Pages.ContactPage.<init>(ContactPage.java:14)
at Pages.ContactPage.<init>(ContactPage.java:14)
at Pages.ContactPage.<init>(ContactPage.java:14)
at Pages.ContactPage.<init>(ContactPage.java:14)
at Pages.ContactPage.<init>(ContactPage.java:14)
at Pages.ContactPage.<init>(ContactPage.java:14)
at Pages.ContactPage.<init>(ContactPage.java:14)
at Pages.ContactPage.<init>(ContactPage.java:14)
at Pages.ContactPage.<init>(ContactPage.java:14)
at Pages.ContactPage.<init>(ContactPage.java:14)
at Pages.ContactPage.<init>(ContactPage.java:14)
at Pages.ContactPage.<init>(ContactPage.java:14)
at Pages.ContactPage.<init>(ContactPage.java:14)
at Pages.ContactPage.<init>(ContactPage.java:14)
at Pages.ContactPage.<init>(ContactPage.java:14)
at Pages.ContactPage.<init>(ContactPage.java:14)
at Pages.ContactPage.<init>(ContactPage.java:14)
at Pages.ContactPage.<init>(ContactPage.java:14)
at Pages.ContactPage.<init>(ContactPage.java:14)
at Pages.ContactPage.<init>(ContactPage.java:14)
at Pages.ContactPage.<init>(ContactPage.java:14)
at Pages.ContactPage.<init>(ContactPage.java:14)
at Pages.ContactPage.<init>(ContactPage.java:14)
at Pages.ContactPage.<init>(ContactPage.java:14)
at Pages.ContactPage.<init>(ContactPage.java:14)
at Pages.ContactPage.<init>(ContactPage.java:14)
at Pages.ContactPage.<init>(ContactPage.java:14)
at Pages.ContactPage.<init>(ContactPage.java:14)
at Pages.ContactPage.<init>(ContactPage.java:14)
at Pages.ContactPage.<init>(ContactPage.java:14)
at Pages.ContactPage.<init>(ContactPage.java:14)
at Pages.ContactPage.<init>(ContactPage.java:14)
at Pages.ContactPage.<init>(ContactPage.java:14)
at Pages.ContactPage.<init>(ContactPage.java:14)
at Pages.ContactPage.<init>(ContactPage.java:14)
at Pages.ContactPage.<init>(ContactPage.java:14)
at Pages.ContactPage.<init>(ContactPage.java:14)
at Pages.ContactPage.<init>(ContactPage.java:14)
at Pages.ContactPage.<init>(ContactPage.java:14)
at Pages.ContactPage.<init>(ContactPage.java:14)
at Pages.ContactPage.<init>(ContactPage.java:14)
at Pages.ContactPage.<init>(ContactPage.java:14)
at Pages.ContactPage.<init>(ContactPage.java:14)
at Pages.ContactPage.<init>(ContactPage.java:14)
at Pages.ContactPage.<init>(ContactPage.java:14)
at Pages.ContactPage.<init>(ContactPage.java:14)
at Pages.ContactPage.<init>(ContactPage.java:14)
at Pages.ContactPage.<init>(ContactPage.java:14)
at Pages.ContactPage.<init>(ContactPage.java:14)
at Pages.ContactPage.<init>(ContactPage.java:14)
at Pages.ContactPage.<init>(ContactPage.java:14)
at Pages.ContactPage.<init>(ContactPage.java:14)
at Pages.ContactPage.<init>(ContactPage.java:14)
at Pages.ContactPage.<init>(ContactPage.java:14)
at Pages.ContactPage.<init>(ContactPage.java:14)
at Pages.ContactPage.<init>(ContactPage.java:14)
at Pages.ContactPage.<init>(ContactPage.java:14)
at Pages.ContactPage.<init>(ContactPage.java:14)
at Pages.ContactPage.<init>(ContactPage.java:14)
at Pages.ContactPage.<init>(ContactPage.java:14)
at Pages.ContactPage.<init>(ContactPage.java:14)
at Pages.ContactPage.<init>(ContactPage.java:14)
at Pages.ContactPage.<init>(ContactPage.java:14)
at Pages.ContactPage.<init>(ContactPage.java:14)
at Pages.ContactPage.<init>(ContactPage.java:14)
at Pages.ContactPage.<init>(ContactPage.java:14)
at Pages.ContactPage.<init>(ContactPage.java:14)
at Pages.ContactPage.<init>(ContactPage.java:14)
at Pages.ContactPage.<init>(ContactPage.java:14)
at Pages.ContactPage.<init>(ContactPage.java:14)
at Pages.ContactPage.<init>(ContactPage.java:14)
at Pages.ContactPage.<init>(ContactPage.java:14)
at Pages.ContactPage.<init>(ContactPage.java:14)
at Pages.ContactPage.<init>(ContactPage.java:14)
at Pages.ContactPage.<init>(ContactPage.java:14)
at Pages.ContactPage.<init>(ContactPage.java:14)
at Pages.ContactPage.<init>(ContactPage.java:14)
at Pages.ContactPage.<init>(ContactPage.java:14)
at Pages.ContactPage.<init>(ContactPage.java:14)
at Pages.ContactPage.<init>(ContactPage.java:14)
at Pages.ContactPage.<init>(ContactPage.java:14)
at Pages.ContactPage.<init>(ContactPage.java:14)
at Pages.ContactPage.<init>(ContactPage.java:14)
at Pages.ContactPage.<init>(ContactPage.java:14)
at Pages.ContactPage.<init>(ContactPage.java:14)
at Pages.ContactPage.<init>(ContactPage.java:14)
at Pages.ContactPage.<init>(ContactPage.java:14)
at Pages.ContactPage.<init>(ContactPage.java:14)
at Pages.ContactPage.<init>(ContactPage.java:14)
at Pages.ContactPage.<init>(ContactPage.java:14)
at Pages.ContactPage.<init>(ContactPage.java:14)
at Pages.ContactPage.<init>(ContactPage.java:14)
at Pages.ContactPage.<init>(ContactPage.java:14)
at Pages.ContactPage.<init>(ContactPage.java:14)
at Pages.ContactPage.<init>(ContactPage.java:14)
at Pages.ContactPage.<init>(ContactPage.java:14)
at Pages.ContactPage.<init>(ContactPage.java:14)
at Pages.ContactPage.<init>(ContactPage.java:14)
at Pages.ContactPage.<init>(ContactPage.java:14)
at Pages.ContactPage.<init>(ContactPage.java:14)
at Pages.ContactPage.<init>(ContactPage.java:14)
at Pages.ContactPage.<init>(ContactPage.java:14)
at Pages.ContactPage.<init>(ContactPage.java:14)
at Pages.ContactPage.<init>(ContactPage.java:14)
at Pages.ContactPage.<init>(ContactPage.java:14)
at Pages.ContactPage.<init>(ContactPage.java:14)
at Pages.ContactPage.<init>(ContactPage.java:14)
at Pages.ContactPage.<init>(ContactPage.java:14)
at Pages.ContactPage.<init>(ContactPage.java:14)
at Pages.ContactPage.<init>(ContactPage.java:14)
at Pages.ContactPage.<init>(ContactPage.java:14)
at Pages.ContactPage.<init>(ContactPage.java:14)
at Pages.ContactPage.<init>(ContactPage.java:14)
at Pages.ContactPage.<init>(ContactPage.java:14)
at Pages.ContactPage.<init>(ContactPage.java:14)
at Pages.ContactPage.<init>(ContactPage.java:14)
at Pages.ContactPage.<init>(ContactPage.java:14)
at Pages.ContactPage.<init>(ContactPage.java:14)
at Pages.ContactPage.<init>(ContactPage.java:14)
at Pages.ContactPage.<init>(ContactPage.java:14)
at Pages.ContactPage.<init>(ContactPage.java:14)
at Pages.ContactPage.<init>(ContactPage.java:14)
at Pages.ContactPage.<init>(ContactPage.java:14)
at Pages.ContactPage.<init>(ContactPage.java:14)
at Pages.ContactPage.<init>(ContactPage.java:14)
at Pages.ContactPage.<init>(ContactPage.java:14)
at Pages.ContactPage.<init>(ContactPage.java:14)
at Pages.ContactPage.<init>(ContactPage.java:14)
at Pages.ContactPage.<init>(ContactPage.java:14)
at Pages.ContactPage.<init>(ContactPage.java:14)
at Pages.ContactPage.<init>(ContactPage.java:14)
at Pages.ContactPage.<init>(ContactPage.java:14)
at Pages.ContactPage.<init>(ContactPage.java:14)
at Pages.ContactPage.<init>(ContactPage.java:14)
at Pages.ContactPage.<init>(ContactPage.java:14)
at Pages.ContactPage.<init>(ContactPage.java:14)
at Pages.ContactPage.<init>(ContactPage.java:14)
at Pages.ContactPage.<init>(ContactPage.java:14)
at Pages.ContactPage.<init>(ContactPage.java:14)
at Pages.ContactPage.<init>(ContactPage.java:14)
at Pages.ContactPage.<init>(ContactPage.java:14)
at Pages.ContactPage.<init>(ContactPage.java:14)
at Pages.ContactPage.<init>(ContactPage.java:14)
at Pages.ContactPage.<init>(ContactPage.java:14)
at Pages.ContactPage.<init>(ContactPage.java:14)
at Pages.ContactPage.<init>(ContactPage.java:14)
at Pages.ContactPage.<init>(ContactPage.java:14)
at Pages.ContactPage.<init>(ContactPage.java:14)
at Pages.ContactPage.<init>(ContactPage.java:14)
at Pages.ContactPage.<init>(ContactPage.java:14)
at Pages.ContactPage.<init>(ContactPage.java:14)
at Pages.ContactPage.<init>(ContactPage.java:14)
at Pages.ContactPage.<init>(ContactPage.java:14)
at Pages.ContactPage.<init>(ContactPage.java:14)
at Pages.ContactPage.<init>(ContactPage.java:14)
at Pages.ContactPage.<init>(ContactPage.java:14)
at Pages.ContactPage.<init>(ContactPage.java:14)
at Pages.ContactPage.<init>(ContactPage.java:14)
at Pages.ContactPage.<init>(ContactPage.java:14)
at Pages.ContactPage.<init>(ContactPage.java:14)
at Pages.ContactPage.<init>(ContactPage.java:14)
at Pages.ContactPage.<init>(ContactPage.java:14)
at Pages.ContactPage.<init>(ContactPage.java:14)
at Pages.ContactPage.<init>(ContactPage.java:14)
at Pages.ContactPage.<init>(ContactPage.java:14)
at Pages.ContactPage.<init>(ContactPage.java:14)
at Pages.ContactPage.<init>(ContactPage.java:14)
at Pages.ContactPage.<init>(ContactPage.java:14)
at Pages.ContactPage.<init>(ContactPage.java:14)
at Pages.ContactPage.<init>(ContactPage.java:14)
at Pages.ContactPage.<init>(ContactPage.java:14)
at Pages.ContactPage.<init>(ContactPage.java:14)
at Pages.ContactPage.<init>(ContactPage.java:14)
at Pages.ContactPage.<init>(ContactPage.java:14)
at Pages.ContactPage.<init>(ContactPage.java:14)
at Pages.ContactPage.<init>(ContactPage.java:14)
at Pages.ContactPage.<init>(ContactPage.java:14)
at Pages.ContactPage.<init>(ContactPage.java:14)
at Pages.ContactPage.<init>(ContactPage.java:14)
at Pages.ContactPage.<init>(ContactPage.java:14)
at Pages.ContactPage.<init>(ContactPage.java:14)
at Pages.ContactPage.<init>(ContactPage.java:14)
at Pages.ContactPage.<init>(ContactPage.java:14)
at Pages.ContactPage.<init>(ContactPage.java:14)
at Pages.ContactPage.<init>(ContactPage.java:14)
at Pages.ContactPage.<init>(ContactPage.java:14)
at Pages.ContactPage.<init>(ContactPage.java:14)
at Pages.ContactPage.<init>(ContactPage.java:14)
at Pages.ContactPage.<init>(ContactPage.java:14)
at Pages.ContactPage.<init>(ContactPage.java:14)
at Pages.ContactPage.<init>(ContactPage.java:14)
at Pages.ContactPage.<init>(ContactPage.java:14)
at Pages.ContactPage.<init>(ContactPage.java:14)
at Pages.ContactPage.<init>(ContactPage.java:14)
at Pages.ContactPage.<init>(ContactPage.java:14)
at Pages.ContactPage.<init>(ContactPage.java:14)
at Pages.ContactPage.<init>(ContactPage.java:14)
at Pages.ContactPage.<init>(ContactPage.java:14)
at Pages.ContactPage.<init>(ContactPage.java:14)
at Pages.ContactPage.<init>(ContactPage.java:14)
at Pages.ContactPage.<init>(ContactPage.java:14)
at Pages.ContactPage.<init>(ContactPage.java:14)
at Pages.ContactPage.<init>(ContactPage.java:14)
at Pages.ContactPage.<init>(ContactPage.java:14)
at Pages.ContactPage.<init>(ContactPage.java:14)
at Pages.ContactPage.<init>(ContactPage.java:14)
at Pages.ContactPage.<init>(ContactPage.java:14)
at Pages.ContactPage.<init>(ContactPage.java:14)
at Pages.ContactPage.<init>(ContactPage.java:14)
at Pages.ContactPage.<init>(ContactPage.java:14)
at Pages.ContactPage.<init>(ContactPage.java:14)
at Pages.ContactPage.<init>(ContactPage.java:14)
at Pages.ContactPage.<init>(ContactPage.java:14)
at Pages.ContactPage.<init>(ContactPage.java:14)
at Pages.ContactPage.<init>(ContactPage.java:14)
at Pages.ContactPage.<init>(ContactPage.java:14)
at Pages.ContactPage.<init>(ContactPage.java:14)
at Pages.ContactPage.<init>(ContactPage.java:14)
at Pages.ContactPage.<init>(ContactPage.java:14)
at Pages.ContactPage.<init>(ContactPage.java:14)
at Pages.ContactPage.<init>(ContactPage.java:14)
at Pages.ContactPage.<init>(ContactPage.java:14)
at Pages.ContactPage.<init>(ContactPage.java:14)
at Pages.ContactPage.<init>(ContactPage.java:14)
at Pages.ContactPage.<init>(ContactPage.java:14)
at Pages.ContactPage.<init>(ContactPage.java:14)
at Pages.ContactPage.<init>(ContactPage.java:14)
at Pages.ContactPage.<init>(ContactPage.java:14)
at Pages.ContactPage.<init>(ContactPage.java:14)
at Pages.ContactPage.<init>(ContactPage.java:14)
at Pages.ContactPage.<init>(ContactPage.java:14)
at Pages.ContactPage.<init>(ContactPage.java:14)
at Pages.ContactPage.<init>(ContactPage.java:14)
at Pages.ContactPage.<init>(ContactPage.java:14)
at Pages.ContactPage.<init>(ContactPage.java:14)
at Pages.ContactPage.<init>(ContactPage.java:14)
at Pages.ContactPage.<init>(ContactPage.java:14)
at Pages.ContactPage.<init>(ContactPage.java:14)
at Pages.ContactPage.<init>(ContactPage.java:14)
at Pages.ContactPage.<init>(ContactPage.java:14)
at Pages.ContactPage.<init>(ContactPage.java:14)
at Pages.ContactPage.<init>(ContactPage.java:14)
at Pages.ContactPage.<init>(ContactPage.java:14)
at Pages.ContactPage.<init>(ContactPage.java:14)
at Pages.ContactPage.<init>(ContactPage.java:14)
at Pages.ContactPage.<init>(ContactPage.java:14)
at Pages.ContactPage.<init>(ContactPage.java:14)
at Pages.ContactPage.<init>(ContactPage.java:14)
at Pages.ContactPage.<init>(ContactPage.java:14)
at Pages.ContactPage.<init>(ContactPage.java:14)
at Pages.ContactPage.<init>(ContactPage.java:14)
at Pages.ContactPage.<init>(ContactPage.java:14)
at Pages.ContactPage.<init>(ContactPage.java:14)
at Pages.ContactPage.<init>(ContactPage.java:14)
at Pages.ContactPage.<init>(ContactPage.java:14)
at Pages.ContactPage.<init>(ContactPage.java:14)
at Pages.ContactPage.<init>(ContactPage.java:14)
at Pages.ContactPage.<init>(ContactPage.java:14)
at Pages.ContactPage.<init>(ContactPage.java:14)
at Pages.ContactPage.<init>(ContactPage.java:14)
at Pages.ContactPage.<init>(ContactPage.java:14)
at Pages.ContactPage.<init>(ContactPage.java:14)
at Pages.ContactPage.<init>(ContactPage.java:14)
at Pages.ContactPage.<init>(ContactPage.java:14)
at Pages.ContactPage.<init>(ContactPage.java:14)
at Pages.ContactPage.<init>(ContactPage.java:14)
at Pages.ContactPage.<init>(ContactPage.java:14)
at Pages.ContactPage.<init>(ContactPage.java:14)
at Pages.ContactPage.<init>(ContactPage.java:14)
at Pages.ContactPage.<init>(ContactPage.java:14)
at Pages.ContactPage.<init>(ContactPage.java:14)
at Pages.ContactPage.<init>(ContactPage.java:14)
at Pages.ContactPage.<init>(ContactPage.java:14)
at Pages.ContactPage.<init>(ContactPage.java:14)
at Pages.ContactPage.<init>(ContactPage.java:14)
at Pages.ContactPage.<init>(ContactPage.java:14)
at Pages.ContactPage.<init>(ContactPage.java:14)
at Pages.ContactPage.<init>(ContactPage.java:14)
at Pages.ContactPage.<init>(ContactPage.java:14)
at Pages.ContactPage.<init>(ContactPage.java:14)
at Pages.ContactPage.<init>(ContactPage.java:14)
at Pages.ContactPage.<init>(ContactPage.java:14)
at Pages.ContactPage.<init>(ContactPage.java:14)
at Pages.ContactPage.<init>(ContactPage.java:14)
at Pages.ContactPage.<init>(ContactPage.java:14)
at Pages.ContactPage.<init>(ContactPage.java:14)
at Pages.ContactPage.<init>(ContactPage.java:14)
at Pages.ContactPage.<init>(ContactPage.java:14)
at Pages.ContactPage.<init>(ContactPage.java:14)
at Pages.ContactPage.<init>(ContactPage.java:14)
at Pages.ContactPage.<init>(ContactPage.java:14)
at Pages.ContactPage.<init>(ContactPage.java:14)
at Pages.ContactPage.<init>(ContactPage.java:14)
at Pages.ContactPage.<init>(ContactPage.java:14)
at Pages.ContactPage.<init>(ContactPage.java:14)
at Pages.ContactPage.<init>(ContactPage.java:14)
at Pages.ContactPage.<init>(ContactPage.java:14)
at Pages.ContactPage.<init>(ContactPage.java:14)
at Pages.ContactPage.<init>(ContactPage.java:14)
at Pages.ContactPage.<init>(ContactPage.java:14)
at Pages.ContactPage.<init>(ContactPage.java:14)
at Pages.ContactPage.<init>(ContactPage.java:14)
at Pages.ContactPage.<init>(ContactPage.java:14)
at Pages.ContactPage.<init>(ContactPage.java:14)
at Pages.ContactPage.<init>(ContactPage.java:14)
at Pages.ContactPage.<init>(ContactPage.java:14)
at Pages.ContactPage.<init>(ContactPage.java:14)
at Pages.ContactPage.<init>(ContactPage.java:14)
at Pages.ContactPage.<init>(ContactPage.java:14)
at Pages.ContactPage.<init>(ContactPage.java:14)
at Pages.ContactPage.<init>(ContactPage.java:14)
at Pages.ContactPage.<init>(ContactPage.java:14)
at Pages.ContactPage.<init>(ContactPage.java:14)
at Pages.ContactPage.<init>(ContactPage.java:14)
at Pages.ContactPage.<init>(ContactPage.java:14)
at Pages.ContactPage.<init>(ContactPage.java:14)
at Pages.ContactPage.<init>(ContactPage.java:14)
at Pages.ContactPage.<init>(ContactPage.java:14)
at Pages.ContactPage.<init>(ContactPage.java:14)
at Pages.ContactPage.<init>(ContactPage.java:14)
at Pages.ContactPage.<init>(ContactPage.java:14)
at Pages.ContactPage.<init>(ContactPage.java:14)
at Pages.ContactPage.<init>(ContactPage.java:14)
at Pages.ContactPage.<init>(ContactPage.java:14)
at Pages.ContactPage.<init>(ContactPage.java:14)
at Pages.ContactPage.<init>(ContactPage.java:14)
at Pages.ContactPage.<init>(ContactPage.java:14)
at Pages.ContactPage.<init>(ContactPage.java:14)
at Pages.ContactPage.<init>(ContactPage.java:14)
at Pages.ContactPage.<init>(ContactPage.java:14)
at Pages.ContactPage.<init>(ContactPage.java:14)
at Pages.ContactPage.<init>(ContactPage.java:14)
at Pages.ContactPage.<init>(ContactPage.java:14)
at Pages.ContactPage.<init>(ContactPage.java:14)
at Pages.ContactPage.<init>(ContactPage.java:14)
]]>
    </failure>
  </testcase> <!-- fillalldetails -->
  <testcase classname="Testcases.New_ContactTest" name="filldetails" time="0.0">
    <skipped/>
  </testcase> <!-- filldetails -->
  <testcase classname="Testcases.New_ContactTest" name="verifyincompletedetails" time="0.0">
    <skipped/>
  </testcase> <!-- verifyincompletedetails -->
</testsuite> <!-- Test -->
