<?xml version="1.0" encoding="UTF-8"?>
<testng-results ignored="0" total="1" passed="1" failed="0" skipped="0">
  <reporter-output>
  </reporter-output>
  <suite started-at="2021-07-25T18:34:06 EDT" name="Testcases.NewTest" finished-at="2021-07-25T18:34:22 EDT" duration-ms="15579">
    <groups>
    </groups>
    <test started-at="2021-07-25T18:34:06 EDT" name="Command line test" finished-at="2021-07-25T18:34:22 EDT" duration-ms="15579">
      <class name="Testcases.NewTest">
        <test-method is-config="true" signature="beforeMethod()[pri:0, instance:Testcases.NewTest@6572421]" started-at="2021-07-25T18:34:06 EDT" name="beforeMethod" finished-at="2021-07-25T18:34:17 EDT" duration-ms="10748" status="PASS">
          <reporter-output>
          </reporter-output>
        </test-method> <!-- beforeMethod -->
        <test-method signature="login()[pri:0, instance:Testcases.NewTest@6572421]" started-at="2021-07-25T18:34:17 EDT" name="login" finished-at="2021-07-25T18:34:19 EDT" duration-ms="1824" status="PASS">
          <reporter-output>
          </reporter-output>
        </test-method> <!-- login -->
        <test-method is-config="true" signature="afterMethod()[pri:0, instance:Testcases.NewTest@6572421]" started-at="2021-07-25T18:34:19 EDT" name="afterMethod" finished-at="2021-07-25T18:34:22 EDT" duration-ms="2959" status="PASS">
          <reporter-output>
          </reporter-output>
        </test-method> <!-- afterMethod -->
      </class> <!-- Testcases.NewTest -->
    </test> <!-- Command line test -->
  </suite> <!-- Testcases.NewTest -->
</testng-results>
