<?xml version="1.0" encoding="UTF-8"?>
<testng-results ignored="0" total="13" passed="3" failed="6" skipped="4">
  <reporter-output>
  </reporter-output>
  <suite started-at="2021-10-19T10:07:59 EDT" name="Suite" finished-at="2021-10-19T10:36:51 EDT" duration-ms="1731816">
    <groups>
      <group name="Test">
        <method signature="HomePageTest.ValidatedressesLink()[pri:0, instance:Testcases.HomePageTest@39655d3e]" name="ValidatedressesLink" class="Testcases.HomePageTest"/>
        <method signature="HomePageTest.Validate_tshirtsLink()[pri:0, instance:Testcases.HomePageTest@39655d3e]" name="Validate_tshirtsLink" class="Testcases.HomePageTest"/>
        <method signature="HomePageTest.Validatewomenlink()[pri:0, instance:Testcases.HomePageTest@39655d3e]" name="Validatewomenlink" class="Testcases.HomePageTest"/>
      </group> <!-- Test -->
    </groups>
    <test started-at="2021-10-19T10:07:59 EDT" name="Test" finished-at="2021-10-19T10:36:51 EDT" duration-ms="1731816">
      <class name="Testcases.New_ContactTest">
        <test-method is-config="true" signature="beforemethod()[pri:0, instance:Testcases.New_ContactTest@f316aeb]" started-at="2021-10-19T10:11:57 EDT" name="beforemethod" finished-at="2021-10-19T10:12:10 EDT" duration-ms="13430" status="PASS">
          <reporter-output>
          </reporter-output>
        </test-method> <!-- beforemethod -->
        <test-method signature="fillalldetails(java.lang.String,java.lang.String,java.lang.String)[pri:0, instance:Testcases.New_ContactTest@f316aeb]" started-at="2021-10-19T10:12:10 EDT" name="fillalldetails" data-provider="data" finished-at="2021-10-19T10:15:20 EDT" duration-ms="189986" status="FAIL">
          <params>
            <param index="0">
              <value>
                <![CDATA[Maharaja]]>
              </value>
            </param>
            <param index="1">
              <value>
                <![CDATA[pratap]]>
              </value>
            </param>
            <param index="2">
              <value>
                <![CDATA[twosss]]>
              </value>
            </param>
          </params>
          <exception class="java.lang.StackOverflowError">
            <full-stacktrace>
              <![CDATA[java.lang.StackOverflowError
at java.base/java.security.AccessController.doPrivileged(Native Method)
at java.base/java.util.ResourceBundle.getLoader(ResourceBundle.java:584)
at java.base/java.util.ResourceBundle.getBundleImpl(ResourceBundle.java:1581)
at java.base/java.util.ResourceBundle.getBundleImpl(ResourceBundle.java:1556)
at java.base/java.util.ResourceBundle.getBundle(ResourceBundle.java:932)
at java.xml/jdk.xml.internal.SecuritySupport.lambda$getResourceBundle$5(SecuritySupport.java:269)
at java.base/java.security.AccessController.doPrivileged(Native Method)
at java.xml/jdk.xml.internal.SecuritySupport.getResourceBundle(SecuritySupport.java:267)
at java.xml/com.sun.org.apache.xerces.internal.util.SAXMessageFormatter.formatMessage(SAXMessageFormatter.java:59)
at java.xml/com.sun.org.apache.xerces.internal.parsers.AbstractSAXParser.getProperty(AbstractSAXParser.java:2068)
at java.xml/com.sun.org.apache.xerces.internal.jaxp.SAXParserImpl$JAXPSAXParser.setProperty(SAXParserImpl.java:571)
at org.dom4j.io.SAXHelper.setParserProperty(SAXHelper.java:35)
at org.dom4j.io.SAXReader.configureReader(SAXReader.java:621)
at org.dom4j.io.SAXReader.read(SAXReader.java:321)
at org.dom4j.io.SAXReader.read(SAXReader.java:246)
at org.apache.poi.openxml4j.opc.PackageRelationshipCollection.parseRelationshipsPart(PackageRelationshipCollection.java:305)
at org.apache.poi.openxml4j.opc.PackageRelationshipCollection.<init>(PackageRelationshipCollection.java:156)
at org.apache.poi.openxml4j.opc.PackageRelationshipCollection.<init>(PackageRelationshipCollection.java:124)
at org.apache.poi.openxml4j.opc.PackagePart.loadRelationships(PackagePart.java:527)
at org.apache.poi.openxml4j.opc.PackagePart.<init>(PackagePart.java:112)
at org.apache.poi.openxml4j.opc.PackagePart.<init>(PackagePart.java:83)
at org.apache.poi.openxml4j.opc.PackagePart.<init>(PackagePart.java:128)
at org.apache.poi.openxml4j.opc.ZipPackagePart.<init>(ZipPackagePart.java:78)
at org.apache.poi.openxml4j.opc.ZipPackage.getPartsImpl(ZipPackage.java:187)
at org.apache.poi.openxml4j.opc.OPCPackage.getParts(OPCPackage.java:585)
at org.apache.poi.openxml4j.opc.OPCPackage.open(OPCPackage.java:201)
at org.apache.poi.openxml4j.opc.OPCPackage.open(OPCPackage.java:178)
at org.apache.poi.util.PackageHelper.open(PackageHelper.java:53)
at org.apache.poi.xssf.usermodel.XSSFWorkbook.<init>(XSSFWorkbook.java:176)
at Utilities.Xls_Reader.<init>(Xls_Reader.java:32)
at Base.TestBase.<init>(TestBase.java:32)
at Pages.ContactPage.<init>(ContactPage.java:37)
at Pages.ContactPage.<init>(ContactPage.java:14)
at Pages.ContactPage.<init>(ContactPage.java:14)
at Pages.ContactPage.<init>(ContactPage.java:14)
at Pages.ContactPage.<init>(ContactPage.java:14)
at Pages.ContactPage.<init>(ContactPage.java:14)
at Pages.ContactPage.<init>(ContactPage.java:14)
at Pages.ContactPage.<init>(ContactPage.java:14)
at Pages.ContactPage.<init>(ContactPage.java:14)
at Pages.ContactPage.<init>(ContactPage.java:14)
at Pages.ContactPage.<init>(ContactPage.java:14)
at Pages.ContactPage.<init>(ContactPage.java:14)
at Pages.ContactPage.<init>(ContactPage.java:14)
at Pages.ContactPage.<init>(ContactPage.java:14)
at Pages.ContactPage.<init>(ContactPage.java:14)
at Pages.ContactPage.<init>(ContactPage.java:14)
at Pages.ContactPage.<init>(ContactPage.java:14)
at Pages.ContactPage.<init>(ContactPage.java:14)
at Pages.ContactPage.<init>(ContactPage.java:14)
at Pages.ContactPage.<init>(ContactPage.java:14)
at Pages.ContactPage.<init>(ContactPage.java:14)
at Pages.ContactPage.<init>(ContactPage.java:14)
at Pages.ContactPage.<init>(ContactPage.java:14)
at Pages.ContactPage.<init>(ContactPage.java:14)
at Pages.ContactPage.<init>(ContactPage.java:14)
at Pages.ContactPage.<init>(ContactPage.java:14)
at Pages.ContactPage.<init>(ContactPage.java:14)
at Pages.ContactPage.<init>(ContactPage.java:14)
at Pages.ContactPage.<init>(ContactPage.java:14)
at Pages.ContactPage.<init>(ContactPage.java:14)
at Pages.ContactPage.<init>(ContactPage.java:14)
at Pages.ContactPage.<init>(ContactPage.java:14)
at Pages.ContactPage.<init>(ContactPage.java:14)
at Pages.ContactPage.<init>(ContactPage.java:14)
at Pages.ContactPage.<init>(ContactPage.java:14)
at Pages.ContactPage.<init>(ContactPage.java:14)
at Pages.ContactPage.<init>(ContactPage.java:14)
at Pages.ContactPage.<init>(ContactPage.java:14)
at Pages.ContactPage.<init>(ContactPage.java:14)
at Pages.ContactPage.<init>(ContactPage.java:14)
at Pages.ContactPage.<init>(ContactPage.java:14)
at Pages.ContactPage.<init>(ContactPage.java:14)
at Pages.ContactPage.<init>(ContactPage.java:14)
at Pages.ContactPage.<init>(ContactPage.java:14)
at Pages.ContactPage.<init>(ContactPage.java:14)
at Pages.ContactPage.<init>(ContactPage.java:14)
at Pages.ContactPage.<init>(ContactPage.java:14)
at Pages.ContactPage.<init>(ContactPage.java:14)
at Pages.ContactPage.<init>(ContactPage.java:14)
at Pages.ContactPage.<init>(ContactPage.java:14)
at Pages.ContactPage.<init>(ContactPage.java:14)
at Pages.ContactPage.<init>(ContactPage.java:14)
at Pages.ContactPage.<init>(ContactPage.java:14)
at Pages.ContactPage.<init>(ContactPage.java:14)
at Pages.ContactPage.<init>(ContactPage.java:14)
at Pages.ContactPage.<init>(ContactPage.java:14)
at Pages.ContactPage.<init>(ContactPage.java:14)
at Pages.ContactPage.<init>(ContactPage.java:14)
at Pages.ContactPage.<init>(ContactPage.java:14)
at Pages.ContactPage.<init>(ContactPage.java:14)
at Pages.ContactPage.<init>(ContactPage.java:14)
at Pages.ContactPage.<init>(ContactPage.java:14)
at Pages.ContactPage.<init>(ContactPage.java:14)
at Pages.ContactPage.<init>(ContactPage.java:14)
at Pages.ContactPage.<init>(ContactPage.java:14)
at Pages.ContactPage.<init>(ContactPage.java:14)
at Pages.ContactPage.<init>(ContactPage.java:14)
at Pages.ContactPage.<init>(ContactPage.java:14)
at Pages.ContactPage.<init>(ContactPage.java:14)
at Pages.ContactPage.<init>(ContactPage.java:14)
at Pages.ContactPage.<init>(ContactPage.java:14)
at Pages.ContactPage.<init>(ContactPage.java:14)
at Pages.ContactPage.<init>(ContactPage.java:14)
at Pages.ContactPage.<init>(ContactPage.java:14)
at Pages.ContactPage.<init>(ContactPage.java:14)
at Pages.ContactPage.<init>(ContactPage.java:14)
at Pages.ContactPage.<init>(ContactPage.java:14)
at Pages.ContactPage.<init>(ContactPage.java:14)
at Pages.ContactPage.<init>(ContactPage.java:14)
at Pages.ContactPage.<init>(ContactPage.java:14)
at Pages.ContactPage.<init>(ContactPage.java:14)
at Pages.ContactPage.<init>(ContactPage.java:14)
at Pages.ContactPage.<init>(ContactPage.java:14)
at Pages.ContactPage.<init>(ContactPage.java:14)
at Pages.ContactPage.<init>(ContactPage.java:14)
at Pages.ContactPage.<init>(ContactPage.java:14)
at Pages.ContactPage.<init>(ContactPage.java:14)
at Pages.ContactPage.<init>(ContactPage.java:14)
at Pages.ContactPage.<init>(ContactPage.java:14)
at Pages.ContactPage.<init>(ContactPage.java:14)
at Pages.ContactPage.<init>(ContactPage.java:14)
at Pages.ContactPage.<init>(ContactPage.java:14)
at Pages.ContactPage.<init>(ContactPage.java:14)
at Pages.ContactPage.<init>(ContactPage.java:14)
at Pages.ContactPage.<init>(ContactPage.java:14)
at Pages.ContactPage.<init>(ContactPage.java:14)
at Pages.ContactPage.<init>(ContactPage.java:14)
at Pages.ContactPage.<init>(ContactPage.java:14)
at Pages.ContactPage.<init>(ContactPage.java:14)
at Pages.ContactPage.<init>(ContactPage.java:14)
at Pages.ContactPage.<init>(ContactPage.java:14)
at Pages.ContactPage.<init>(ContactPage.java:14)
at Pages.ContactPage.<init>(ContactPage.java:14)
at Pages.ContactPage.<init>(ContactPage.java:14)
at Pages.ContactPage.<init>(ContactPage.java:14)
at Pages.ContactPage.<init>(ContactPage.java:14)
at Pages.ContactPage.<init>(ContactPage.java:14)
at Pages.ContactPage.<init>(ContactPage.java:14)
at Pages.ContactPage.<init>(ContactPage.java:14)
at Pages.ContactPage.<init>(ContactPage.java:14)
at Pages.ContactPage.<init>(ContactPage.java:14)
at Pages.ContactPage.<init>(ContactPage.java:14)
at Pages.ContactPage.<init>(ContactPage.java:14)
at Pages.ContactPage.<init>(ContactPage.java:14)
at Pages.ContactPage.<init>(ContactPage.java:14)
at Pages.ContactPage.<init>(ContactPage.java:14)
at Pages.ContactPage.<init>(ContactPage.java:14)
at Pages.ContactPage.<init>(ContactPage.java:14)
at Pages.ContactPage.<init>(ContactPage.java:14)
at Pages.ContactPage.<init>(ContactPage.java:14)
at Pages.ContactPage.<init>(ContactPage.java:14)
at Pages.ContactPage.<init>(ContactPage.java:14)
at Pages.ContactPage.<init>(ContactPage.java:14)
at Pages.ContactPage.<init>(ContactPage.java:14)
at Pages.ContactPage.<init>(ContactPage.java:14)
at Pages.ContactPage.<init>(ContactPage.java:14)
at Pages.ContactPage.<init>(ContactPage.java:14)
at Pages.ContactPage.<init>(ContactPage.java:14)
at Pages.ContactPage.<init>(ContactPage.java:14)
at Pages.ContactPage.<init>(ContactPage.java:14)
at Pages.ContactPage.<init>(ContactPage.java:14)
at Pages.ContactPage.<init>(ContactPage.java:14)
at Pages.ContactPage.<init>(ContactPage.java:14)
at Pages.ContactPage.<init>(ContactPage.java:14)
at Pages.ContactPage.<init>(ContactPage.java:14)
at Pages.ContactPage.<init>(ContactPage.java:14)
at Pages.ContactPage.<init>(ContactPage.java:14)
at Pages.ContactPage.<init>(ContactPage.java:14)
at Pages.ContactPage.<init>(ContactPage.java:14)
at Pages.ContactPage.<init>(ContactPage.java:14)
at Pages.ContactPage.<init>(ContactPage.java:14)
at Pages.ContactPage.<init>(ContactPage.java:14)
at Pages.ContactPage.<init>(ContactPage.java:14)
at Pages.ContactPage.<init>(ContactPage.java:14)
at Pages.ContactPage.<init>(ContactPage.java:14)
at Pages.ContactPage.<init>(ContactPage.java:14)
at Pages.ContactPage.<init>(ContactPage.java:14)
at Pages.ContactPage.<init>(ContactPage.java:14)
at Pages.ContactPage.<init>(ContactPage.java:14)
at Pages.ContactPage.<init>(ContactPage.java:14)
at Pages.ContactPage.<init>(ContactPage.java:14)
at Pages.ContactPage.<init>(ContactPage.java:14)
at Pages.ContactPage.<init>(ContactPage.java:14)
at Pages.ContactPage.<init>(ContactPage.java:14)
at Pages.ContactPage.<init>(ContactPage.java:14)
at Pages.ContactPage.<init>(ContactPage.java:14)
at Pages.ContactPage.<init>(ContactPage.java:14)
at Pages.ContactPage.<init>(ContactPage.java:14)
at Pages.ContactPage.<init>(ContactPage.java:14)
at Pages.ContactPage.<init>(ContactPage.java:14)
at Pages.ContactPage.<init>(ContactPage.java:14)
at Pages.ContactPage.<init>(ContactPage.java:14)
at Pages.ContactPage.<init>(ContactPage.java:14)
at Pages.ContactPage.<init>(ContactPage.java:14)
at Pages.ContactPage.<init>(ContactPage.java:14)
at Pages.ContactPage.<init>(ContactPage.java:14)
at Pages.ContactPage.<init>(ContactPage.java:14)
at Pages.ContactPage.<init>(ContactPage.java:14)
at Pages.ContactPage.<init>(ContactPage.java:14)
at Pages.ContactPage.<init>(ContactPage.java:14)
at Pages.ContactPage.<init>(ContactPage.java:14)
at Pages.ContactPage.<init>(ContactPage.java:14)
at Pages.ContactPage.<init>(ContactPage.java:14)
at Pages.ContactPage.<init>(ContactPage.java:14)
at Pages.ContactPage.<init>(ContactPage.java:14)
at Pages.ContactPage.<init>(ContactPage.java:14)
at Pages.ContactPage.<init>(ContactPage.java:14)
at Pages.ContactPage.<init>(ContactPage.java:14)
at Pages.ContactPage.<init>(ContactPage.java:14)
at Pages.ContactPage.<init>(ContactPage.java:14)
at Pages.ContactPage.<init>(ContactPage.java:14)
at Pages.ContactPage.<init>(ContactPage.java:14)
at Pages.ContactPage.<init>(ContactPage.java:14)
at Pages.ContactPage.<init>(ContactPage.java:14)
at Pages.ContactPage.<init>(ContactPage.java:14)
at Pages.ContactPage.<init>(ContactPage.java:14)
at Pages.ContactPage.<init>(ContactPage.java:14)
at Pages.ContactPage.<init>(ContactPage.java:14)
at Pages.ContactPage.<init>(ContactPage.java:14)
at Pages.ContactPage.<init>(ContactPage.java:14)
at Pages.ContactPage.<init>(ContactPage.java:14)
at Pages.ContactPage.<init>(ContactPage.java:14)
at Pages.ContactPage.<init>(ContactPage.java:14)
at Pages.ContactPage.<init>(ContactPage.java:14)
at Pages.ContactPage.<init>(ContactPage.java:14)
at Pages.ContactPage.<init>(ContactPage.java:14)
at Pages.ContactPage.<init>(ContactPage.java:14)
at Pages.ContactPage.<init>(ContactPage.java:14)
at Pages.ContactPage.<init>(ContactPage.java:14)
at Pages.ContactPage.<init>(ContactPage.java:14)
at Pages.ContactPage.<init>(ContactPage.java:14)
at Pages.ContactPage.<init>(ContactPage.java:14)
at Pages.ContactPage.<init>(ContactPage.java:14)
at Pages.ContactPage.<init>(ContactPage.java:14)
at Pages.ContactPage.<init>(ContactPage.java:14)
at Pages.ContactPage.<init>(ContactPage.java:14)
at Pages.ContactPage.<init>(ContactPage.java:14)
at Pages.ContactPage.<init>(ContactPage.java:14)
at Pages.ContactPage.<init>(ContactPage.java:14)
at Pages.ContactPage.<init>(ContactPage.java:14)
at Pages.ContactPage.<init>(ContactPage.java:14)
at Pages.ContactPage.<init>(ContactPage.java:14)
at Pages.ContactPage.<init>(ContactPage.java:14)
at Pages.ContactPage.<init>(ContactPage.java:14)
at Pages.ContactPage.<init>(ContactPage.java:14)
at Pages.ContactPage.<init>(ContactPage.java:14)
at Pages.ContactPage.<init>(ContactPage.java:14)
at Pages.ContactPage.<init>(ContactPage.java:14)
at Pages.ContactPage.<init>(ContactPage.java:14)
at Pages.ContactPage.<init>(ContactPage.java:14)
at Pages.ContactPage.<init>(ContactPage.java:14)
at Pages.ContactPage.<init>(ContactPage.java:14)
at Pages.ContactPage.<init>(ContactPage.java:14)
at Pages.ContactPage.<init>(ContactPage.java:14)
at Pages.ContactPage.<init>(ContactPage.java:14)
at Pages.ContactPage.<init>(ContactPage.java:14)
at Pages.ContactPage.<init>(ContactPage.java:14)
at Pages.ContactPage.<init>(ContactPage.java:14)
at Pages.ContactPage.<init>(ContactPage.java:14)
at Pages.ContactPage.<init>(ContactPage.java:14)
at Pages.ContactPage.<init>(ContactPage.java:14)
at Pages.ContactPage.<init>(ContactPage.java:14)
at Pages.ContactPage.<init>(ContactPage.java:14)
at Pages.ContactPage.<init>(ContactPage.java:14)
at Pages.ContactPage.<init>(ContactPage.java:14)
at Pages.ContactPage.<init>(ContactPage.java:14)
at Pages.ContactPage.<init>(ContactPage.java:14)
at Pages.ContactPage.<init>(ContactPage.java:14)
at Pages.ContactPage.<init>(ContactPage.java:14)
at Pages.ContactPage.<init>(ContactPage.java:14)
at Pages.ContactPage.<init>(ContactPage.java:14)
at Pages.ContactPage.<init>(ContactPage.java:14)
at Pages.ContactPage.<init>(ContactPage.java:14)
at Pages.ContactPage.<init>(ContactPage.java:14)
at Pages.ContactPage.<init>(ContactPage.java:14)
at Pages.ContactPage.<init>(ContactPage.java:14)
at Pages.ContactPage.<init>(ContactPage.java:14)
at Pages.ContactPage.<init>(ContactPage.java:14)
at Pages.ContactPage.<init>(ContactPage.java:14)
at Pages.ContactPage.<init>(ContactPage.java:14)
at Pages.ContactPage.<init>(ContactPage.java:14)
at Pages.ContactPage.<init>(ContactPage.java:14)
at Pages.ContactPage.<init>(ContactPage.java:14)
at Pages.ContactPage.<init>(ContactPage.java:14)
at Pages.ContactPage.<init>(ContactPage.java:14)
at Pages.ContactPage.<init>(ContactPage.java:14)
at Pages.ContactPage.<init>(ContactPage.java:14)
at Pages.ContactPage.<init>(ContactPage.java:14)
at Pages.ContactPage.<init>(ContactPage.java:14)
at Pages.ContactPage.<init>(ContactPage.java:14)
at Pages.ContactPage.<init>(ContactPage.java:14)
at Pages.ContactPage.<init>(ContactPage.java:14)
at Pages.ContactPage.<init>(ContactPage.java:14)
at Pages.ContactPage.<init>(ContactPage.java:14)
at Pages.ContactPage.<init>(ContactPage.java:14)
at Pages.ContactPage.<init>(ContactPage.java:14)
at Pages.ContactPage.<init>(ContactPage.java:14)
at Pages.ContactPage.<init>(ContactPage.java:14)
at Pages.ContactPage.<init>(ContactPage.java:14)
at Pages.ContactPage.<init>(ContactPage.java:14)
at Pages.ContactPage.<init>(ContactPage.java:14)
at Pages.ContactPage.<init>(ContactPage.java:14)
at Pages.ContactPage.<init>(ContactPage.java:14)
at Pages.ContactPage.<init>(ContactPage.java:14)
at Pages.ContactPage.<init>(ContactPage.java:14)
at Pages.ContactPage.<init>(ContactPage.java:14)
at Pages.ContactPage.<init>(ContactPage.java:14)
at Pages.ContactPage.<init>(ContactPage.java:14)
at Pages.ContactPage.<init>(ContactPage.java:14)
at Pages.ContactPage.<init>(ContactPage.java:14)
at Pages.ContactPage.<init>(ContactPage.java:14)
at Pages.ContactPage.<init>(ContactPage.java:14)
at Pages.ContactPage.<init>(ContactPage.java:14)
at Pages.ContactPage.<init>(ContactPage.java:14)
at Pages.ContactPage.<init>(ContactPage.java:14)
at Pages.ContactPage.<init>(ContactPage.java:14)
at Pages.ContactPage.<init>(ContactPage.java:14)
at Pages.ContactPage.<init>(ContactPage.java:14)
at Pages.ContactPage.<init>(ContactPage.java:14)
at Pages.ContactPage.<init>(ContactPage.java:14)
at Pages.ContactPage.<init>(ContactPage.java:14)
at Pages.ContactPage.<init>(ContactPage.java:14)
at Pages.ContactPage.<init>(ContactPage.java:14)
at Pages.ContactPage.<init>(ContactPage.java:14)
at Pages.ContactPage.<init>(ContactPage.java:14)
at Pages.ContactPage.<init>(ContactPage.java:14)
at Pages.ContactPage.<init>(ContactPage.java:14)
at Pages.ContactPage.<init>(ContactPage.java:14)
at Pages.ContactPage.<init>(ContactPage.java:14)
at Pages.ContactPage.<init>(ContactPage.java:14)
at Pages.ContactPage.<init>(ContactPage.java:14)
at Pages.ContactPage.<init>(ContactPage.java:14)
at Pages.ContactPage.<init>(ContactPage.java:14)
at Pages.ContactPage.<init>(ContactPage.java:14)
at Pages.ContactPage.<init>(ContactPage.java:14)
at Pages.ContactPage.<init>(ContactPage.java:14)
at Pages.ContactPage.<init>(ContactPage.java:14)
at Pages.ContactPage.<init>(ContactPage.java:14)
at Pages.ContactPage.<init>(ContactPage.java:14)
at Pages.ContactPage.<init>(ContactPage.java:14)
at Pages.ContactPage.<init>(ContactPage.java:14)
at Pages.ContactPage.<init>(ContactPage.java:14)
at Pages.ContactPage.<init>(ContactPage.java:14)
at Pages.ContactPage.<init>(ContactPage.java:14)
at Pages.ContactPage.<init>(ContactPage.java:14)
at Pages.ContactPage.<init>(ContactPage.java:14)
at Pages.ContactPage.<init>(ContactPage.java:14)
at Pages.ContactPage.<init>(ContactPage.java:14)
at Pages.ContactPage.<init>(ContactPage.java:14)
at Pages.ContactPage.<init>(ContactPage.java:14)
at Pages.ContactPage.<init>(ContactPage.java:14)
at Pages.ContactPage.<init>(ContactPage.java:14)
at Pages.ContactPage.<init>(ContactPage.java:14)
at Pages.ContactPage.<init>(ContactPage.java:14)
at Pages.ContactPage.<init>(ContactPage.java:14)
at Pages.ContactPage.<init>(ContactPage.java:14)
at Pages.ContactPage.<init>(ContactPage.java:14)
at Pages.ContactPage.<init>(ContactPage.java:14)
at Pages.ContactPage.<init>(ContactPage.java:14)
at Pages.ContactPage.<init>(ContactPage.java:14)
at Pages.ContactPage.<init>(ContactPage.java:14)
at Pages.ContactPage.<init>(ContactPage.java:14)
at Pages.ContactPage.<init>(ContactPage.java:14)
at Pages.ContactPage.<init>(ContactPage.java:14)
at Pages.ContactPage.<init>(ContactPage.java:14)
at Pages.ContactPage.<init>(ContactPage.java:14)
at Pages.ContactPage.<init>(ContactPage.java:14)
at Pages.ContactPage.<init>(ContactPage.java:14)
at Pages.ContactPage.<init>(ContactPage.java:14)
at Pages.ContactPage.<init>(ContactPage.java:14)
at Pages.ContactPage.<init>(ContactPage.java:14)
at Pages.ContactPage.<init>(ContactPage.java:14)
at Pages.ContactPage.<init>(ContactPage.java:14)
at Pages.ContactPage.<init>(ContactPage.java:14)
at Pages.ContactPage.<init>(ContactPage.java:14)
at Pages.ContactPage.<init>(ContactPage.java:14)
at Pages.ContactPage.<init>(ContactPage.java:14)
at Pages.ContactPage.<init>(ContactPage.java:14)
at Pages.ContactPage.<init>(ContactPage.java:14)
at Pages.ContactPage.<init>(ContactPage.java:14)
at Pages.ContactPage.<init>(ContactPage.java:14)
at Pages.ContactPage.<init>(ContactPage.java:14)
at Pages.ContactPage.<init>(ContactPage.java:14)
at Pages.ContactPage.<init>(ContactPage.java:14)
at Pages.ContactPage.<init>(ContactPage.java:14)
at Pages.ContactPage.<init>(ContactPage.java:14)
at Pages.ContactPage.<init>(ContactPage.java:14)
at Pages.ContactPage.<init>(ContactPage.java:14)
at Pages.ContactPage.<init>(ContactPage.java:14)
at Pages.ContactPage.<init>(ContactPage.java:14)
at Pages.ContactPage.<init>(ContactPage.java:14)
at Pages.ContactPage.<init>(ContactPage.java:14)
at Pages.ContactPage.<init>(ContactPage.java:14)
at Pages.ContactPage.<init>(ContactPage.java:14)
at Pages.ContactPage.<init>(ContactPage.java:14)
at Pages.ContactPage.<init>(ContactPage.java:14)
at Pages.ContactPage.<init>(ContactPage.java:14)
at Pages.ContactPage.<init>(ContactPage.java:14)
at Pages.ContactPage.<init>(ContactPage.java:14)
at Pages.ContactPage.<init>(ContactPage.java:14)
at Pages.ContactPage.<init>(ContactPage.java:14)
at Pages.ContactPage.<init>(ContactPage.java:14)
at Pages.ContactPage.<init>(ContactPage.java:14)
at Pages.ContactPage.<init>(ContactPage.java:14)
at Pages.ContactPage.<init>(ContactPage.java:14)
at Pages.ContactPage.<init>(ContactPage.java:14)
at Pages.ContactPage.<init>(ContactPage.java:14)
at Pages.ContactPage.<init>(ContactPage.java:14)
at Pages.ContactPage.<init>(ContactPage.java:14)
at Pages.ContactPage.<init>(ContactPage.java:14)
at Pages.ContactPage.<init>(ContactPage.java:14)
at Pages.ContactPage.<init>(ContactPage.java:14)
at Pages.ContactPage.<init>(ContactPage.java:14)
at Pages.ContactPage.<init>(ContactPage.java:14)
at Pages.ContactPage.<init>(ContactPage.java:14)
at Pages.ContactPage.<init>(ContactPage.java:14)
at Pages.ContactPage.<init>(ContactPage.java:14)
at Pages.ContactPage.<init>(ContactPage.java:14)
at Pages.ContactPage.<init>(ContactPage.java:14)
at Pages.ContactPage.<init>(ContactPage.java:14)
at Pages.ContactPage.<init>(ContactPage.java:14)
at Pages.ContactPage.<init>(ContactPage.java:14)
at Pages.ContactPage.<init>(ContactPage.java:14)
at Pages.ContactPage.<init>(ContactPage.java:14)
at Pages.ContactPage.<init>(ContactPage.java:14)
at Pages.ContactPage.<init>(ContactPage.java:14)
at Pages.ContactPage.<init>(ContactPage.java:14)
at Pages.ContactPage.<init>(ContactPage.java:14)
at Pages.ContactPage.<init>(ContactPage.java:14)
at Pages.ContactPage.<init>(ContactPage.java:14)
at Pages.ContactPage.<init>(ContactPage.java:14)
at Pages.ContactPage.<init>(ContactPage.java:14)
at Pages.ContactPage.<init>(ContactPage.java:14)
at Pages.ContactPage.<init>(ContactPage.java:14)
at Pages.ContactPage.<init>(ContactPage.java:14)
at Pages.ContactPage.<init>(ContactPage.java:14)
at Pages.ContactPage.<init>(ContactPage.java:14)
at Pages.ContactPage.<init>(ContactPage.java:14)
at Pages.ContactPage.<init>(ContactPage.java:14)
at Pages.ContactPage.<init>(ContactPage.java:14)
at Pages.ContactPage.<init>(ContactPage.java:14)
at Pages.ContactPage.<init>(ContactPage.java:14)
at Pages.ContactPage.<init>(ContactPage.java:14)
at Pages.ContactPage.<init>(ContactPage.java:14)
at Pages.ContactPage.<init>(ContactPage.java:14)
at Pages.ContactPage.<init>(ContactPage.java:14)
at Pages.ContactPage.<init>(ContactPage.java:14)
at Pages.ContactPage.<init>(ContactPage.java:14)
at Pages.ContactPage.<init>(ContactPage.java:14)
at Pages.ContactPage.<init>(ContactPage.java:14)
at Pages.ContactPage.<init>(ContactPage.java:14)
at Pages.ContactPage.<init>(ContactPage.java:14)
at Pages.ContactPage.<init>(ContactPage.java:14)
at Pages.ContactPage.<init>(ContactPage.java:14)
at Pages.ContactPage.<init>(ContactPage.java:14)
at Pages.ContactPage.<init>(ContactPage.java:14)
at Pages.ContactPage.<init>(ContactPage.java:14)
at Pages.ContactPage.<init>(ContactPage.java:14)
at Pages.ContactPage.<init>(ContactPage.java:14)
at Pages.ContactPage.<init>(ContactPage.java:14)
at Pages.ContactPage.<init>(ContactPage.java:14)
at Pages.ContactPage.<init>(ContactPage.java:14)
at Pages.ContactPage.<init>(ContactPage.java:14)
at Pages.ContactPage.<init>(ContactPage.java:14)
at Pages.ContactPage.<init>(ContactPage.java:14)
at Pages.ContactPage.<init>(ContactPage.java:14)
at Pages.ContactPage.<init>(ContactPage.java:14)
at Pages.ContactPage.<init>(ContactPage.java:14)
at Pages.ContactPage.<init>(ContactPage.java:14)
at Pages.ContactPage.<init>(ContactPage.java:14)
at Pages.ContactPage.<init>(ContactPage.java:14)
at Pages.ContactPage.<init>(ContactPage.java:14)
at Pages.ContactPage.<init>(ContactPage.java:14)
at Pages.ContactPage.<init>(ContactPage.java:14)
at Pages.ContactPage.<init>(ContactPage.java:14)
at Pages.ContactPage.<init>(ContactPage.java:14)
at Pages.ContactPage.<init>(ContactPage.java:14)
at Pages.ContactPage.<init>(ContactPage.java:14)
at Pages.ContactPage.<init>(ContactPage.java:14)
at Pages.ContactPage.<init>(ContactPage.java:14)
at Pages.ContactPage.<init>(ContactPage.java:14)
at Pages.ContactPage.<init>(ContactPage.java:14)
at Pages.ContactPage.<init>(ContactPage.java:14)
at Pages.ContactPage.<init>(ContactPage.java:14)
at Pages.ContactPage.<init>(ContactPage.java:14)
at Pages.ContactPage.<init>(ContactPage.java:14)
at Pages.ContactPage.<init>(ContactPage.java:14)
at Pages.ContactPage.<init>(ContactPage.java:14)
at Pages.ContactPage.<init>(ContactPage.java:14)
at Pages.ContactPage.<init>(ContactPage.java:14)
at Pages.ContactPage.<init>(ContactPage.java:14)
at Pages.ContactPage.<init>(ContactPage.java:14)
at Pages.ContactPage.<init>(ContactPage.java:14)
at Pages.ContactPage.<init>(ContactPage.java:14)
at Pages.ContactPage.<init>(ContactPage.java:14)
at Pages.ContactPage.<init>(ContactPage.java:14)
at Pages.ContactPage.<init>(ContactPage.java:14)
at Pages.ContactPage.<init>(ContactPage.java:14)
at Pages.ContactPage.<init>(ContactPage.java:14)
at Pages.ContactPage.<init>(ContactPage.java:14)
at Pages.ContactPage.<init>(ContactPage.java:14)
at Pages.ContactPage.<init>(ContactPage.java:14)
at Pages.ContactPage.<init>(ContactPage.java:14)
at Pages.ContactPage.<init>(ContactPage.java:14)
at Pages.ContactPage.<init>(ContactPage.java:14)
at Pages.ContactPage.<init>(ContactPage.java:14)
at Pages.ContactPage.<init>(ContactPage.java:14)
at Pages.ContactPage.<init>(ContactPage.java:14)
at Pages.ContactPage.<init>(ContactPage.java:14)
at Pages.ContactPage.<init>(ContactPage.java:14)
at Pages.ContactPage.<init>(ContactPage.java:14)
at Pages.ContactPage.<init>(ContactPage.java:14)
at Pages.ContactPage.<init>(ContactPage.java:14)
at Pages.ContactPage.<init>(ContactPage.java:14)
at Pages.ContactPage.<init>(ContactPage.java:14)
at Pages.ContactPage.<init>(ContactPage.java:14)
at Pages.ContactPage.<init>(ContactPage.java:14)
at Pages.ContactPage.<init>(ContactPage.java:14)
at Pages.ContactPage.<init>(ContactPage.java:14)
at Pages.ContactPage.<init>(ContactPage.java:14)
at Pages.ContactPage.<init>(ContactPage.java:14)
at Pages.ContactPage.<init>(ContactPage.java:14)
at Pages.ContactPage.<init>(ContactPage.java:14)
at Pages.ContactPage.<init>(ContactPage.java:14)
at Pages.ContactPage.<init>(ContactPage.java:14)
at Pages.ContactPage.<init>(ContactPage.java:14)
at Pages.ContactPage.<init>(ContactPage.java:14)
at Pages.ContactPage.<init>(ContactPage.java:14)
at Pages.ContactPage.<init>(ContactPage.java:14)
at Pages.ContactPage.<init>(ContactPage.java:14)
at Pages.ContactPage.<init>(ContactPage.java:14)
at Pages.ContactPage.<init>(ContactPage.java:14)
at Pages.ContactPage.<init>(ContactPage.java:14)
at Pages.ContactPage.<init>(ContactPage.java:14)
at Pages.ContactPage.<init>(ContactPage.java:14)
at Pages.ContactPage.<init>(ContactPage.java:14)
at Pages.ContactPage.<init>(ContactPage.java:14)
at Pages.ContactPage.<init>(ContactPage.java:14)
at Pages.ContactPage.<init>(ContactPage.java:14)
at Pages.ContactPage.<init>(ContactPage.java:14)
at Pages.ContactPage.<init>(ContactPage.java:14)
at Pages.ContactPage.<init>(ContactPage.java:14)
at Pages.ContactPage.<init>(ContactPage.java:14)
at Pages.ContactPage.<init>(ContactPage.java:14)
at Pages.ContactPage.<init>(ContactPage.java:14)
at Pages.ContactPage.<init>(ContactPage.java:14)
at Pages.ContactPage.<init>(ContactPage.java:14)
at Pages.ContactPage.<init>(ContactPage.java:14)
at Pages.ContactPage.<init>(ContactPage.java:14)
at Pages.ContactPage.<init>(ContactPage.java:14)
at Pages.ContactPage.<init>(ContactPage.java:14)
at Pages.ContactPage.<init>(ContactPage.java:14)
at Pages.ContactPage.<init>(ContactPage.java:14)
at Pages.ContactPage.<init>(ContactPage.java:14)
at Pages.ContactPage.<init>(ContactPage.java:14)
at Pages.ContactPage.<init>(ContactPage.java:14)
at Pages.ContactPage.<init>(ContactPage.java:14)
at Pages.ContactPage.<init>(ContactPage.java:14)
at Pages.ContactPage.<init>(ContactPage.java:14)
at Pages.ContactPage.<init>(ContactPage.java:14)
at Pages.ContactPage.<init>(ContactPage.java:14)
at Pages.ContactPage.<init>(ContactPage.java:14)
at Pages.ContactPage.<init>(ContactPage.java:14)
at Pages.ContactPage.<init>(ContactPage.java:14)
at Pages.ContactPage.<init>(ContactPage.java:14)
at Pages.ContactPage.<init>(ContactPage.java:14)
at Pages.ContactPage.<init>(ContactPage.java:14)
at Pages.ContactPage.<init>(ContactPage.java:14)
at Pages.ContactPage.<init>(ContactPage.java:14)
at Pages.ContactPage.<init>(ContactPage.java:14)
at Pages.ContactPage.<init>(ContactPage.java:14)
at Pages.ContactPage.<init>(ContactPage.java:14)
at Pages.ContactPage.<init>(ContactPage.java:14)
at Pages.ContactPage.<init>(ContactPage.java:14)
at Pages.ContactPage.<init>(ContactPage.java:14)
at Pages.ContactPage.<init>(ContactPage.java:14)
at Pages.ContactPage.<init>(ContactPage.java:14)
at Pages.ContactPage.<init>(ContactPage.java:14)
at Pages.ContactPage.<init>(ContactPage.java:14)
at Pages.ContactPage.<init>(ContactPage.java:14)
at Pages.ContactPage.<init>(ContactPage.java:14)
at Pages.ContactPage.<init>(ContactPage.java:14)
at Pages.ContactPage.<init>(ContactPage.java:14)
at Pages.ContactPage.<init>(ContactPage.java:14)
at Pages.ContactPage.<init>(ContactPage.java:14)
at Pages.ContactPage.<init>(ContactPage.java:14)
at Pages.ContactPage.<init>(ContactPage.java:14)
at Pages.ContactPage.<init>(ContactPage.java:14)
at Pages.ContactPage.<init>(ContactPage.java:14)
at Pages.ContactPage.<init>(ContactPage.java:14)
at Pages.ContactPage.<init>(ContactPage.java:14)
at Pages.ContactPage.<init>(ContactPage.java:14)
at Pages.ContactPage.<init>(ContactPage.java:14)
at Pages.ContactPage.<init>(ContactPage.java:14)
at Pages.ContactPage.<init>(ContactPage.java:14)
at Pages.ContactPage.<init>(ContactPage.java:14)
at Pages.ContactPage.<init>(ContactPage.java:14)
at Pages.ContactPage.<init>(ContactPage.java:14)
at Pages.ContactPage.<init>(ContactPage.java:14)
at Pages.ContactPage.<init>(ContactPage.java:14)
at Pages.ContactPage.<init>(ContactPage.java:14)
at Pages.ContactPage.<init>(ContactPage.java:14)
at Pages.ContactPage.<init>(ContactPage.java:14)
at Pages.ContactPage.<init>(ContactPage.java:14)
at Pages.ContactPage.<init>(ContactPage.java:14)
at Pages.ContactPage.<init>(ContactPage.java:14)
at Pages.ContactPage.<init>(ContactPage.java:14)
at Pages.ContactPage.<init>(ContactPage.java:14)
at Pages.ContactPage.<init>(ContactPage.java:14)
at Pages.ContactPage.<init>(ContactPage.java:14)
at Pages.ContactPage.<init>(ContactPage.java:14)
at Pages.ContactPage.<init>(ContactPage.java:14)
at Pages.ContactPage.<init>(ContactPage.java:14)
at Pages.ContactPage.<init>(ContactPage.java:14)
at Pages.ContactPage.<init>(ContactPage.java:14)
at Pages.ContactPage.<init>(ContactPage.java:14)
at Pages.ContactPage.<init>(ContactPage.java:14)
at Pages.ContactPage.<init>(ContactPage.java:14)
at Pages.ContactPage.<init>(ContactPage.java:14)
at Pages.ContactPage.<init>(ContactPage.java:14)
at Pages.ContactPage.<init>(ContactPage.java:14)
at Pages.ContactPage.<init>(ContactPage.java:14)
at Pages.ContactPage.<init>(ContactPage.java:14)
at Pages.ContactPage.<init>(ContactPage.java:14)
at Pages.ContactPage.<init>(ContactPage.java:14)
at Pages.ContactPage.<init>(ContactPage.java:14)
at Pages.ContactPage.<init>(ContactPage.java:14)
at Pages.ContactPage.<init>(ContactPage.java:14)
at Pages.ContactPage.<init>(ContactPage.java:14)
at Pages.ContactPage.<init>(ContactPage.java:14)
at Pages.ContactPage.<init>(ContactPage.java:14)
at Pages.ContactPage.<init>(ContactPage.java:14)
at Pages.ContactPage.<init>(ContactPage.java:14)
at Pages.ContactPage.<init>(ContactPage.java:14)
at Pages.ContactPage.<init>(ContactPage.java:14)
at Pages.ContactPage.<init>(ContactPage.java:14)
at Pages.ContactPage.<init>(ContactPage.java:14)
at Pages.ContactPage.<init>(ContactPage.java:14)
at Pages.ContactPage.<init>(ContactPage.java:14)
at Pages.ContactPage.<init>(ContactPage.java:14)
at Pages.ContactPage.<init>(ContactPage.java:14)
at Pages.ContactPage.<init>(ContactPage.java:14)
at Pages.ContactPage.<init>(ContactPage.java:14)
at Pages.ContactPage.<init>(ContactPage.java:14)
at Pages.ContactPage.<init>(ContactPage.java:14)
at Pages.ContactPage.<init>(ContactPage.java:14)
at Pages.ContactPage.<init>(ContactPage.java:14)
at Pages.ContactPage.<init>(ContactPage.java:14)
at Pages.ContactPage.<init>(ContactPage.java:14)
at Pages.ContactPage.<init>(ContactPage.java:14)
at Pages.ContactPage.<init>(ContactPage.java:14)
at Pages.ContactPage.<init>(ContactPage.java:14)
at Pages.ContactPage.<init>(ContactPage.java:14)
at Pages.ContactPage.<init>(ContactPage.java:14)
at Pages.ContactPage.<init>(ContactPage.java:14)
at Pages.ContactPage.<init>(ContactPage.java:14)
at Pages.ContactPage.<init>(ContactPage.java:14)
at Pages.ContactPage.<init>(ContactPage.java:14)
at Pages.ContactPage.<init>(ContactPage.java:14)
at Pages.ContactPage.<init>(ContactPage.java:14)
at Pages.ContactPage.<init>(ContactPage.java:14)
at Pages.ContactPage.<init>(ContactPage.java:14)
at Pages.ContactPage.<init>(ContactPage.java:14)
at Pages.ContactPage.<init>(ContactPage.java:14)
at Pages.ContactPage.<init>(ContactPage.java:14)
at Pages.ContactPage.<init>(ContactPage.java:14)
at Pages.ContactPage.<init>(ContactPage.java:14)
at Pages.ContactPage.<init>(ContactPage.java:14)
at Pages.ContactPage.<init>(ContactPage.java:14)
at Pages.ContactPage.<init>(ContactPage.java:14)
at Pages.ContactPage.<init>(ContactPage.java:14)
at Pages.ContactPage.<init>(ContactPage.java:14)
at Pages.ContactPage.<init>(ContactPage.java:14)
at Pages.ContactPage.<init>(ContactPage.java:14)
at Pages.ContactPage.<init>(ContactPage.java:14)
at Pages.ContactPage.<init>(ContactPage.java:14)
at Pages.ContactPage.<init>(ContactPage.java:14)
at Pages.ContactPage.<init>(ContactPage.java:14)
at Pages.ContactPage.<init>(ContactPage.java:14)
at Pages.ContactPage.<init>(ContactPage.java:14)
at Pages.ContactPage.<init>(ContactPage.java:14)
at Pages.ContactPage.<init>(ContactPage.java:14)
at Pages.ContactPage.<init>(ContactPage.java:14)
at Pages.ContactPage.<init>(ContactPage.java:14)
at Pages.ContactPage.<init>(ContactPage.java:14)
at Pages.ContactPage.<init>(ContactPage.java:14)
at Pages.ContactPage.<init>(ContactPage.java:14)
at Pages.ContactPage.<init>(ContactPage.java:14)
at Pages.ContactPage.<init>(ContactPage.java:14)
at Pages.ContactPage.<init>(ContactPage.java:14)
at Pages.ContactPage.<init>(ContactPage.java:14)
at Pages.ContactPage.<init>(ContactPage.java:14)
at Pages.ContactPage.<init>(ContactPage.java:14)
at Pages.ContactPage.<init>(ContactPage.java:14)
at Pages.ContactPage.<init>(ContactPage.java:14)
at Pages.ContactPage.<init>(ContactPage.java:14)
at Pages.ContactPage.<init>(ContactPage.java:14)
at Pages.ContactPage.<init>(ContactPage.java:14)
at Pages.ContactPage.<init>(ContactPage.java:14)
at Pages.ContactPage.<init>(ContactPage.java:14)
at Pages.ContactPage.<init>(ContactPage.java:14)
at Pages.ContactPage.<init>(ContactPage.java:14)
at Pages.ContactPage.<init>(ContactPage.java:14)
at Pages.ContactPage.<init>(ContactPage.java:14)
at Pages.ContactPage.<init>(ContactPage.java:14)
at Pages.ContactPage.<init>(ContactPage.java:14)
at Pages.ContactPage.<init>(ContactPage.java:14)
at Pages.ContactPage.<init>(ContactPage.java:14)
at Pages.ContactPage.<init>(ContactPage.java:14)
at Pages.ContactPage.<init>(ContactPage.java:14)
at Pages.ContactPage.<init>(ContactPage.java:14)
at Pages.ContactPage.<init>(ContactPage.java:14)
at Pages.ContactPage.<init>(ContactPage.java:14)
at Pages.ContactPage.<init>(ContactPage.java:14)
at Pages.ContactPage.<init>(ContactPage.java:14)
at Pages.ContactPage.<init>(ContactPage.java:14)
at Pages.ContactPage.<init>(ContactPage.java:14)
at Pages.ContactPage.<init>(ContactPage.java:14)
at Pages.ContactPage.<init>(ContactPage.java:14)
at Pages.ContactPage.<init>(ContactPage.java:14)
at Pages.ContactPage.<init>(ContactPage.java:14)
at Pages.ContactPage.<init>(ContactPage.java:14)
at Pages.ContactPage.<init>(ContactPage.java:14)
at Pages.ContactPage.<init>(ContactPage.java:14)
at Pages.ContactPage.<init>(ContactPage.java:14)
at Pages.ContactPage.<init>(ContactPage.java:14)
at Pages.ContactPage.<init>(ContactPage.java:14)
at Pages.ContactPage.<init>(ContactPage.java:14)
at Pages.ContactPage.<init>(ContactPage.java:14)
at Pages.ContactPage.<init>(ContactPage.java:14)
at Pages.ContactPage.<init>(ContactPage.java:14)
at Pages.ContactPage.<init>(ContactPage.java:14)
at Pages.ContactPage.<init>(ContactPage.java:14)
at Pages.ContactPage.<init>(ContactPage.java:14)
at Pages.ContactPage.<init>(ContactPage.java:14)
at Pages.ContactPage.<init>(ContactPage.java:14)
at Pages.ContactPage.<init>(ContactPage.java:14)
at Pages.ContactPage.<init>(ContactPage.java:14)
at Pages.ContactPage.<init>(ContactPage.java:14)
at Pages.ContactPage.<init>(ContactPage.java:14)
at Pages.ContactPage.<init>(ContactPage.java:14)
at Pages.ContactPage.<init>(ContactPage.java:14)
at Pages.ContactPage.<init>(ContactPage.java:14)
at Pages.ContactPage.<init>(ContactPage.java:14)
at Pages.ContactPage.<init>(ContactPage.java:14)
at Pages.ContactPage.<init>(ContactPage.java:14)
at Pages.ContactPage.<init>(ContactPage.java:14)
at Pages.ContactPage.<init>(ContactPage.java:14)
at Pages.ContactPage.<init>(ContactPage.java:14)
at Pages.ContactPage.<init>(ContactPage.java:14)
at Pages.ContactPage.<init>(ContactPage.java:14)
at Pages.ContactPage.<init>(ContactPage.java:14)
at Pages.ContactPage.<init>(ContactPage.java:14)
at Pages.ContactPage.<init>(ContactPage.java:14)
at Pages.ContactPage.<init>(ContactPage.java:14)
at Pages.ContactPage.<init>(ContactPage.java:14)
at Pages.ContactPage.<init>(ContactPage.java:14)
at Pages.ContactPage.<init>(ContactPage.java:14)
at Pages.ContactPage.<init>(ContactPage.java:14)
at Pages.ContactPage.<init>(ContactPage.java:14)
at Pages.ContactPage.<init>(ContactPage.java:14)
at Pages.ContactPage.<init>(ContactPage.java:14)
at Pages.ContactPage.<init>(ContactPage.java:14)
at Pages.ContactPage.<init>(ContactPage.java:14)
at Pages.ContactPage.<init>(ContactPage.java:14)
at Pages.ContactPage.<init>(ContactPage.java:14)
at Pages.ContactPage.<init>(ContactPage.java:14)
at Pages.ContactPage.<init>(ContactPage.java:14)
at Pages.ContactPage.<init>(ContactPage.java:14)
at Pages.ContactPage.<init>(ContactPage.java:14)
at Pages.ContactPage.<init>(ContactPage.java:14)
at Pages.ContactPage.<init>(ContactPage.java:14)
at Pages.ContactPage.<init>(ContactPage.java:14)
at Pages.ContactPage.<init>(ContactPage.java:14)
at Pages.ContactPage.<init>(ContactPage.java:14)
at Pages.ContactPage.<init>(ContactPage.java:14)
at Pages.ContactPage.<init>(ContactPage.java:14)
at Pages.ContactPage.<init>(ContactPage.java:14)
at Pages.ContactPage.<init>(ContactPage.java:14)
at Pages.ContactPage.<init>(ContactPage.java:14)
at Pages.ContactPage.<init>(ContactPage.java:14)
at Pages.ContactPage.<init>(ContactPage.java:14)
at Pages.ContactPage.<init>(ContactPage.java:14)
at Pages.ContactPage.<init>(ContactPage.java:14)
at Pages.ContactPage.<init>(ContactPage.java:14)
at Pages.ContactPage.<init>(ContactPage.java:14)
at Pages.ContactPage.<init>(ContactPage.java:14)
at Pages.ContactPage.<init>(ContactPage.java:14)
at Pages.ContactPage.<init>(ContactPage.java:14)
at Pages.ContactPage.<init>(ContactPage.java:14)
at Pages.ContactPage.<init>(ContactPage.java:14)
at Pages.ContactPage.<init>(ContactPage.java:14)
at Pages.ContactPage.<init>(ContactPage.java:14)
at Pages.ContactPage.<init>(ContactPage.java:14)
at Pages.ContactPage.<init>(ContactPage.java:14)
at Pages.ContactPage.<init>(ContactPage.java:14)
at Pages.ContactPage.<init>(ContactPage.java:14)
at Pages.ContactPage.<init>(ContactPage.java:14)
at Pages.ContactPage.<init>(ContactPage.java:14)
at Pages.ContactPage.<init>(ContactPage.java:14)
at Pages.ContactPage.<init>(ContactPage.java:14)
at Pages.ContactPage.<init>(ContactPage.java:14)
at Pages.ContactPage.<init>(ContactPage.java:14)
at Pages.ContactPage.<init>(ContactPage.java:14)
at Pages.ContactPage.<init>(ContactPage.java:14)
at Pages.ContactPage.<init>(ContactPage.java:14)
at Pages.ContactPage.<init>(ContactPage.java:14)
at Pages.ContactPage.<init>(ContactPage.java:14)
at Pages.ContactPage.<init>(ContactPage.java:14)
at Pages.ContactPage.<init>(ContactPage.java:14)
at Pages.ContactPage.<init>(ContactPage.java:14)
at Pages.ContactPage.<init>(ContactPage.java:14)
at Pages.ContactPage.<init>(ContactPage.java:14)
at Pages.ContactPage.<init>(ContactPage.java:14)
at Pages.ContactPage.<init>(ContactPage.java:14)
at Pages.ContactPage.<init>(ContactPage.java:14)
at Pages.ContactPage.<init>(ContactPage.java:14)
at Pages.ContactPage.<init>(ContactPage.java:14)
at Pages.ContactPage.<init>(ContactPage.java:14)
at Pages.ContactPage.<init>(ContactPage.java:14)
at Pages.ContactPage.<init>(ContactPage.java:14)
at Pages.ContactPage.<init>(ContactPage.java:14)
at Pages.ContactPage.<init>(ContactPage.java:14)
at Pages.ContactPage.<init>(ContactPage.java:14)
at Pages.ContactPage.<init>(ContactPage.java:14)
at Pages.ContactPage.<init>(ContactPage.java:14)
at Pages.ContactPage.<init>(ContactPage.java:14)
at Pages.ContactPage.<init>(ContactPage.java:14)
at Pages.ContactPage.<init>(ContactPage.java:14)
at Pages.ContactPage.<init>(ContactPage.java:14)
at Pages.ContactPage.<init>(ContactPage.java:14)
at Pages.ContactPage.<init>(ContactPage.java:14)
at Pages.ContactPage.<init>(ContactPage.java:14)
at Pages.ContactPage.<init>(ContactPage.java:14)
at Pages.ContactPage.<init>(ContactPage.java:14)
at Pages.ContactPage.<init>(ContactPage.java:14)
at Pages.ContactPage.<init>(ContactPage.java:14)
at Pages.ContactPage.<init>(ContactPage.java:14)
at Pages.ContactPage.<init>(ContactPage.java:14)
at Pages.ContactPage.<init>(ContactPage.java:14)
at Pages.ContactPage.<init>(ContactPage.java:14)
at Pages.ContactPage.<init>(ContactPage.java:14)
at Pages.ContactPage.<init>(ContactPage.java:14)
at Pages.ContactPage.<init>(ContactPage.java:14)
at Pages.ContactPage.<init>(ContactPage.java:14)
at Pages.ContactPage.<init>(ContactPage.java:14)
at Pages.ContactPage.<init>(ContactPage.java:14)
at Pages.ContactPage.<init>(ContactPage.java:14)
at Pages.ContactPage.<init>(ContactPage.java:14)
at Pages.ContactPage.<init>(ContactPage.java:14)
at Pages.ContactPage.<init>(ContactPage.java:14)
at Pages.ContactPage.<init>(ContactPage.java:14)
at Pages.ContactPage.<init>(ContactPage.java:14)
at Pages.ContactPage.<init>(ContactPage.java:14)
at Pages.ContactPage.<init>(ContactPage.java:14)
at Pages.ContactPage.<init>(ContactPage.java:14)
at Pages.ContactPage.<init>(ContactPage.java:14)
at Pages.ContactPage.<init>(ContactPage.java:14)
at Pages.ContactPage.<init>(ContactPage.java:14)
at Pages.ContactPage.<init>(ContactPage.java:14)
at Pages.ContactPage.<init>(ContactPage.java:14)
at Pages.ContactPage.<init>(ContactPage.java:14)
at Pages.ContactPage.<init>(ContactPage.java:14)
at Pages.ContactPage.<init>(ContactPage.java:14)
at Pages.ContactPage.<init>(ContactPage.java:14)
at Pages.ContactPage.<init>(ContactPage.java:14)
at Pages.ContactPage.<init>(ContactPage.java:14)
at Pages.ContactPage.<init>(ContactPage.java:14)
at Pages.ContactPage.<init>(ContactPage.java:14)
at Pages.ContactPage.<init>(ContactPage.java:14)
at Pages.ContactPage.<init>(ContactPage.java:14)
at Pages.ContactPage.<init>(ContactPage.java:14)
at Pages.ContactPage.<init>(ContactPage.java:14)
at Pages.ContactPage.<init>(ContactPage.java:14)
at Pages.ContactPage.<init>(ContactPage.java:14)
at Pages.ContactPage.<init>(ContactPage.java:14)
at Pages.ContactPage.<init>(ContactPage.java:14)
at Pages.ContactPage.<init>(ContactPage.java:14)
at Pages.ContactPage.<init>(ContactPage.java:14)
at Pages.ContactPage.<init>(ContactPage.java:14)
at Pages.ContactPage.<init>(ContactPage.java:14)
at Pages.ContactPage.<init>(ContactPage.java:14)
at Pages.ContactPage.<init>(ContactPage.java:14)
at Pages.ContactPage.<init>(ContactPage.java:14)
at Pages.ContactPage.<init>(ContactPage.java:14)
at Pages.ContactPage.<init>(ContactPage.java:14)
at Pages.ContactPage.<init>(ContactPage.java:14)
at Pages.ContactPage.<init>(ContactPage.java:14)
at Pages.ContactPage.<init>(ContactPage.java:14)
at Pages.ContactPage.<init>(ContactPage.java:14)
at Pages.ContactPage.<init>(ContactPage.java:14)
at Pages.ContactPage.<init>(ContactPage.java:14)
at Pages.ContactPage.<init>(ContactPage.java:14)
at Pages.ContactPage.<init>(ContactPage.java:14)
at Pages.ContactPage.<init>(ContactPage.java:14)
at Pages.ContactPage.<init>(ContactPage.java:14)
at Pages.ContactPage.<init>(ContactPage.java:14)
at Pages.ContactPage.<init>(ContactPage.java:14)
at Pages.ContactPage.<init>(ContactPage.java:14)
at Pages.ContactPage.<init>(ContactPage.java:14)
at Pages.ContactPage.<init>(ContactPage.java:14)
at Pages.ContactPage.<init>(ContactPage.java:14)
at Pages.ContactPage.<init>(ContactPage.java:14)
at Pages.ContactPage.<init>(ContactPage.java:14)
at Pages.ContactPage.<init>(ContactPage.java:14)
at Pages.ContactPage.<init>(ContactPage.java:14)
at Pages.ContactPage.<init>(ContactPage.java:14)
at Pages.ContactPage.<init>(ContactPage.java:14)
at Pages.ContactPage.<init>(ContactPage.java:14)
at Pages.ContactPage.<init>(ContactPage.java:14)
at Pages.ContactPage.<init>(ContactPage.java:14)
at Pages.ContactPage.<init>(ContactPage.java:14)
at Pages.ContactPage.<init>(ContactPage.java:14)
at Pages.ContactPage.<init>(ContactPage.java:14)
at Pages.ContactPage.<init>(ContactPage.java:14)
at Pages.ContactPage.<init>(ContactPage.java:14)
at Pages.ContactPage.<init>(ContactPage.java:14)
at Pages.ContactPage.<init>(ContactPage.java:14)
at Pages.ContactPage.<init>(ContactPage.java:14)
at Pages.ContactPage.<init>(ContactPage.java:14)
at Pages.ContactPage.<init>(ContactPage.java:14)
at Pages.ContactPage.<init>(ContactPage.java:14)
at Pages.ContactPage.<init>(ContactPage.java:14)
at Pages.ContactPage.<init>(ContactPage.java:14)
at Pages.ContactPage.<init>(ContactPage.java:14)
at Pages.ContactPage.<init>(ContactPage.java:14)
at Pages.ContactPage.<init>(ContactPage.java:14)
at Pages.ContactPage.<init>(ContactPage.java:14)
at Pages.ContactPage.<init>(ContactPage.java:14)
at Pages.ContactPage.<init>(ContactPage.java:14)
at Pages.ContactPage.<init>(ContactPage.java:14)
at Pages.ContactPage.<init>(ContactPage.java:14)
at Pages.ContactPage.<init>(ContactPage.java:14)
at Pages.ContactPage.<init>(ContactPage.java:14)
at Pages.ContactPage.<init>(ContactPage.java:14)
at Pages.ContactPage.<init>(ContactPage.java:14)
at Pages.ContactPage.<init>(ContactPage.java:14)
at Pages.ContactPage.<init>(ContactPage.java:14)
at Pages.ContactPage.<init>(ContactPage.java:14)
at Pages.ContactPage.<init>(ContactPage.java:14)
at Pages.ContactPage.<init>(ContactPage.java:14)
at Pages.ContactPage.<init>(ContactPage.java:14)
at Pages.ContactPage.<init>(ContactPage.java:14)
at Pages.ContactPage.<init>(ContactPage.java:14)
at Pages.ContactPage.<init>(ContactPage.java:14)
at Pages.ContactPage.<init>(ContactPage.java:14)
at Pages.ContactPage.<init>(ContactPage.java:14)
at Pages.ContactPage.<init>(ContactPage.java:14)
at Pages.ContactPage.<init>(ContactPage.java:14)
at Pages.ContactPage.<init>(ContactPage.java:14)
at Pages.ContactPage.<init>(ContactPage.java:14)
at Pages.ContactPage.<init>(ContactPage.java:14)
at Pages.ContactPage.<init>(ContactPage.java:14)
at Pages.ContactPage.<init>(ContactPage.java:14)
at Pages.ContactPage.<init>(ContactPage.java:14)
at Pages.ContactPage.<init>(ContactPage.java:14)
at Pages.ContactPage.<init>(ContactPage.java:14)
at Pages.ContactPage.<init>(ContactPage.java:14)
at Pages.ContactPage.<init>(ContactPage.java:14)
at Pages.ContactPage.<init>(ContactPage.java:14)
at Pages.ContactPage.<init>(ContactPage.java:14)
at Pages.ContactPage.<init>(ContactPage.java:14)
at Pages.ContactPage.<init>(ContactPage.java:14)
at Pages.ContactPage.<init>(ContactPage.java:14)
at Pages.ContactPage.<init>(ContactPage.java:14)
at Pages.ContactPage.<init>(ContactPage.java:14)
at Pages.ContactPage.<init>(ContactPage.java:14)
at Pages.ContactPage.<init>(ContactPage.java:14)
at Pages.ContactPage.<init>(ContactPage.java:14)
at Pages.ContactPage.<init>(ContactPage.java:14)
at Pages.ContactPage.<init>(ContactPage.java:14)
at Pages.ContactPage.<init>(ContactPage.java:14)
at Pages.ContactPage.<init>(ContactPage.java:14)
at Pages.ContactPage.<init>(ContactPage.java:14)
at Pages.ContactPage.<init>(ContactPage.java:14)
at Pages.ContactPage.<init>(ContactPage.java:14)
at Pages.ContactPage.<init>(ContactPage.java:14)
at Pages.ContactPage.<init>(ContactPage.java:14)
at Pages.ContactPage.<init>(ContactPage.java:14)
at Pages.ContactPage.<init>(ContactPage.java:14)
at Pages.ContactPage.<init>(ContactPage.java:14)
at Pages.ContactPage.<init>(ContactPage.java:14)
at Pages.ContactPage.<init>(ContactPage.java:14)
at Pages.ContactPage.<init>(ContactPage.java:14)
at Pages.ContactPage.<init>(ContactPage.java:14)
at Pages.ContactPage.<init>(ContactPage.java:14)
at Pages.ContactPage.<init>(ContactPage.java:14)
at Pages.ContactPage.<init>(ContactPage.java:14)
at Pages.ContactPage.<init>(ContactPage.java:14)
at Pages.ContactPage.<init>(ContactPage.java:14)
at Pages.ContactPage.<init>(ContactPage.java:14)
at Pages.ContactPage.<init>(ContactPage.java:14)
at Pages.ContactPage.<init>(ContactPage.java:14)
at Pages.ContactPage.<init>(ContactPage.java:14)
at Pages.ContactPage.<init>(ContactPage.java:14)
at Pages.ContactPage.<init>(ContactPage.java:14)
at Pages.ContactPage.<init>(ContactPage.java:14)
at Pages.ContactPage.<init>(ContactPage.java:14)
at Pages.ContactPage.<init>(ContactPage.java:14)
at Pages.ContactPage.<init>(ContactPage.java:14)
at Pages.ContactPage.<init>(ContactPage.java:14)
at Pages.ContactPage.<init>(ContactPage.java:14)
at Pages.ContactPage.<init>(ContactPage.java:14)
at Pages.ContactPage.<init>(ContactPage.java:14)
at Pages.ContactPage.<init>(ContactPage.java:14)
at Pages.ContactPage.<init>(ContactPage.java:14)
at Pages.ContactPage.<init>(ContactPage.java:14)
at Pages.ContactPage.<init>(ContactPage.java:14)
at Pages.ContactPage.<init>(ContactPage.java:14)
at Pages.ContactPage.<init>(ContactPage.java:14)
at Pages.ContactPage.<init>(ContactPage.java:14)
at Pages.ContactPage.<init>(ContactPage.java:14)
at Pages.ContactPage.<init>(ContactPage.java:14)
at Pages.ContactPage.<init>(ContactPage.java:14)
at Pages.ContactPage.<init>(ContactPage.java:14)
at Pages.ContactPage.<init>(ContactPage.java:14)
at Pages.ContactPage.<init>(ContactPage.java:14)
at Pages.ContactPage.<init>(ContactPage.java:14)
at Pages.ContactPage.<init>(ContactPage.java:14)
at Pages.ContactPage.<init>(ContactPage.java:14)
at Pages.ContactPage.<init>(ContactPage.java:14)
at Pages.ContactPage.<init>(ContactPage.java:14)
at Pages.ContactPage.<init>(ContactPage.java:14)
]]>
            </full-stacktrace>
          </exception> <!-- java.lang.StackOverflowError -->
          <reporter-output>
          </reporter-output>
        </test-method> <!-- fillalldetails -->
        <test-method is-config="true" signature="aftermethod()[pri:0, instance:Testcases.New_ContactTest@f316aeb]" started-at="2021-10-19T10:15:21 EDT" name="aftermethod" finished-at="2021-10-19T10:15:23 EDT" duration-ms="1953" status="PASS">
          <reporter-output>
          </reporter-output>
        </test-method> <!-- aftermethod -->
        <test-method is-config="true" signature="beforemethod()[pri:0, instance:Testcases.New_ContactTest@f316aeb]" started-at="2021-10-19T10:15:23 EDT" name="beforemethod" finished-at="2021-10-19T10:15:36 EDT" duration-ms="12692" status="PASS">
          <reporter-output>
          </reporter-output>
        </test-method> <!-- beforemethod -->
        <test-method signature="fillalldetails(java.lang.String,java.lang.String,java.lang.String)[pri:0, instance:Testcases.New_ContactTest@f316aeb]" started-at="2021-10-19T10:15:36 EDT" name="fillalldetails" data-provider="data" finished-at="2021-10-19T10:18:31 EDT" duration-ms="175094" status="FAIL">
          <params>
            <param index="0">
              <value>
                <![CDATA[Paul]]>
              </value>
            </param>
            <param index="1">
              <value>
                <![CDATA[patel]]>
              </value>
            </param>
            <param index="2">
              <value>
                <![CDATA[tqo11]]>
              </value>
            </param>
          </params>
          <exception class="java.lang.StackOverflowError">
            <full-stacktrace>
              <![CDATA[java.lang.StackOverflowError
at java.base/java.security.AccessController.doPrivileged(Native Method)
at java.base/java.util.ResourceBundle.getLoader(ResourceBundle.java:584)
at java.base/java.util.ResourceBundle.getBundleImpl(ResourceBundle.java:1581)
at java.base/java.util.ResourceBundle.getBundleImpl(ResourceBundle.java:1556)
at java.base/java.util.ResourceBundle.getBundle(ResourceBundle.java:932)
at java.xml/jdk.xml.internal.SecuritySupport.lambda$getResourceBundle$5(SecuritySupport.java:269)
at java.base/java.security.AccessController.doPrivileged(Native Method)
at java.xml/jdk.xml.internal.SecuritySupport.getResourceBundle(SecuritySupport.java:267)
at java.xml/com.sun.org.apache.xerces.internal.util.SAXMessageFormatter.formatMessage(SAXMessageFormatter.java:59)
at java.xml/com.sun.org.apache.xerces.internal.parsers.AbstractSAXParser.getProperty(AbstractSAXParser.java:2068)
at java.xml/com.sun.org.apache.xerces.internal.jaxp.SAXParserImpl$JAXPSAXParser.setProperty(SAXParserImpl.java:571)
at org.dom4j.io.SAXHelper.setParserProperty(SAXHelper.java:35)
at org.dom4j.io.SAXReader.configureReader(SAXReader.java:621)
at org.dom4j.io.SAXReader.read(SAXReader.java:321)
at org.dom4j.io.SAXReader.read(SAXReader.java:246)
at org.apache.poi.openxml4j.opc.PackageRelationshipCollection.parseRelationshipsPart(PackageRelationshipCollection.java:305)
at org.apache.poi.openxml4j.opc.PackageRelationshipCollection.<init>(PackageRelationshipCollection.java:156)
at org.apache.poi.openxml4j.opc.PackageRelationshipCollection.<init>(PackageRelationshipCollection.java:124)
at org.apache.poi.openxml4j.opc.PackagePart.loadRelationships(PackagePart.java:527)
at org.apache.poi.openxml4j.opc.PackagePart.<init>(PackagePart.java:112)
at org.apache.poi.openxml4j.opc.PackagePart.<init>(PackagePart.java:83)
at org.apache.poi.openxml4j.opc.PackagePart.<init>(PackagePart.java:128)
at org.apache.poi.openxml4j.opc.ZipPackagePart.<init>(ZipPackagePart.java:78)
at org.apache.poi.openxml4j.opc.ZipPackage.getPartsImpl(ZipPackage.java:187)
at org.apache.poi.openxml4j.opc.OPCPackage.getParts(OPCPackage.java:585)
at org.apache.poi.openxml4j.opc.OPCPackage.open(OPCPackage.java:201)
at org.apache.poi.openxml4j.opc.OPCPackage.open(OPCPackage.java:178)
at org.apache.poi.util.PackageHelper.open(PackageHelper.java:53)
at org.apache.poi.xssf.usermodel.XSSFWorkbook.<init>(XSSFWorkbook.java:176)
at Utilities.Xls_Reader.<init>(Xls_Reader.java:32)
at Base.TestBase.<init>(TestBase.java:32)
at Pages.ContactPage.<init>(ContactPage.java:37)
at Pages.ContactPage.<init>(ContactPage.java:14)
at Pages.ContactPage.<init>(ContactPage.java:14)
at Pages.ContactPage.<init>(ContactPage.java:14)
at Pages.ContactPage.<init>(ContactPage.java:14)
at Pages.ContactPage.<init>(ContactPage.java:14)
at Pages.ContactPage.<init>(ContactPage.java:14)
at Pages.ContactPage.<init>(ContactPage.java:14)
at Pages.ContactPage.<init>(ContactPage.java:14)
at Pages.ContactPage.<init>(ContactPage.java:14)
at Pages.ContactPage.<init>(ContactPage.java:14)
at Pages.ContactPage.<init>(ContactPage.java:14)
at Pages.ContactPage.<init>(ContactPage.java:14)
at Pages.ContactPage.<init>(ContactPage.java:14)
at Pages.ContactPage.<init>(ContactPage.java:14)
at Pages.ContactPage.<init>(ContactPage.java:14)
at Pages.ContactPage.<init>(ContactPage.java:14)
at Pages.ContactPage.<init>(ContactPage.java:14)
at Pages.ContactPage.<init>(ContactPage.java:14)
at Pages.ContactPage.<init>(ContactPage.java:14)
at Pages.ContactPage.<init>(ContactPage.java:14)
at Pages.ContactPage.<init>(ContactPage.java:14)
at Pages.ContactPage.<init>(ContactPage.java:14)
at Pages.ContactPage.<init>(ContactPage.java:14)
at Pages.ContactPage.<init>(ContactPage.java:14)
at Pages.ContactPage.<init>(ContactPage.java:14)
at Pages.ContactPage.<init>(ContactPage.java:14)
at Pages.ContactPage.<init>(ContactPage.java:14)
at Pages.ContactPage.<init>(ContactPage.java:14)
at Pages.ContactPage.<init>(ContactPage.java:14)
at Pages.ContactPage.<init>(ContactPage.java:14)
at Pages.ContactPage.<init>(ContactPage.java:14)
at Pages.ContactPage.<init>(ContactPage.java:14)
at Pages.ContactPage.<init>(ContactPage.java:14)
at Pages.ContactPage.<init>(ContactPage.java:14)
at Pages.ContactPage.<init>(ContactPage.java:14)
at Pages.ContactPage.<init>(ContactPage.java:14)
at Pages.ContactPage.<init>(ContactPage.java:14)
at Pages.ContactPage.<init>(ContactPage.java:14)
at Pages.ContactPage.<init>(ContactPage.java:14)
at Pages.ContactPage.<init>(ContactPage.java:14)
at Pages.ContactPage.<init>(ContactPage.java:14)
at Pages.ContactPage.<init>(ContactPage.java:14)
at Pages.ContactPage.<init>(ContactPage.java:14)
at Pages.ContactPage.<init>(ContactPage.java:14)
at Pages.ContactPage.<init>(ContactPage.java:14)
at Pages.ContactPage.<init>(ContactPage.java:14)
at Pages.ContactPage.<init>(ContactPage.java:14)
at Pages.ContactPage.<init>(ContactPage.java:14)
at Pages.ContactPage.<init>(ContactPage.java:14)
at Pages.ContactPage.<init>(ContactPage.java:14)
at Pages.ContactPage.<init>(ContactPage.java:14)
at Pages.ContactPage.<init>(ContactPage.java:14)
at Pages.ContactPage.<init>(ContactPage.java:14)
at Pages.ContactPage.<init>(ContactPage.java:14)
at Pages.ContactPage.<init>(ContactPage.java:14)
at Pages.ContactPage.<init>(ContactPage.java:14)
at Pages.ContactPage.<init>(ContactPage.java:14)
at Pages.ContactPage.<init>(ContactPage.java:14)
at Pages.ContactPage.<init>(ContactPage.java:14)
at Pages.ContactPage.<init>(ContactPage.java:14)
at Pages.ContactPage.<init>(ContactPage.java:14)
at Pages.ContactPage.<init>(ContactPage.java:14)
at Pages.ContactPage.<init>(ContactPage.java:14)
at Pages.ContactPage.<init>(ContactPage.java:14)
at Pages.ContactPage.<init>(ContactPage.java:14)
at Pages.ContactPage.<init>(ContactPage.java:14)
at Pages.ContactPage.<init>(ContactPage.java:14)
at Pages.ContactPage.<init>(ContactPage.java:14)
at Pages.ContactPage.<init>(ContactPage.java:14)
at Pages.ContactPage.<init>(ContactPage.java:14)
at Pages.ContactPage.<init>(ContactPage.java:14)
at Pages.ContactPage.<init>(ContactPage.java:14)
at Pages.ContactPage.<init>(ContactPage.java:14)
at Pages.ContactPage.<init>(ContactPage.java:14)
at Pages.ContactPage.<init>(ContactPage.java:14)
at Pages.ContactPage.<init>(ContactPage.java:14)
at Pages.ContactPage.<init>(ContactPage.java:14)
at Pages.ContactPage.<init>(ContactPage.java:14)
at Pages.ContactPage.<init>(ContactPage.java:14)
at Pages.ContactPage.<init>(ContactPage.java:14)
at Pages.ContactPage.<init>(ContactPage.java:14)
at Pages.ContactPage.<init>(ContactPage.java:14)
at Pages.ContactPage.<init>(ContactPage.java:14)
at Pages.ContactPage.<init>(ContactPage.java:14)
at Pages.ContactPage.<init>(ContactPage.java:14)
at Pages.ContactPage.<init>(ContactPage.java:14)
at Pages.ContactPage.<init>(ContactPage.java:14)
at Pages.ContactPage.<init>(ContactPage.java:14)
at Pages.ContactPage.<init>(ContactPage.java:14)
at Pages.ContactPage.<init>(ContactPage.java:14)
at Pages.ContactPage.<init>(ContactPage.java:14)
at Pages.ContactPage.<init>(ContactPage.java:14)
at Pages.ContactPage.<init>(ContactPage.java:14)
at Pages.ContactPage.<init>(ContactPage.java:14)
at Pages.ContactPage.<init>(ContactPage.java:14)
at Pages.ContactPage.<init>(ContactPage.java:14)
at Pages.ContactPage.<init>(ContactPage.java:14)
at Pages.ContactPage.<init>(ContactPage.java:14)
at Pages.ContactPage.<init>(ContactPage.java:14)
at Pages.ContactPage.<init>(ContactPage.java:14)
at Pages.ContactPage.<init>(ContactPage.java:14)
at Pages.ContactPage.<init>(ContactPage.java:14)
at Pages.ContactPage.<init>(ContactPage.java:14)
at Pages.ContactPage.<init>(ContactPage.java:14)
at Pages.ContactPage.<init>(ContactPage.java:14)
at Pages.ContactPage.<init>(ContactPage.java:14)
at Pages.ContactPage.<init>(ContactPage.java:14)
at Pages.ContactPage.<init>(ContactPage.java:14)
at Pages.ContactPage.<init>(ContactPage.java:14)
at Pages.ContactPage.<init>(ContactPage.java:14)
at Pages.ContactPage.<init>(ContactPage.java:14)
at Pages.ContactPage.<init>(ContactPage.java:14)
at Pages.ContactPage.<init>(ContactPage.java:14)
at Pages.ContactPage.<init>(ContactPage.java:14)
at Pages.ContactPage.<init>(ContactPage.java:14)
at Pages.ContactPage.<init>(ContactPage.java:14)
at Pages.ContactPage.<init>(ContactPage.java:14)
at Pages.ContactPage.<init>(ContactPage.java:14)
at Pages.ContactPage.<init>(ContactPage.java:14)
at Pages.ContactPage.<init>(ContactPage.java:14)
at Pages.ContactPage.<init>(ContactPage.java:14)
at Pages.ContactPage.<init>(ContactPage.java:14)
at Pages.ContactPage.<init>(ContactPage.java:14)
at Pages.ContactPage.<init>(ContactPage.java:14)
at Pages.ContactPage.<init>(ContactPage.java:14)
at Pages.ContactPage.<init>(ContactPage.java:14)
at Pages.ContactPage.<init>(ContactPage.java:14)
at Pages.ContactPage.<init>(ContactPage.java:14)
at Pages.ContactPage.<init>(ContactPage.java:14)
at Pages.ContactPage.<init>(ContactPage.java:14)
at Pages.ContactPage.<init>(ContactPage.java:14)
at Pages.ContactPage.<init>(ContactPage.java:14)
at Pages.ContactPage.<init>(ContactPage.java:14)
at Pages.ContactPage.<init>(ContactPage.java:14)
at Pages.ContactPage.<init>(ContactPage.java:14)
at Pages.ContactPage.<init>(ContactPage.java:14)
at Pages.ContactPage.<init>(ContactPage.java:14)
at Pages.ContactPage.<init>(ContactPage.java:14)
at Pages.ContactPage.<init>(ContactPage.java:14)
at Pages.ContactPage.<init>(ContactPage.java:14)
at Pages.ContactPage.<init>(ContactPage.java:14)
at Pages.ContactPage.<init>(ContactPage.java:14)
at Pages.ContactPage.<init>(ContactPage.java:14)
at Pages.ContactPage.<init>(ContactPage.java:14)
at Pages.ContactPage.<init>(ContactPage.java:14)
at Pages.ContactPage.<init>(ContactPage.java:14)
at Pages.ContactPage.<init>(ContactPage.java:14)
at Pages.ContactPage.<init>(ContactPage.java:14)
at Pages.ContactPage.<init>(ContactPage.java:14)
at Pages.ContactPage.<init>(ContactPage.java:14)
at Pages.ContactPage.<init>(ContactPage.java:14)
at Pages.ContactPage.<init>(ContactPage.java:14)
at Pages.ContactPage.<init>(ContactPage.java:14)
at Pages.ContactPage.<init>(ContactPage.java:14)
at Pages.ContactPage.<init>(ContactPage.java:14)
at Pages.ContactPage.<init>(ContactPage.java:14)
at Pages.ContactPage.<init>(ContactPage.java:14)
at Pages.ContactPage.<init>(ContactPage.java:14)
at Pages.ContactPage.<init>(ContactPage.java:14)
at Pages.ContactPage.<init>(ContactPage.java:14)
at Pages.ContactPage.<init>(ContactPage.java:14)
at Pages.ContactPage.<init>(ContactPage.java:14)
at Pages.ContactPage.<init>(ContactPage.java:14)
at Pages.ContactPage.<init>(ContactPage.java:14)
at Pages.ContactPage.<init>(ContactPage.java:14)
at Pages.ContactPage.<init>(ContactPage.java:14)
at Pages.ContactPage.<init>(ContactPage.java:14)
at Pages.ContactPage.<init>(ContactPage.java:14)
at Pages.ContactPage.<init>(ContactPage.java:14)
at Pages.ContactPage.<init>(ContactPage.java:14)
at Pages.ContactPage.<init>(ContactPage.java:14)
at Pages.ContactPage.<init>(ContactPage.java:14)
at Pages.ContactPage.<init>(ContactPage.java:14)
at Pages.ContactPage.<init>(ContactPage.java:14)
at Pages.ContactPage.<init>(ContactPage.java:14)
at Pages.ContactPage.<init>(ContactPage.java:14)
at Pages.ContactPage.<init>(ContactPage.java:14)
at Pages.ContactPage.<init>(ContactPage.java:14)
at Pages.ContactPage.<init>(ContactPage.java:14)
at Pages.ContactPage.<init>(ContactPage.java:14)
at Pages.ContactPage.<init>(ContactPage.java:14)
at Pages.ContactPage.<init>(ContactPage.java:14)
at Pages.ContactPage.<init>(ContactPage.java:14)
at Pages.ContactPage.<init>(ContactPage.java:14)
at Pages.ContactPage.<init>(ContactPage.java:14)
at Pages.ContactPage.<init>(ContactPage.java:14)
at Pages.ContactPage.<init>(ContactPage.java:14)
at Pages.ContactPage.<init>(ContactPage.java:14)
at Pages.ContactPage.<init>(ContactPage.java:14)
at Pages.ContactPage.<init>(ContactPage.java:14)
at Pages.ContactPage.<init>(ContactPage.java:14)
at Pages.ContactPage.<init>(ContactPage.java:14)
at Pages.ContactPage.<init>(ContactPage.java:14)
at Pages.ContactPage.<init>(ContactPage.java:14)
at Pages.ContactPage.<init>(ContactPage.java:14)
at Pages.ContactPage.<init>(ContactPage.java:14)
at Pages.ContactPage.<init>(ContactPage.java:14)
at Pages.ContactPage.<init>(ContactPage.java:14)
at Pages.ContactPage.<init>(ContactPage.java:14)
at Pages.ContactPage.<init>(ContactPage.java:14)
at Pages.ContactPage.<init>(ContactPage.java:14)
at Pages.ContactPage.<init>(ContactPage.java:14)
at Pages.ContactPage.<init>(ContactPage.java:14)
at Pages.ContactPage.<init>(ContactPage.java:14)
at Pages.ContactPage.<init>(ContactPage.java:14)
at Pages.ContactPage.<init>(ContactPage.java:14)
at Pages.ContactPage.<init>(ContactPage.java:14)
at Pages.ContactPage.<init>(ContactPage.java:14)
at Pages.ContactPage.<init>(ContactPage.java:14)
at Pages.ContactPage.<init>(ContactPage.java:14)
at Pages.ContactPage.<init>(ContactPage.java:14)
at Pages.ContactPage.<init>(ContactPage.java:14)
at Pages.ContactPage.<init>(ContactPage.java:14)
at Pages.ContactPage.<init>(ContactPage.java:14)
at Pages.ContactPage.<init>(ContactPage.java:14)
at Pages.ContactPage.<init>(ContactPage.java:14)
at Pages.ContactPage.<init>(ContactPage.java:14)
at Pages.ContactPage.<init>(ContactPage.java:14)
at Pages.ContactPage.<init>(ContactPage.java:14)
at Pages.ContactPage.<init>(ContactPage.java:14)
at Pages.ContactPage.<init>(ContactPage.java:14)
at Pages.ContactPage.<init>(ContactPage.java:14)
at Pages.ContactPage.<init>(ContactPage.java:14)
at Pages.ContactPage.<init>(ContactPage.java:14)
at Pages.ContactPage.<init>(ContactPage.java:14)
at Pages.ContactPage.<init>(ContactPage.java:14)
at Pages.ContactPage.<init>(ContactPage.java:14)
at Pages.ContactPage.<init>(ContactPage.java:14)
at Pages.ContactPage.<init>(ContactPage.java:14)
at Pages.ContactPage.<init>(ContactPage.java:14)
at Pages.ContactPage.<init>(ContactPage.java:14)
at Pages.ContactPage.<init>(ContactPage.java:14)
at Pages.ContactPage.<init>(ContactPage.java:14)
at Pages.ContactPage.<init>(ContactPage.java:14)
at Pages.ContactPage.<init>(ContactPage.java:14)
at Pages.ContactPage.<init>(ContactPage.java:14)
at Pages.ContactPage.<init>(ContactPage.java:14)
at Pages.ContactPage.<init>(ContactPage.java:14)
at Pages.ContactPage.<init>(ContactPage.java:14)
at Pages.ContactPage.<init>(ContactPage.java:14)
at Pages.ContactPage.<init>(ContactPage.java:14)
at Pages.ContactPage.<init>(ContactPage.java:14)
at Pages.ContactPage.<init>(ContactPage.java:14)
at Pages.ContactPage.<init>(ContactPage.java:14)
at Pages.ContactPage.<init>(ContactPage.java:14)
at Pages.ContactPage.<init>(ContactPage.java:14)
at Pages.ContactPage.<init>(ContactPage.java:14)
at Pages.ContactPage.<init>(ContactPage.java:14)
at Pages.ContactPage.<init>(ContactPage.java:14)
at Pages.ContactPage.<init>(ContactPage.java:14)
at Pages.ContactPage.<init>(ContactPage.java:14)
at Pages.ContactPage.<init>(ContactPage.java:14)
at Pages.ContactPage.<init>(ContactPage.java:14)
at Pages.ContactPage.<init>(ContactPage.java:14)
at Pages.ContactPage.<init>(ContactPage.java:14)
at Pages.ContactPage.<init>(ContactPage.java:14)
at Pages.ContactPage.<init>(ContactPage.java:14)
at Pages.ContactPage.<init>(ContactPage.java:14)
at Pages.ContactPage.<init>(ContactPage.java:14)
at Pages.ContactPage.<init>(ContactPage.java:14)
at Pages.ContactPage.<init>(ContactPage.java:14)
at Pages.ContactPage.<init>(ContactPage.java:14)
at Pages.ContactPage.<init>(ContactPage.java:14)
at Pages.ContactPage.<init>(ContactPage.java:14)
at Pages.ContactPage.<init>(ContactPage.java:14)
at Pages.ContactPage.<init>(ContactPage.java:14)
at Pages.ContactPage.<init>(ContactPage.java:14)
at Pages.ContactPage.<init>(ContactPage.java:14)
at Pages.ContactPage.<init>(ContactPage.java:14)
at Pages.ContactPage.<init>(ContactPage.java:14)
at Pages.ContactPage.<init>(ContactPage.java:14)
at Pages.ContactPage.<init>(ContactPage.java:14)
at Pages.ContactPage.<init>(ContactPage.java:14)
at Pages.ContactPage.<init>(ContactPage.java:14)
at Pages.ContactPage.<init>(ContactPage.java:14)
at Pages.ContactPage.<init>(ContactPage.java:14)
at Pages.ContactPage.<init>(ContactPage.java:14)
at Pages.ContactPage.<init>(ContactPage.java:14)
at Pages.ContactPage.<init>(ContactPage.java:14)
at Pages.ContactPage.<init>(ContactPage.java:14)
at Pages.ContactPage.<init>(ContactPage.java:14)
at Pages.ContactPage.<init>(ContactPage.java:14)
at Pages.ContactPage.<init>(ContactPage.java:14)
at Pages.ContactPage.<init>(ContactPage.java:14)
at Pages.ContactPage.<init>(ContactPage.java:14)
at Pages.ContactPage.<init>(ContactPage.java:14)
at Pages.ContactPage.<init>(ContactPage.java:14)
at Pages.ContactPage.<init>(ContactPage.java:14)
at Pages.ContactPage.<init>(ContactPage.java:14)
at Pages.ContactPage.<init>(ContactPage.java:14)
at Pages.ContactPage.<init>(ContactPage.java:14)
at Pages.ContactPage.<init>(ContactPage.java:14)
at Pages.ContactPage.<init>(ContactPage.java:14)
at Pages.ContactPage.<init>(ContactPage.java:14)
at Pages.ContactPage.<init>(ContactPage.java:14)
at Pages.ContactPage.<init>(ContactPage.java:14)
at Pages.ContactPage.<init>(ContactPage.java:14)
at Pages.ContactPage.<init>(ContactPage.java:14)
at Pages.ContactPage.<init>(ContactPage.java:14)
at Pages.ContactPage.<init>(ContactPage.java:14)
at Pages.ContactPage.<init>(ContactPage.java:14)
at Pages.ContactPage.<init>(ContactPage.java:14)
at Pages.ContactPage.<init>(ContactPage.java:14)
at Pages.ContactPage.<init>(ContactPage.java:14)
at Pages.ContactPage.<init>(ContactPage.java:14)
at Pages.ContactPage.<init>(ContactPage.java:14)
at Pages.ContactPage.<init>(ContactPage.java:14)
at Pages.ContactPage.<init>(ContactPage.java:14)
at Pages.ContactPage.<init>(ContactPage.java:14)
at Pages.ContactPage.<init>(ContactPage.java:14)
at Pages.ContactPage.<init>(ContactPage.java:14)
at Pages.ContactPage.<init>(ContactPage.java:14)
at Pages.ContactPage.<init>(ContactPage.java:14)
at Pages.ContactPage.<init>(ContactPage.java:14)
at Pages.ContactPage.<init>(ContactPage.java:14)
at Pages.ContactPage.<init>(ContactPage.java:14)
at Pages.ContactPage.<init>(ContactPage.java:14)
at Pages.ContactPage.<init>(ContactPage.java:14)
at Pages.ContactPage.<init>(ContactPage.java:14)
at Pages.ContactPage.<init>(ContactPage.java:14)
at Pages.ContactPage.<init>(ContactPage.java:14)
at Pages.ContactPage.<init>(ContactPage.java:14)
at Pages.ContactPage.<init>(ContactPage.java:14)
at Pages.ContactPage.<init>(ContactPage.java:14)
at Pages.ContactPage.<init>(ContactPage.java:14)
at Pages.ContactPage.<init>(ContactPage.java:14)
at Pages.ContactPage.<init>(ContactPage.java:14)
at Pages.ContactPage.<init>(ContactPage.java:14)
at Pages.ContactPage.<init>(ContactPage.java:14)
at Pages.ContactPage.<init>(ContactPage.java:14)
at Pages.ContactPage.<init>(ContactPage.java:14)
at Pages.ContactPage.<init>(ContactPage.java:14)
at Pages.ContactPage.<init>(ContactPage.java:14)
at Pages.ContactPage.<init>(ContactPage.java:14)
at Pages.ContactPage.<init>(ContactPage.java:14)
at Pages.ContactPage.<init>(ContactPage.java:14)
at Pages.ContactPage.<init>(ContactPage.java:14)
at Pages.ContactPage.<init>(ContactPage.java:14)
at Pages.ContactPage.<init>(ContactPage.java:14)
at Pages.ContactPage.<init>(ContactPage.java:14)
at Pages.ContactPage.<init>(ContactPage.java:14)
at Pages.ContactPage.<init>(ContactPage.java:14)
at Pages.ContactPage.<init>(ContactPage.java:14)
at Pages.ContactPage.<init>(ContactPage.java:14)
at Pages.ContactPage.<init>(ContactPage.java:14)
at Pages.ContactPage.<init>(ContactPage.java:14)
at Pages.ContactPage.<init>(ContactPage.java:14)
at Pages.ContactPage.<init>(ContactPage.java:14)
at Pages.ContactPage.<init>(ContactPage.java:14)
at Pages.ContactPage.<init>(ContactPage.java:14)
at Pages.ContactPage.<init>(ContactPage.java:14)
at Pages.ContactPage.<init>(ContactPage.java:14)
at Pages.ContactPage.<init>(ContactPage.java:14)
at Pages.ContactPage.<init>(ContactPage.java:14)
at Pages.ContactPage.<init>(ContactPage.java:14)
at Pages.ContactPage.<init>(ContactPage.java:14)
at Pages.ContactPage.<init>(ContactPage.java:14)
at Pages.ContactPage.<init>(ContactPage.java:14)
at Pages.ContactPage.<init>(ContactPage.java:14)
at Pages.ContactPage.<init>(ContactPage.java:14)
at Pages.ContactPage.<init>(ContactPage.java:14)
at Pages.ContactPage.<init>(ContactPage.java:14)
at Pages.ContactPage.<init>(ContactPage.java:14)
at Pages.ContactPage.<init>(ContactPage.java:14)
at Pages.ContactPage.<init>(ContactPage.java:14)
at Pages.ContactPage.<init>(ContactPage.java:14)
at Pages.ContactPage.<init>(ContactPage.java:14)
at Pages.ContactPage.<init>(ContactPage.java:14)
at Pages.ContactPage.<init>(ContactPage.java:14)
at Pages.ContactPage.<init>(ContactPage.java:14)
at Pages.ContactPage.<init>(ContactPage.java:14)
at Pages.ContactPage.<init>(ContactPage.java:14)
at Pages.ContactPage.<init>(ContactPage.java:14)
at Pages.ContactPage.<init>(ContactPage.java:14)
at Pages.ContactPage.<init>(ContactPage.java:14)
at Pages.ContactPage.<init>(ContactPage.java:14)
at Pages.ContactPage.<init>(ContactPage.java:14)
at Pages.ContactPage.<init>(ContactPage.java:14)
at Pages.ContactPage.<init>(ContactPage.java:14)
at Pages.ContactPage.<init>(ContactPage.java:14)
at Pages.ContactPage.<init>(ContactPage.java:14)
at Pages.ContactPage.<init>(ContactPage.java:14)
at Pages.ContactPage.<init>(ContactPage.java:14)
at Pages.ContactPage.<init>(ContactPage.java:14)
at Pages.ContactPage.<init>(ContactPage.java:14)
at Pages.ContactPage.<init>(ContactPage.java:14)
at Pages.ContactPage.<init>(ContactPage.java:14)
at Pages.ContactPage.<init>(ContactPage.java:14)
at Pages.ContactPage.<init>(ContactPage.java:14)
at Pages.ContactPage.<init>(ContactPage.java:14)
at Pages.ContactPage.<init>(ContactPage.java:14)
at Pages.ContactPage.<init>(ContactPage.java:14)
at Pages.ContactPage.<init>(ContactPage.java:14)
at Pages.ContactPage.<init>(ContactPage.java:14)
at Pages.ContactPage.<init>(ContactPage.java:14)
at Pages.ContactPage.<init>(ContactPage.java:14)
at Pages.ContactPage.<init>(ContactPage.java:14)
at Pages.ContactPage.<init>(ContactPage.java:14)
at Pages.ContactPage.<init>(ContactPage.java:14)
at Pages.ContactPage.<init>(ContactPage.java:14)
at Pages.ContactPage.<init>(ContactPage.java:14)
at Pages.ContactPage.<init>(ContactPage.java:14)
at Pages.ContactPage.<init>(ContactPage.java:14)
at Pages.ContactPage.<init>(ContactPage.java:14)
at Pages.ContactPage.<init>(ContactPage.java:14)
at Pages.ContactPage.<init>(ContactPage.java:14)
at Pages.ContactPage.<init>(ContactPage.java:14)
at Pages.ContactPage.<init>(ContactPage.java:14)
at Pages.ContactPage.<init>(ContactPage.java:14)
at Pages.ContactPage.<init>(ContactPage.java:14)
at Pages.ContactPage.<init>(ContactPage.java:14)
at Pages.ContactPage.<init>(ContactPage.java:14)
at Pages.ContactPage.<init>(ContactPage.java:14)
at Pages.ContactPage.<init>(ContactPage.java:14)
at Pages.ContactPage.<init>(ContactPage.java:14)
at Pages.ContactPage.<init>(ContactPage.java:14)
at Pages.ContactPage.<init>(ContactPage.java:14)
at Pages.ContactPage.<init>(ContactPage.java:14)
at Pages.ContactPage.<init>(ContactPage.java:14)
at Pages.ContactPage.<init>(ContactPage.java:14)
at Pages.ContactPage.<init>(ContactPage.java:14)
at Pages.ContactPage.<init>(ContactPage.java:14)
at Pages.ContactPage.<init>(ContactPage.java:14)
at Pages.ContactPage.<init>(ContactPage.java:14)
at Pages.ContactPage.<init>(ContactPage.java:14)
at Pages.ContactPage.<init>(ContactPage.java:14)
at Pages.ContactPage.<init>(ContactPage.java:14)
at Pages.ContactPage.<init>(ContactPage.java:14)
at Pages.ContactPage.<init>(ContactPage.java:14)
at Pages.ContactPage.<init>(ContactPage.java:14)
at Pages.ContactPage.<init>(ContactPage.java:14)
at Pages.ContactPage.<init>(ContactPage.java:14)
at Pages.ContactPage.<init>(ContactPage.java:14)
at Pages.ContactPage.<init>(ContactPage.java:14)
at Pages.ContactPage.<init>(ContactPage.java:14)
at Pages.ContactPage.<init>(ContactPage.java:14)
at Pages.ContactPage.<init>(ContactPage.java:14)
at Pages.ContactPage.<init>(ContactPage.java:14)
at Pages.ContactPage.<init>(ContactPage.java:14)
at Pages.ContactPage.<init>(ContactPage.java:14)
at Pages.ContactPage.<init>(ContactPage.java:14)
at Pages.ContactPage.<init>(ContactPage.java:14)
at Pages.ContactPage.<init>(ContactPage.java:14)
at Pages.ContactPage.<init>(ContactPage.java:14)
at Pages.ContactPage.<init>(ContactPage.java:14)
at Pages.ContactPage.<init>(ContactPage.java:14)
at Pages.ContactPage.<init>(ContactPage.java:14)
at Pages.ContactPage.<init>(ContactPage.java:14)
at Pages.ContactPage.<init>(ContactPage.java:14)
at Pages.ContactPage.<init>(ContactPage.java:14)
at Pages.ContactPage.<init>(ContactPage.java:14)
at Pages.ContactPage.<init>(ContactPage.java:14)
at Pages.ContactPage.<init>(ContactPage.java:14)
at Pages.ContactPage.<init>(ContactPage.java:14)
at Pages.ContactPage.<init>(ContactPage.java:14)
at Pages.ContactPage.<init>(ContactPage.java:14)
[...]
at Pages.ContactPage.<init>(ContactPage.java:14)
at Pages.ContactPage.<init>(ContactPage.java:14)
at Pages.ContactPage.<init>(ContactPage.java:14)
at Pages.ContactPage.<init>(ContactPage.java:14)
at Pages.ContactPage.<init>(ContactPage.java:14)
at Pages.ContactPage.<init>(ContactPage.java:14)
at Pages.ContactPage.<init>(ContactPage.java:14)
at Pages.ContactPage.<init>(ContactPage.java:14)
at Pages.ContactPage.<init>(ContactPage.java:14)
at Pages.ContactPage.<init>(ContactPage.java:14)
at Pages.ContactPage.<init>(ContactPage.java:14)
at Pages.ContactPage.<init>(ContactPage.java:14)
at Pages.ContactPage.<init>(ContactPage.java:14)
at Pages.ContactPage.<init>(ContactPage.java:14)
at Pages.ContactPage.<init>(ContactPage.java:14)
at Pages.ContactPage.<init>(ContactPage.java:14)
at Pages.ContactPage.<init>(ContactPage.java:14)
at Pages.ContactPage.<init>(ContactPage.java:14)
at Pages.ContactPage.<init>(ContactPage.java:14)
at Pages.ContactPage.<init>(ContactPage.java:14)
at Pages.ContactPage.<init>(ContactPage.java:14)
at Pages.ContactPage.<init>(ContactPage.java:14)
at Pages.ContactPage.<init>(ContactPage.java:14)
at Pages.ContactPage.<init>(ContactPage.java:14)
at Pages.ContactPage.<init>(ContactPage.java:14)
at Pages.ContactPage.<init>(ContactPage.java:14)
at Pages.ContactPage.<init>(ContactPage.java:14)
at Pages.ContactPage.<init>(ContactPage.java:14)
at Pages.ContactPage.<init>(ContactPage.java:14)
at Pages.ContactPage.<init>(ContactPage.java:14)
at Pages.ContactPage.<init>(ContactPage.java:14)
at Pages.ContactPage.<init>(ContactPage.java:14)
at Pages.ContactPage.<init>(ContactPage.java:14)
at Pages.ContactPage.<init>(ContactPage.java:14)
at Pages.ContactPage.<init>(ContactPage.java:14)
at Pages.ContactPage.<init>(ContactPage.java:14)
at Pages.ContactPage.<init>(ContactPage.java:14)
at Pages.ContactPage.<init>(ContactPage.java:14)
at Pages.ContactPage.<init>(ContactPage.java:14)
at Pages.ContactPage.<init>(ContactPage.java:14)
at Pages.ContactPage.<init>(ContactPage.java:14)
at Pages.ContactPage.<init>(ContactPage.java:14)
at Pages.ContactPage.<init>(ContactPage.java:14)
at Pages.ContactPage.<init>(ContactPage.java:14)
at Pages.ContactPage.<init>(ContactPage.java:14)
at Pages.ContactPage.<init>(ContactPage.java:14)
at Pages.ContactPage.<init>(ContactPage.java:14)
at Pages.ContactPage.<init>(ContactPage.java:14)
at Pages.ContactPage.<init>(ContactPage.java:14)
at Pages.ContactPage.<init>(ContactPage.java:14)
at Pages.ContactPage.<init>(ContactPage.java:14)
at Pages.ContactPage.<init>(ContactPage.java:14)
at Pages.ContactPage.<init>(ContactPage.java:14)
at Pages.ContactPage.<init>(ContactPage.java:14)
at Pages.ContactPage.<init>(ContactPage.java:14)
at Pages.ContactPage.<init>(ContactPage.java:14)
at Pages.ContactPage.<init>(ContactPage.java:14)
at Pages.ContactPage.<init>(ContactPage.java:14)
at Pages.ContactPage.<init>(ContactPage.java:14)
at Pages.ContactPage.<init>(ContactPage.java:14)
at Pages.ContactPage.<init>(ContactPage.java:14)
at Pages.ContactPage.<init>(ContactPage.java:14)
at Pages.ContactPage.<init>(ContactPage.java:14)
at Pages.ContactPage.<init>(ContactPage.java:14)
at Pages.ContactPage.<init>(ContactPage.java:14)
at Pages.ContactPage.<init>(ContactPage.java:14)
at Pages.ContactPage.<init>(ContactPage.java:14)
at Pages.ContactPage.<init>(ContactPage.java:14)
at Pages.ContactPage.<init>(ContactPage.java:14)
at Pages.ContactPage.<init>(ContactPage.java:14)
at Pages.ContactPage.<init>(ContactPage.java:14)
at Pages.ContactPage.<init>(ContactPage.java:14)
at Pages.ContactPage.<init>(ContactPage.java:14)
at Pages.ContactPage.<init>(ContactPage.java:14)
at Pages.ContactPage.<init>(ContactPage.java:14)
at Pages.ContactPage.<init>(ContactPage.java:14)
at Pages.ContactPage.<init>(ContactPage.java:14)
at Pages.ContactPage.<init>(ContactPage.java:14)
at Pages.ContactPage.<init>(ContactPage.java:14)
at Pages.ContactPage.<init>(ContactPage.java:14)
at Pages.ContactPage.<init>(ContactPage.java:14)
at Pages.ContactPage.<init>(ContactPage.java:14)
at Pages.ContactPage.<init>(ContactPage.java:14)
at Pages.ContactPage.<init>(ContactPage.java:14)
at Pages.ContactPage.<init>(ContactPage.java:14)
at Pages.ContactPage.<init>(ContactPage.java:14)
at Pages.ContactPage.<init>(ContactPage.java:14)
at Pages.ContactPage.<init>(ContactPage.java:14)
at Pages.ContactPage.<init>(ContactPage.java:14)
at Pages.ContactPage.<init>(ContactPage.java:14)
at Pages.ContactPage.<init>(ContactPage.java:14)
at Pages.ContactPage.<init>(ContactPage.java:14)
at Pages.ContactPage.<init>(ContactPage.java:14)
at Pages.ContactPage.<init>(ContactPage.java:14)
at Pages.ContactPage.<init>(ContactPage.java:14)
at Pages.ContactPage.<init>(ContactPage.java:14)
at Pages.ContactPage.<init>(ContactPage.java:14)
at Pages.ContactPage.<init>(ContactPage.java:14)
at Pages.ContactPage.<init>(ContactPage.java:14)
at Pages.ContactPage.<init>(ContactPage.java:14)
at Pages.ContactPage.<init>(ContactPage.java:14)
at Pages.ContactPage.<init>(ContactPage.java:14)
at Pages.ContactPage.<init>(ContactPage.java:14)
at Pages.ContactPage.<init>(ContactPage.java:14)
at Pages.ContactPage.<init>(ContactPage.java:14)
at Pages.ContactPage.<init>(ContactPage.java:14)
at Pages.ContactPage.<init>(ContactPage.java:14)
at Pages.ContactPage.<init>(ContactPage.java:14)
at Pages.ContactPage.<init>(ContactPage.java:14)
at Pages.ContactPage.<init>(ContactPage.java:14)
at Pages.ContactPage.<init>(ContactPage.java:14)
at Pages.ContactPage.<init>(ContactPage.java:14)
at Pages.ContactPage.<init>(ContactPage.java:14)
at Pages.ContactPage.<init>(ContactPage.java:14)
at Pages.ContactPage.<init>(ContactPage.java:14)
at Pages.ContactPage.<init>(ContactPage.java:14)
at Pages.ContactPage.<init>(ContactPage.java:14)
at Pages.ContactPage.<init>(ContactPage.java:14)
at Pages.ContactPage.<init>(ContactPage.java:14)
at Pages.ContactPage.<init>(ContactPage.java:14)
at Pages.ContactPage.<init>(ContactPage.java:14)
at Pages.ContactPage.<init>(ContactPage.java:14)
at Pages.ContactPage.<init>(ContactPage.java:14)
at Pages.ContactPage.<init>(ContactPage.java:14)
at Pages.ContactPage.<init>(ContactPage.java:14)
at Pages.ContactPage.<init>(ContactPage.java:14)
at Pages.ContactPage.<init>(ContactPage.java:14)
at Pages.ContactPage.<init>(ContactPage.java:14)
at Pages.ContactPage.<init>(ContactPage.java:14)
at Pages.ContactPage.<init>(ContactPage.java:14)
at Pages.ContactPage.<init>(ContactPage.java:14)
at Pages.ContactPage.<init>(ContactPage.java:14)
at Pages.ContactPage.<init>(ContactPage.java:14)
at Pages.ContactPage.<init>(ContactPage.java:14)
at Pages.ContactPage.<init>(ContactPage.java:14)
at Pages.ContactPage.<init>(ContactPage.java:14)
at Pages.ContactPage.<init>(ContactPage.java:14)
at Pages.ContactPage.<init>(ContactPage.java:14)
at Pages.ContactPage.<init>(ContactPage.java:14)
at Pages.ContactPage.<init>(ContactPage.java:14)
at Pages.ContactPage.<init>(ContactPage.java:14)
at Pages.ContactPage.<init>(ContactPage.java:14)
at Pages.ContactPage.<init>(ContactPage.java:14)
at Pages.ContactPage.<init>(ContactPage.java:14)
at Pages.ContactPage.<init>(ContactPage.java:14)
at Pages.ContactPage.<init>(ContactPage.java:14)
at Pages.ContactPage.<init>(ContactPage.java:14)
at Pages.ContactPage.<init>(ContactPage.java:14)
at Pages.ContactPage.<init>(ContactPage.java:14)
at Pages.ContactPage.<init>(ContactPage.java:14)
at Pages.ContactPage.<init>(ContactPage.java:14)
at Pages.ContactPage.<init>(ContactPage.java:14)
at Pages.ContactPage.<init>(ContactPage.java:14)
at Pages.ContactPage.<init>(ContactPage.java:14)
at Pages.ContactPage.<init>(ContactPage.java:14)
at Pages.ContactPage.<init>(ContactPage.java:14)
at Pages.ContactPage.<init>(ContactPage.java:14)
at Pages.ContactPage.<init>(ContactPage.java:14)
at Pages.ContactPage.<init>(ContactPage.java:14)
at Pages.ContactPage.<init>(ContactPage.java:14)
at Pages.ContactPage.<init>(ContactPage.java:14)
at Pages.ContactPage.<init>(ContactPage.java:14)
at Pages.ContactPage.<init>(ContactPage.java:14)
at Pages.ContactPage.<init>(ContactPage.java:14)
at Pages.ContactPage.<init>(ContactPage.java:14)
at Pages.ContactPage.<init>(ContactPage.java:14)
at Pages.ContactPage.<init>(ContactPage.java:14)
at Pages.ContactPage.<init>(ContactPage.java:14)
at Pages.ContactPage.<init>(ContactPage.java:14)
at Pages.ContactPage.<init>(ContactPage.java:14)
at Pages.ContactPage.<init>(ContactPage.java:14)
at Pages.ContactPage.<init>(ContactPage.java:14)
at Pages.ContactPage.<init>(ContactPage.java:14)
at Pages.ContactPage.<init>(ContactPage.java:14)
at Pages.ContactPage.<init>(ContactPage.java:14)
at Pages.ContactPage.<init>(ContactPage.java:14)
at Pages.ContactPage.<init>(ContactPage.java:14)
at Pages.ContactPage.<init>(ContactPage.java:14)
at Pages.ContactPage.<init>(ContactPage.java:14)
at Pages.ContactPage.<init>(ContactPage.java:14)
at Pages.ContactPage.<init>(ContactPage.java:14)
at Pages.ContactPage.<init>(ContactPage.java:14)
at Pages.ContactPage.<init>(ContactPage.java:14)
at Pages.ContactPage.<init>(ContactPage.java:14)
at Pages.ContactPage.<init>(ContactPage.java:14)
at Pages.ContactPage.<init>(ContactPage.java:14)
at Pages.ContactPage.<init>(ContactPage.java:14)
at Pages.ContactPage.<init>(ContactPage.java:14)
at Pages.ContactPage.<init>(ContactPage.java:14)
at Pages.ContactPage.<init>(ContactPage.java:14)
at Pages.ContactPage.<init>(ContactPage.java:14)
at Pages.ContactPage.<init>(ContactPage.java:14)
at Pages.ContactPage.<init>(ContactPage.java:14)
at Pages.ContactPage.<init>(ContactPage.java:14)
at Pages.ContactPage.<init>(ContactPage.java:14)
at Pages.ContactPage.<init>(ContactPage.java:14)
at Pages.ContactPage.<init>(ContactPage.java:14)
at Pages.ContactPage.<init>(ContactPage.java:14)
at Pages.ContactPage.<init>(ContactPage.java:14)
at Pages.ContactPage.<init>(ContactPage.java:14)
at Pages.ContactPage.<init>(ContactPage.java:14)
at Pages.ContactPage.<init>(ContactPage.java:14)
at Pages.ContactPage.<init>(ContactPage.java:14)
at Pages.ContactPage.<init>(ContactPage.java:14)
at Pages.ContactPage.<init>(ContactPage.java:14)
at Pages.ContactPage.<init>(ContactPage.java:14)
at Pages.ContactPage.<init>(ContactPage.java:14)
at Pages.ContactPage.<init>(ContactPage.java:14)
at Pages.ContactPage.<init>(ContactPage.java:14)
at Pages.ContactPage.<init>(ContactPage.java:14)
at Pages.ContactPage.<init>(ContactPage.java:14)
at Pages.ContactPage.<init>(ContactPage.java:14)
at Pages.ContactPage.<init>(ContactPage.java:14)
at Pages.ContactPage.<init>(ContactPage.java:14)
at Pages.ContactPage.<init>(ContactPage.java:14)
at Pages.ContactPage.<init>(ContactPage.java:14)
at Pages.ContactPage.<init>(ContactPage.java:14)
at Pages.ContactPage.<init>(ContactPage.java:14)
at Pages.ContactPage.<init>(ContactPage.java:14)
at Pages.ContactPage.<init>(ContactPage.java:14)
at Pages.ContactPage.<init>(ContactPage.java:14)
at Pages.ContactPage.<init>(ContactPage.java:14)
at Pages.ContactPage.<init>(ContactPage.java:14)
at Pages.ContactPage.<init>(ContactPage.java:14)
at Pages.ContactPage.<init>(ContactPage.java:14)
at Pages.ContactPage.<init>(ContactPage.java:14)
at Pages.ContactPage.<init>(ContactPage.java:14)
at Pages.ContactPage.<init>(ContactPage.java:14)
at Pages.ContactPage.<init>(ContactPage.java:14)
at Pages.ContactPage.<init>(ContactPage.java:14)
at Pages.ContactPage.<init>(ContactPage.java:14)
at Pages.ContactPage.<init>(ContactPage.java:14)
at Pages.ContactPage.<init>(ContactPage.java:14)
at Pages.ContactPage.<init>(ContactPage.java:14)
at Pages.ContactPage.<init>(ContactPage.java:14)
at Pages.ContactPage.<init>(ContactPage.java:14)
at Pages.ContactPage.<init>(ContactPage.java:14)
at Pages.ContactPage.<init>(ContactPage.java:14)
at Pages.ContactPage.<init>(ContactPage.java:14)
at Pages.ContactPage.<init>(ContactPage.java:14)
at Pages.ContactPage.<init>(ContactPage.java:14)
at Pages.ContactPage.<init>(ContactPage.java:14)
at Pages.ContactPage.<init>(ContactPage.java:14)
at Pages.ContactPage.<init>(ContactPage.java:14)
at Pages.ContactPage.<init>(ContactPage.java:14)
at Pages.ContactPage.<init>(ContactPage.java:14)
at Pages.ContactPage.<init>(ContactPage.java:14)
at Pages.ContactPage.<init>(ContactPage.java:14)
at Pages.ContactPage.<init>(ContactPage.java:14)
at Pages.ContactPage.<init>(ContactPage.java:14)
at Pages.ContactPage.<init>(ContactPage.java:14)
at Pages.ContactPage.<init>(ContactPage.java:14)
at Pages.ContactPage.<init>(ContactPage.java:14)
at Pages.ContactPage.<init>(ContactPage.java:14)
at Pages.ContactPage.<init>(ContactPage.java:14)
at Pages.ContactPage.<init>(ContactPage.java:14)
at Pages.ContactPage.<init>(ContactPage.java:14)
at Pages.ContactPage.<init>(ContactPage.java:14)
at Pages.ContactPage.<init>(ContactPage.java:14)
at Pages.ContactPage.<init>(ContactPage.java:14)
at Pages.ContactPage.<init>(ContactPage.java:14)
at Pages.ContactPage.<init>(ContactPage.java:14)
at Pages.ContactPage.<init>(ContactPage.java:14)
at Pages.ContactPage.<init>(ContactPage.java:14)
at Pages.ContactPage.<init>(ContactPage.java:14)
at Pages.ContactPage.<init>(ContactPage.java:14)
at Pages.ContactPage.<init>(ContactPage.java:14)
at Pages.ContactPage.<init>(ContactPage.java:14)
at Pages.ContactPage.<init>(ContactPage.java:14)
at Pages.ContactPage.<init>(ContactPage.java:14)
at Pages.ContactPage.<init>(ContactPage.java:14)
at Pages.ContactPage.<init>(ContactPage.java:14)
at Pages.ContactPage.<init>(ContactPage.java:14)
at Pages.ContactPage.<init>(ContactPage.java:14)
at Pages.ContactPage.<init>(ContactPage.java:14)
at Pages.ContactPage.<init>(ContactPage.java:14)
at Pages.ContactPage.<init>(ContactPage.java:14)
at Pages.ContactPage.<init>(ContactPage.java:14)
at Pages.ContactPage.<init>(ContactPage.java:14)
at Pages.ContactPage.<init>(ContactPage.java:14)
at Pages.ContactPage.<init>(ContactPage.java:14)
at Pages.ContactPage.<init>(ContactPage.java:14)
at Pages.ContactPage.<init>(ContactPage.java:14)
at Pages.ContactPage.<init>(ContactPage.java:14)
at Pages.ContactPage.<init>(ContactPage.java:14)
at Pages.ContactPage.<init>(ContactPage.java:14)
at Pages.ContactPage.<init>(ContactPage.java:14)
at Pages.ContactPage.<init>(ContactPage.java:14)
at Pages.ContactPage.<init>(ContactPage.java:14)
at Pages.ContactPage.<init>(ContactPage.java:14)
at Pages.ContactPage.<init>(ContactPage.java:14)
at Pages.ContactPage.<init>(ContactPage.java:14)
at Pages.ContactPage.<init>(ContactPage.java:14)
at Pages.ContactPage.<init>(ContactPage.java:14)
at Pages.ContactPage.<init>(ContactPage.java:14)
at Pages.ContactPage.<init>(ContactPage.java:14)
at Pages.ContactPage.<init>(ContactPage.java:14)
at Pages.ContactPage.<init>(ContactPage.java:14)
at Pages.ContactPage.<init>(ContactPage.java:14)
at Pages.ContactPage.<init>(ContactPage.java:14)
at Pages.ContactPage.<init>(ContactPage.java:14)
at Pages.ContactPage.<init>(ContactPage.java:14)
at Pages.ContactPage.<init>(ContactPage.java:14)
at Pages.ContactPage.<init>(ContactPage.java:14)
at Pages.ContactPage.<init>(ContactPage.java:14)
at Pages.ContactPage.<init>(ContactPage.java:14)
at Pages.ContactPage.<init>(ContactPage.java:14)
at Pages.ContactPage.<init>(ContactPage.java:14)
at Pages.ContactPage.<init>(ContactPage.java:14)
at Pages.ContactPage.<init>(ContactPage.java:14)
at Pages.ContactPage.<init>(ContactPage.java:14)
at Pages.ContactPage.<init>(ContactPage.java:14)
at Pages.ContactPage.<init>(ContactPage.java:14)
at Pages.ContactPage.<init>(ContactPage.java:14)
at Pages.ContactPage.<init>(ContactPage.java:14)
at Pages.ContactPage.<init>(ContactPage.java:14)
at Pages.ContactPage.<init>(ContactPage.java:14)
at Pages.ContactPage.<init>(ContactPage.java:14)
at Pages.ContactPage.<init>(ContactPage.java:14)
at Pages.ContactPage.<init>(ContactPage.java:14)
at Pages.ContactPage.<init>(ContactPage.java:14)
at Pages.ContactPage.<init>(ContactPage.java:14)
at Pages.ContactPage.<init>(ContactPage.java:14)
at Pages.ContactPage.<init>(ContactPage.java:14)
at Pages.ContactPage.<init>(ContactPage.java:14)
at Pages.ContactPage.<init>(ContactPage.java:14)
at Pages.ContactPage.<init>(ContactPage.java:14)
at Pages.ContactPage.<init>(ContactPage.java:14)
]]>
            </full-stacktrace>
          </exception> <!-- java.lang.StackOverflowError -->
          <reporter-output>
          </reporter-output>
        </test-method> <!-- login -->
        <test-method is-config="true" signature="afterMethod()[pri:0, instance:Testcases.NewTest@31bcf236]" started-at="2021-10-19T10:11:57 EDT" name="afterMethod" finished-at="1969-12-31T19:00:00 EST" duration-ms="-1634652717026" status="SKIP">
          <reporter-output>
          </reporter-output>
        </test-method> <!-- afterMethod -->
      </class> <!-- Testcases.NewTest -->
      <class name="Testcases.HomePageTest">
        <test-method is-config="true" signature="beforeMethod()[pri:0, instance:Testcases.HomePageTest@39655d3e]" started-at="2021-10-19T10:07:59 EDT" name="beforeMethod" finished-at="2021-10-19T10:08:19 EDT" duration-ms="19891" status="PASS">
          <reporter-output>
          </reporter-output>
        </test-method> <!-- beforeMethod -->
        <test-method signature="ValidatedressesLink()[pri:0, instance:Testcases.HomePageTest@39655d3e]" started-at="2021-10-19T10:08:19 EDT" name="ValidatedressesLink" finished-at="2021-10-19T10:08:19 EDT" duration-ms="182" status="PASS">
          <reporter-output>
          </reporter-output>
        </test-method> <!-- ValidatedressesLink -->
        <test-method is-config="true" signature="afterMethod()[pri:0, instance:Testcases.HomePageTest@39655d3e]" started-at="2021-10-19T10:08:19 EDT" name="afterMethod" finished-at="2021-10-19T10:08:23 EDT" duration-ms="3372" status="PASS">
          <reporter-output>
          </reporter-output>
        </test-method> <!-- afterMethod -->
        <test-method is-config="true" signature="beforeMethod()[pri:0, instance:Testcases.HomePageTest@39655d3e]" started-at="2021-10-19T10:08:23 EDT" name="beforeMethod" finished-at="2021-10-19T10:08:36 EDT" duration-ms="13355" status="PASS">
          <reporter-output>
          </reporter-output>
        </test-method> <!-- beforeMethod -->
        <test-method signature="Validatewomenlink()[pri:0, instance:Testcases.HomePageTest@39655d3e]" started-at="2021-10-19T10:08:36 EDT" name="Validatewomenlink" finished-at="2021-10-19T10:08:36 EDT" duration-ms="87" status="PASS">
          <reporter-output>
          </reporter-output>
        </test-method> <!-- Validatewomenlink -->
        <test-method is-config="true" signature="afterMethod()[pri:0, instance:Testcases.HomePageTest@39655d3e]" started-at="2021-10-19T10:08:36 EDT" name="afterMethod" finished-at="2021-10-19T10:08:38 EDT" duration-ms="2055" status="PASS">
          <reporter-output>
          </reporter-output>
        </test-method> <!-- afterMethod -->
        <test-method is-config="true" signature="beforeMethod()[pri:0, instance:Testcases.HomePageTest@39655d3e]" started-at="2021-10-19T10:08:38 EDT" name="beforeMethod" finished-at="2021-10-19T10:08:51 EDT" duration-ms="12609" status="PASS">
          <reporter-output>
          </reporter-output>
        </test-method> <!-- beforeMethod -->
        <test-method signature="Validate_tshirtsLink()[pri:0, instance:Testcases.HomePageTest@39655d3e]" started-at="2021-10-19T10:08:51 EDT" name="Validate_tshirtsLink" finished-at="2021-10-19T10:08:51 EDT" depends-on-methods="Testcases.HomePageTest.ValidatedressesLink" duration-ms="626" status="PASS">
          <reporter-output>
          </reporter-output>
        </test-method> <!-- Validate_tshirtsLink -->
        <test-method is-config="true" signature="afterMethod()[pri:0, instance:Testcases.HomePageTest@39655d3e]" started-at="2021-10-19T10:08:51 EDT" name="afterMethod" finished-at="2021-10-19T10:10:09 EDT" duration-ms="78018" status="PASS">
          <reporter-output>
          </reporter-output>
        </test-method> <!-- afterMethod -->
      </class> <!-- Testcases.HomePageTest -->
    </test> <!-- Test -->
  </suite> <!-- Suite -->
</testng-results>
