<?xml version="1.0" encoding="UTF-8"?>
<testng-results ignored="0" total="13" passed="12" failed="1" skipped="0">
  <reporter-output>
  </reporter-output>
  <suite started-at="2021-07-27T23:32:02 EDT" name="Suite" finished-at="2021-07-27T23:37:56 EDT" duration-ms="353824">
    <groups>
    </groups>
    <test started-at="2021-07-27T23:32:02 EDT" name="Test" finished-at="2021-07-27T23:37:56 EDT" duration-ms="353824">
      <class name="Testcases.New_ContactTest">
        <test-method is-config="true" signature="beforemethod()[pri:0, instance:Testcases.New_ContactTest@e19bb76]" started-at="2021-07-27T23:33:47 EDT" name="beforemethod" finished-at="2021-07-27T23:34:02 EDT" duration-ms="14924" status="PASS">
          <reporter-output>
          </reporter-output>
        </test-method> <!-- beforemethod -->
        <test-method signature="fillalldetails(java.lang.String,java.lang.String,java.lang.String)[pri:0, instance:Testcases.New_ContactTest@e19bb76]" started-at="2021-07-27T23:34:02 EDT" name="fillalldetails" data-provider="data" finished-at="2021-07-27T23:34:20 EDT" duration-ms="17986" status="PASS">
          <params>
            <param index="0">
              <value>
                <![CDATA[Maharaja]]>
              </value>
            </param>
            <param index="1">
              <value>
                <![CDATA[pratap]]>
              </value>
            </param>
            <param index="2">
              <value>
                <![CDATA[twosss]]>
              </value>
            </param>
          </params>
          <reporter-output>
          </reporter-output>
        </test-method> <!-- fillalldetails -->
        <test-method is-config="true" signature="aftermethod()[pri:0, instance:Testcases.New_ContactTest@e19bb76]" started-at="2021-07-27T23:34:20 EDT" name="aftermethod" finished-at="2021-07-27T23:34:22 EDT" duration-ms="1893" status="PASS">
          <reporter-output>
          </reporter-output>
        </test-method> <!-- aftermethod -->
        <test-method is-config="true" signature="beforemethod()[pri:0, instance:Testcases.New_ContactTest@e19bb76]" started-at="2021-07-27T23:34:22 EDT" name="beforemethod" finished-at="2021-07-27T23:34:34 EDT" duration-ms="12381" status="PASS">
          <reporter-output>
          </reporter-output>
        </test-method> <!-- beforemethod -->
        <test-method signature="fillalldetails(java.lang.String,java.lang.String,java.lang.String)[pri:0, instance:Testcases.New_ContactTest@e19bb76]" started-at="2021-07-27T23:34:34 EDT" name="fillalldetails" data-provider="data" finished-at="2021-07-27T23:34:46 EDT" duration-ms="11457" status="PASS">
          <params>
            <param index="0">
              <value>
                <![CDATA[Paul]]>
              </value>
            </param>
            <param index="1">
              <value>
                <![CDATA[patel]]>
              </value>
            </param>
            <param index="2">
              <value>
                <![CDATA[tqo11]]>
              </value>
            </param>
          </params>
          <reporter-output>
          </reporter-output>
        </test-method> <!-- fillalldetails -->
        <test-method is-config="true" signature="aftermethod()[pri:0, instance:Testcases.New_ContactTest@e19bb76]" started-at="2021-07-27T23:34:46 EDT" name="aftermethod" finished-at="2021-07-27T23:34:48 EDT" duration-ms="1698" status="PASS">
          <reporter-output>
          </reporter-output>
        </test-method> <!-- aftermethod -->
        <test-method is-config="true" signature="beforemethod()[pri:0, instance:Testcases.New_ContactTest@e19bb76]" started-at="2021-07-27T23:34:48 EDT" name="beforemethod" finished-at="2021-07-27T23:35:01 EDT" duration-ms="12925" status="PASS">
          <reporter-output>
          </reporter-output>
        </test-method> <!-- beforemethod -->
        <test-method signature="fillalldetails(java.lang.String,java.lang.String,java.lang.String)[pri:0, instance:Testcases.New_ContactTest@e19bb76]" started-at="2021-07-27T23:35:01 EDT" name="fillalldetails" data-provider="data" finished-at="2021-07-27T23:35:17 EDT" duration-ms="16556" status="PASS">
          <params>
            <param index="0">
              <value>
                <![CDATA[Alok]]>
              </value>
            </param>
            <param index="1">
              <value>
                <![CDATA[shah]]>
              </value>
            </param>
            <param index="2">
              <value>
                <![CDATA[dqwdq]]>
              </value>
            </param>
          </params>
          <reporter-output>
          </reporter-output>
        </test-method> <!-- fillalldetails -->
        <test-method is-config="true" signature="aftermethod()[pri:0, instance:Testcases.New_ContactTest@e19bb76]" started-at="2021-07-27T23:35:17 EDT" name="aftermethod" finished-at="2021-07-27T23:35:19 EDT" duration-ms="2072" status="PASS">
          <reporter-output>
          </reporter-output>
        </test-method> <!-- aftermethod -->
        <test-method is-config="true" signature="beforemethod()[pri:0, instance:Testcases.New_ContactTest@e19bb76]" started-at="2021-07-27T23:35:19 EDT" name="beforemethod" finished-at="2021-07-27T23:35:33 EDT" duration-ms="14234" status="PASS">
          <reporter-output>
          </reporter-output>
        </test-method> <!-- beforemethod -->
        <test-method signature="fillalldetails(java.lang.String,java.lang.String,java.lang.String)[pri:0, instance:Testcases.New_ContactTest@e19bb76]" started-at="2021-07-27T23:35:33 EDT" name="fillalldetails" data-provider="data" finished-at="2021-07-27T23:35:46 EDT" duration-ms="12435" status="PASS">
          <params>
            <param index="0">
              <value>
                <![CDATA[Jugraj]]>
              </value>
            </param>
            <param index="1">
              <value>
                <![CDATA[thakur]]>
              </value>
            </param>
            <param index="2">
              <value>
                <![CDATA[awd]]>
              </value>
            </param>
          </params>
          <reporter-output>
          </reporter-output>
        </test-method> <!-- fillalldetails -->
        <test-method is-config="true" signature="aftermethod()[pri:0, instance:Testcases.New_ContactTest@e19bb76]" started-at="2021-07-27T23:35:46 EDT" name="aftermethod" finished-at="2021-07-27T23:35:48 EDT" duration-ms="1968" status="PASS">
          <reporter-output>
          </reporter-output>
        </test-method> <!-- aftermethod -->
        <test-method is-config="true" signature="beforemethod()[pri:0, instance:Testcases.New_ContactTest@e19bb76]" started-at="2021-07-27T23:35:48 EDT" name="beforemethod" finished-at="2021-07-27T23:36:01 EDT" duration-ms="13376" status="PASS">
          <reporter-output>
          </reporter-output>
        </test-method> <!-- beforemethod -->
        <test-method signature="fillalldetails(java.lang.String,java.lang.String,java.lang.String)[pri:0, instance:Testcases.New_ContactTest@e19bb76]" started-at="2021-07-27T23:36:01 EDT" name="fillalldetails" data-provider="data" finished-at="2021-07-27T23:36:14 EDT" duration-ms="13089" status="PASS">
          <params>
            <param index="0">
              <value>
                <![CDATA[Selenium]]>
              </value>
            </param>
            <param index="1">
              <value>
                <![CDATA[thij]]>
              </value>
            </param>
            <param index="2">
              <value>
                <![CDATA[ad]]>
              </value>
            </param>
          </params>
          <reporter-output>
          </reporter-output>
        </test-method> <!-- fillalldetails -->
        <test-method is-config="true" signature="aftermethod()[pri:0, instance:Testcases.New_ContactTest@e19bb76]" started-at="2021-07-27T23:36:14 EDT" name="aftermethod" finished-at="2021-07-27T23:36:20 EDT" duration-ms="5921" status="PASS">
          <reporter-output>
          </reporter-output>
        </test-method> <!-- aftermethod -->
        <test-method is-config="true" signature="beforemethod()[pri:0, instance:Testcases.New_ContactTest@e19bb76]" started-at="2021-07-27T23:36:20 EDT" name="beforemethod" finished-at="2021-07-27T23:36:35 EDT" duration-ms="14852" status="PASS">
          <reporter-output>
          </reporter-output>
        </test-method> <!-- beforemethod -->
        <test-method signature="fillalldetails(java.lang.String,java.lang.String,java.lang.String)[pri:0, instance:Testcases.New_ContactTest@e19bb76]" started-at="2021-07-27T23:36:35 EDT" name="fillalldetails" data-provider="data" finished-at="2021-07-27T23:36:50 EDT" duration-ms="15121" status="PASS">
          <params>
            <param index="0">
              <value>
                <![CDATA[Automation]]>
              </value>
            </param>
            <param index="1">
              <value>
                <![CDATA[ad]]>
              </value>
            </param>
            <param index="2">
              <value>
                <![CDATA[ad]]>
              </value>
            </param>
          </params>
          <reporter-output>
          </reporter-output>
        </test-method> <!-- fillalldetails -->
        <test-method is-config="true" signature="aftermethod()[pri:0, instance:Testcases.New_ContactTest@e19bb76]" started-at="2021-07-27T23:36:50 EDT" name="aftermethod" finished-at="2021-07-27T23:36:52 EDT" duration-ms="2126" status="PASS">
          <reporter-output>
          </reporter-output>
        </test-method> <!-- aftermethod -->
        <test-method is-config="true" signature="beforemethod()[pri:0, instance:Testcases.New_ContactTest@e19bb76]" started-at="2021-07-27T23:36:52 EDT" name="beforemethod" finished-at="2021-07-27T23:37:09 EDT" duration-ms="16377" status="PASS">
          <reporter-output>
          </reporter-output>
        </test-method> <!-- beforemethod -->
        <test-method signature="filldetails()[pri:0, instance:Testcases.New_ContactTest@e19bb76]" started-at="2021-07-27T23:37:09 EDT" name="filldetails" finished-at="2021-07-27T23:37:09 EDT" duration-ms="23" status="FAIL">
          <exception class="org.openqa.selenium.NoSuchSessionException">
            <message>
              <![CDATA[Session ID is null. Using WebDriver after calling quit()?
Build info: version: '3.141.59', revision: 'e82be7d358', time: '2018-11-14T08:25:53'
System info: host: 'DESKTOP-TTB3E54', ip: '192.168.186.1', os.name: 'Windows 10', os.arch: 'amd64', os.version: '10.0', java.version: '11.0.12'
Driver info: driver.version: RemoteWebDriver]]>
            </message>
            <full-stacktrace>
              <![CDATA[org.openqa.selenium.NoSuchSessionException: Session ID is null. Using WebDriver after calling quit()?
Build info: version: '3.141.59', revision: 'e82be7d358', time: '2018-11-14T08:25:53'
System info: host: 'DESKTOP-TTB3E54', ip: '192.168.186.1', os.name: 'Windows 10', os.arch: 'amd64', os.version: '10.0', java.version: '11.0.12'
Driver info: driver.version: RemoteWebDriver
at org.openqa.selenium.remote.HttpCommandExecutor.execute(HttpCommandExecutor.java:125)
at org.openqa.selenium.remote.service.DriverCommandExecutor.execute(DriverCommandExecutor.java:83)
at org.openqa.selenium.remote.RemoteWebDriver.execute(RemoteWebDriver.java:552)
at org.openqa.selenium.remote.RemoteWebDriver.findElement(RemoteWebDriver.java:323)
at org.openqa.selenium.remote.RemoteWebDriver.findElementByCssSelector(RemoteWebDriver.java:420)
at org.openqa.selenium.By$ByCssSelector.findElement(By.java:431)
at org.openqa.selenium.remote.RemoteWebDriver.findElement(RemoteWebDriver.java:315)
at org.openqa.selenium.support.pagefactory.DefaultElementLocator.findElement(DefaultElementLocator.java:69)
at org.openqa.selenium.support.pagefactory.internal.LocatingElementHandler.invoke(LocatingElementHandler.java:38)
at com.sun.proxy.$Proxy12.click(Unknown Source)
at Pages.ContactPage.verifydetailspage(ContactPage.java:50)
at Testcases.New_ContactTest.filldetails(New_ContactTest.java:102)
at java.base/jdk.internal.reflect.NativeMethodAccessorImpl.invoke0(Native Method)
at java.base/jdk.internal.reflect.NativeMethodAccessorImpl.invoke(NativeMethodAccessorImpl.java:62)
at java.base/jdk.internal.reflect.DelegatingMethodAccessorImpl.invoke(DelegatingMethodAccessorImpl.java:43)
at java.base/java.lang.reflect.Method.invoke(Method.java:566)
at org.testng.internal.MethodInvocationHelper.invokeMethod(MethodInvocationHelper.java:133)
at org.testng.internal.TestInvoker.invokeMethod(TestInvoker.java:598)
at org.testng.internal.TestInvoker.invokeTestMethod(TestInvoker.java:173)
at org.testng.internal.MethodRunner.runInSequence(MethodRunner.java:46)
at org.testng.internal.TestInvoker$MethodInvocationAgent.invoke(TestInvoker.java:824)
at org.testng.internal.TestInvoker.invokeTestMethods(TestInvoker.java:146)
at org.testng.internal.TestMethodWorker.invokeTestMethods(TestMethodWorker.java:146)
at org.testng.internal.TestMethodWorker.run(TestMethodWorker.java:128)
at java.base/java.util.ArrayList.forEach(ArrayList.java:1541)
at org.testng.TestRunner.privateRun(TestRunner.java:794)
at org.testng.TestRunner.run(TestRunner.java:596)
at org.testng.SuiteRunner.runTest(SuiteRunner.java:377)
at org.testng.SuiteRunner.runSequentially(SuiteRunner.java:371)
at org.testng.SuiteRunner.privateRun(SuiteRunner.java:332)
at org.testng.SuiteRunner.run(SuiteRunner.java:276)
at org.testng.SuiteRunnerWorker.runSuite(SuiteRunnerWorker.java:53)
at org.testng.SuiteRunnerWorker.run(SuiteRunnerWorker.java:96)
at org.testng.TestNG.runSuitesSequentially(TestNG.java:1212)
at org.testng.TestNG.runSuitesLocally(TestNG.java:1134)
at org.testng.TestNG.runSuites(TestNG.java:1063)
at org.testng.TestNG.run(TestNG.java:1031)
at org.testng.remote.AbstractRemoteTestNG.run(AbstractRemoteTestNG.java:115)
at org.testng.remote.RemoteTestNG.initAndRun(RemoteTestNG.java:251)
at org.testng.remote.RemoteTestNG.main(RemoteTestNG.java:77)
]]>
            </full-stacktrace>
          </exception> <!-- org.openqa.selenium.NoSuchSessionException -->
          <reporter-output>
          </reporter-output>
        </test-method> <!-- filldetails -->
        <test-method is-config="true" signature="aftermethod()[pri:0, instance:Testcases.New_ContactTest@e19bb76]" started-at="2021-07-27T23:37:09 EDT" name="aftermethod" finished-at="2021-07-27T23:37:12 EDT" duration-ms="3754" status="PASS">
          <reporter-output>
          </reporter-output>
        </test-method> <!-- aftermethod -->
        <test-method is-config="true" signature="beforemethod()[pri:0, instance:Testcases.New_ContactTest@e19bb76]" started-at="2021-07-27T23:37:12 EDT" name="beforemethod" finished-at="2021-07-27T23:37:32 EDT" duration-ms="19190" status="PASS">
          <reporter-output>
          </reporter-output>
        </test-method> <!-- beforemethod -->
        <test-method signature="verifyincompletedetails()[pri:0, instance:Testcases.New_ContactTest@e19bb76]" started-at="2021-07-27T23:37:32 EDT" name="verifyincompletedetails" finished-at="2021-07-27T23:37:51 EDT" duration-ms="19163" status="PASS">
          <reporter-output>
          </reporter-output>
        </test-method> <!-- verifyincompletedetails -->
        <test-method is-config="true" signature="aftermethod()[pri:0, instance:Testcases.New_ContactTest@e19bb76]" started-at="2021-07-27T23:37:51 EDT" name="aftermethod" finished-at="2021-07-27T23:37:56 EDT" duration-ms="4886" status="PASS">
          <reporter-output>
          </reporter-output>
        </test-method> <!-- aftermethod -->
      </class> <!-- Testcases.New_ContactTest -->
      <class name="Testcases.NewTest">
        <test-method is-config="true" signature="beforeMethod()[pri:0, instance:Testcases.NewTest@18a136ac]" started-at="2021-07-27T23:32:50 EDT" name="beforeMethod" finished-at="2021-07-27T23:33:06 EDT" duration-ms="16345" status="PASS">
          <reporter-output>
          </reporter-output>
        </test-method> <!-- beforeMethod -->
        <test-method signature="Validate_wrongemail()[pri:0, instance:Testcases.NewTest@18a136ac]" started-at="2021-07-27T23:33:06 EDT" name="Validate_wrongemail" finished-at="2021-07-27T23:33:21 EDT" duration-ms="15086" status="PASS">
          <reporter-output>
          </reporter-output>
        </test-method> <!-- Validate_wrongemail -->
        <test-method is-config="true" signature="afterMethod()[pri:0, instance:Testcases.NewTest@18a136ac]" started-at="2021-07-27T23:33:21 EDT" name="afterMethod" finished-at="2021-07-27T23:33:23 EDT" duration-ms="2107" status="PASS">
          <reporter-output>
          </reporter-output>
        </test-method> <!-- afterMethod -->
        <test-method is-config="true" signature="beforeMethod()[pri:0, instance:Testcases.NewTest@18a136ac]" started-at="2021-07-27T23:33:23 EDT" name="beforeMethod" finished-at="2021-07-27T23:33:38 EDT" duration-ms="14647" status="PASS">
          <reporter-output>
          </reporter-output>
        </test-method> <!-- beforeMethod -->
        <test-method signature="login()[pri:0, instance:Testcases.NewTest@18a136ac]" started-at="2021-07-27T23:33:38 EDT" name="login" finished-at="2021-07-27T23:33:45 EDT" duration-ms="7435" status="PASS">
          <reporter-output>
          </reporter-output>
        </test-method> <!-- login -->
        <test-method is-config="true" signature="afterMethod()[pri:0, instance:Testcases.NewTest@18a136ac]" started-at="2021-07-27T23:33:45 EDT" name="afterMethod" finished-at="2021-07-27T23:33:47 EDT" duration-ms="1747" status="PASS">
          <reporter-output>
          </reporter-output>
        </test-method> <!-- afterMethod -->
      </class> <!-- Testcases.NewTest -->
      <class name="Testcases.HomePageTest">
        <test-method is-config="true" signature="beforeMethod()[pri:0, instance:Testcases.HomePageTest@2631f68c]" started-at="2021-07-27T23:32:02 EDT" name="beforeMethod" finished-at="2021-07-27T23:32:16 EDT" duration-ms="13918" status="PASS">
          <reporter-output>
          </reporter-output>
        </test-method> <!-- beforeMethod -->
        <test-method signature="Validate_tshirtsLink()[pri:0, instance:Testcases.HomePageTest@2631f68c]" started-at="2021-07-27T23:32:16 EDT" name="Validate_tshirtsLink" finished-at="2021-07-27T23:32:16 EDT" duration-ms="229" status="PASS">
          <reporter-output>
          </reporter-output>
        </test-method> <!-- Validate_tshirtsLink -->
        <test-method is-config="true" signature="afterMethod()[pri:0, instance:Testcases.HomePageTest@2631f68c]" started-at="2021-07-27T23:32:16 EDT" name="afterMethod" finished-at="2021-07-27T23:32:19 EDT" duration-ms="2670" status="PASS">
          <reporter-output>
          </reporter-output>
        </test-method> <!-- afterMethod -->
        <test-method is-config="true" signature="beforeMethod()[pri:0, instance:Testcases.HomePageTest@2631f68c]" started-at="2021-07-27T23:32:19 EDT" name="beforeMethod" finished-at="2021-07-27T23:32:32 EDT" duration-ms="12908" status="PASS">
          <reporter-output>
          </reporter-output>
        </test-method> <!-- beforeMethod -->
        <test-method signature="ValidatedressesLink()[pri:0, instance:Testcases.HomePageTest@2631f68c]" started-at="2021-07-27T23:32:32 EDT" name="ValidatedressesLink" finished-at="2021-07-27T23:32:32 EDT" duration-ms="105" status="PASS">
          <reporter-output>
          </reporter-output>
        </test-method> <!-- ValidatedressesLink -->
        <test-method is-config="true" signature="afterMethod()[pri:0, instance:Testcases.HomePageTest@2631f68c]" started-at="2021-07-27T23:32:32 EDT" name="afterMethod" finished-at="2021-07-27T23:32:34 EDT" duration-ms="2588" status="PASS">
          <reporter-output>
          </reporter-output>
        </test-method> <!-- afterMethod -->
        <test-method is-config="true" signature="beforeMethod()[pri:0, instance:Testcases.HomePageTest@2631f68c]" started-at="2021-07-27T23:32:34 EDT" name="beforeMethod" finished-at="2021-07-27T23:32:47 EDT" duration-ms="12383" status="PASS">
          <reporter-output>
          </reporter-output>
        </test-method> <!-- beforeMethod -->
        <test-method signature="Validatewomenlink()[pri:0, instance:Testcases.HomePageTest@2631f68c]" started-at="2021-07-27T23:32:47 EDT" name="Validatewomenlink" finished-at="2021-07-27T23:32:47 EDT" duration-ms="82" status="PASS">
          <reporter-output>
          </reporter-output>
        </test-method> <!-- Validatewomenlink -->
        <test-method is-config="true" signature="afterMethod()[pri:0, instance:Testcases.HomePageTest@2631f68c]" started-at="2021-07-27T23:32:47 EDT" name="afterMethod" finished-at="2021-07-27T23:32:50 EDT" duration-ms="2765" status="PASS">
          <reporter-output>
          </reporter-output>
        </test-method> <!-- afterMethod -->
      </class> <!-- Testcases.HomePageTest -->
    </test> <!-- Test -->
  </suite> <!-- Suite -->
</testng-results>
